<?xml version="1.0" encoding="UTF-8"?>
<testsuite xmlns:xsi="http://www.w3.org/2001/XMLSchema-instance" xsi:noNamespaceSchemaLocation="https://maven.apache.org/surefire/maven-surefire-plugin/xsd/surefire-test-report.xsd" name="ru.otus.igorr.books.lesson12.service.author.AuthorServiceImplTest" time="15.375" tests="5" errors="5" skipped="0" failures="0">
  <properties>
    <property name="sun.desktop" value="windows"/>
    <property name="awt.toolkit" value="sun.awt.windows.WToolkit"/>
    <property name="java.specification.version" value="11"/>
    <property name="sun.cpu.isalist" value="amd64"/>
    <property name="sun.jnu.encoding" value="Cp1251"/>
    <property name="java.class.path" value="C:\Users\16726080\IdeaProjects\books\lesson12\target\test-classes;C:\Users\16726080\IdeaProjects\books\lesson12\target\classes;C:\Users\16726080\.m2\repository\org\springframework\boot\spring-boot-starter\2.1.3.RELEASE\spring-boot-starter-2.1.3.RELEASE.jar;C:\Users\16726080\.m2\repository\org\springframework\boot\spring-boot\2.1.3.RELEASE\spring-boot-2.1.3.RELEASE.jar;C:\Users\16726080\.m2\repository\org\springframework\spring-context\5.1.5.RELEASE\spring-context-5.1.5.RELEASE.jar;C:\Users\16726080\.m2\repository\org\springframework\boot\spring-boot-autoconfigure\2.1.3.RELEASE\spring-boot-autoconfigure-2.1.3.RELEASE.jar;C:\Users\16726080\.m2\repository\org\springframework\boot\spring-boot-starter-logging\2.1.3.RELEASE\spring-boot-starter-logging-2.1.3.RELEASE.jar;C:\Users\16726080\.m2\repository\ch\qos\logback\logback-classic\1.2.3\logback-classic-1.2.3.jar;C:\Users\16726080\.m2\repository\ch\qos\logback\logback-core\1.2.3\logback-core-1.2.3.jar;C:\Users\16726080\.m2\repository\org\apache\logging\log4j\log4j-to-slf4j\2.11.2\log4j-to-slf4j-2.11.2.jar;C:\Users\16726080\.m2\repository\org\apache\logging\log4j\log4j-api\2.11.2\log4j-api-2.11.2.jar;C:\Users\16726080\.m2\repository\org\slf4j\jul-to-slf4j\1.7.25\jul-to-slf4j-1.7.25.jar;C:\Users\16726080\.m2\repository\javax\annotation\javax.annotation-api\1.3.2\javax.annotation-api-1.3.2.jar;C:\Users\16726080\.m2\repository\org\springframework\spring-core\5.1.5.RELEASE\spring-core-5.1.5.RELEASE.jar;C:\Users\16726080\.m2\repository\org\springframework\spring-jcl\5.1.5.RELEASE\spring-jcl-5.1.5.RELEASE.jar;C:\Users\16726080\.m2\repository\org\yaml\snakeyaml\1.23\snakeyaml-1.23.jar;C:\Users\16726080\.m2\repository\org\springframework\boot\spring-boot-starter-test\2.1.3.RELEASE\spring-boot-starter-test-2.1.3.RELEASE.jar;C:\Users\16726080\.m2\repository\org\springframework\boot\spring-boot-test\2.1.3.RELEASE\spring-boot-test-2.1.3.RELEASE.jar;C:\Users\16726080\.m2\repository\org\springframework\boot\spring-boot-test-autoconfigure\2.1.3.RELEASE\spring-boot-test-autoconfigure-2.1.3.RELEASE.jar;C:\Users\16726080\.m2\repository\com\jayway\jsonpath\json-path\2.4.0\json-path-2.4.0.jar;C:\Users\16726080\.m2\repository\net\minidev\json-smart\2.3\json-smart-2.3.jar;C:\Users\16726080\.m2\repository\net\minidev\accessors-smart\1.2\accessors-smart-1.2.jar;C:\Users\16726080\.m2\repository\org\ow2\asm\asm\5.0.4\asm-5.0.4.jar;C:\Users\16726080\.m2\repository\org\slf4j\slf4j-api\1.7.25\slf4j-api-1.7.25.jar;C:\Users\16726080\.m2\repository\junit\junit\4.12\junit-4.12.jar;C:\Users\16726080\.m2\repository\org\assertj\assertj-core\3.11.1\assertj-core-3.11.1.jar;C:\Users\16726080\.m2\repository\org\hamcrest\hamcrest-core\1.3\hamcrest-core-1.3.jar;C:\Users\16726080\.m2\repository\org\hamcrest\hamcrest-library\1.3\hamcrest-library-1.3.jar;C:\Users\16726080\.m2\repository\org\skyscreamer\jsonassert\1.5.0\jsonassert-1.5.0.jar;C:\Users\16726080\.m2\repository\com\vaadin\external\google\android-json\0.0.20131108.vaadin1\android-json-0.0.20131108.vaadin1.jar;C:\Users\16726080\.m2\repository\org\springframework\spring-test\5.1.5.RELEASE\spring-test-5.1.5.RELEASE.jar;C:\Users\16726080\.m2\repository\org\xmlunit\xmlunit-core\2.6.2\xmlunit-core-2.6.2.jar;C:\Users\16726080\.m2\repository\org\springframework\shell\spring-shell-starter\2.0.1.RELEASE\spring-shell-starter-2.0.1.RELEASE.jar;C:\Users\16726080\.m2\repository\org\springframework\shell\spring-shell-core\2.0.1.RELEASE\spring-shell-core-2.0.1.RELEASE.jar;C:\Users\16726080\.m2\repository\org\springframework\boot\spring-boot-starter-validation\2.1.3.RELEASE\spring-boot-starter-validation-2.1.3.RELEASE.jar;C:\Users\16726080\.m2\repository\org\apache\tomcat\embed\tomcat-embed-el\9.0.16\tomcat-embed-el-9.0.16.jar;C:\Users\16726080\.m2\repository\org\hibernate\validator\hibernate-validator\6.0.14.Final\hibernate-validator-6.0.14.Final.jar;C:\Users\16726080\.m2\repository\javax\validation\validation-api\2.0.1.Final\validation-api-2.0.1.Final.jar;C:\Users\16726080\.m2\repository\org\jline\jline\3.4.0\jline-3.4.0.jar;C:\Users\16726080\.m2\repository\org\jline\jline-terminal-jna\3.4.0\jline-terminal-jna-3.4.0.jar;C:\Users\16726080\.m2\repository\org\jline\jline-terminal\3.4.0\jline-terminal-3.4.0.jar;C:\Users\16726080\.m2\repository\org\springframework\shell\spring-shell-standard\2.0.1.RELEASE\spring-shell-standard-2.0.1.RELEASE.jar;C:\Users\16726080\.m2\repository\org\springframework\shell\spring-shell-standard-commands\2.0.1.RELEASE\spring-shell-standard-commands-2.0.1.RELEASE.jar;C:\Users\16726080\.m2\repository\org\springframework\shell\spring-shell-shell1-adapter\2.0.1.RELEASE\spring-shell-shell1-adapter-2.0.1.RELEASE.jar;C:\Users\16726080\.m2\repository\org\springframework\shell\spring-shell-jcommander-adapter\2.0.1.RELEASE\spring-shell-jcommander-adapter-2.0.1.RELEASE.jar;C:\Users\16726080\.m2\repository\org\springframework\shell\spring-shell-table\2.0.1.RELEASE\spring-shell-table-2.0.1.RELEASE.jar;C:\Users\16726080\.m2\repository\org\springframework\spring-beans\5.1.5.RELEASE\spring-beans-5.1.5.RELEASE.jar;C:\Users\16726080\.m2\repository\org\projectlombok\lombok\1.18.4\lombok-1.18.4.jar;C:\Users\16726080\.m2\repository\org\springframework\boot\spring-boot-starter-data-jpa\2.1.3.RELEASE\spring-boot-starter-data-jpa-2.1.3.RELEASE.jar;C:\Users\16726080\.m2\repository\org\springframework\boot\spring-boot-starter-aop\2.1.3.RELEASE\spring-boot-starter-aop-2.1.3.RELEASE.jar;C:\Users\16726080\.m2\repository\org\springframework\spring-aop\5.1.5.RELEASE\spring-aop-5.1.5.RELEASE.jar;C:\Users\16726080\.m2\repository\org\aspectj\aspectjweaver\1.9.2\aspectjweaver-1.9.2.jar;C:\Users\16726080\.m2\repository\org\springframework\boot\spring-boot-starter-jdbc\2.1.3.RELEASE\spring-boot-starter-jdbc-2.1.3.RELEASE.jar;C:\Users\16726080\.m2\repository\com\zaxxer\HikariCP\3.2.0\HikariCP-3.2.0.jar;C:\Users\16726080\.m2\repository\org\springframework\spring-jdbc\5.1.5.RELEASE\spring-jdbc-5.1.5.RELEASE.jar;C:\Users\16726080\.m2\repository\javax\transaction\javax.transaction-api\1.3\javax.transaction-api-1.3.jar;C:\Users\16726080\.m2\repository\javax\xml\bind\jaxb-api\2.3.1\jaxb-api-2.3.1.jar;C:\Users\16726080\.m2\repository\javax\activation\javax.activation-api\1.2.0\javax.activation-api-1.2.0.jar;C:\Users\16726080\.m2\repository\org\hibernate\hibernate-core\5.3.7.Final\hibernate-core-5.3.7.Final.jar;C:\Users\16726080\.m2\repository\org\jboss\logging\jboss-logging\3.3.2.Final\jboss-logging-3.3.2.Final.jar;C:\Users\16726080\.m2\repository\javax\persistence\javax.persistence-api\2.2\javax.persistence-api-2.2.jar;C:\Users\16726080\.m2\repository\org\javassist\javassist\3.23.1-GA\javassist-3.23.1-GA.jar;C:\Users\16726080\.m2\repository\antlr\antlr\2.7.7\antlr-2.7.7.jar;C:\Users\16726080\.m2\repository\org\jboss\jandex\2.0.5.Final\jandex-2.0.5.Final.jar;C:\Users\16726080\.m2\repository\com\fasterxml\classmate\1.4.0\classmate-1.4.0.jar;C:\Users\16726080\.m2\repository\org\dom4j\dom4j\2.1.1\dom4j-2.1.1.jar;C:\Users\16726080\.m2\repository\org\hibernate\common\hibernate-commons-annotations\5.0.4.Final\hibernate-commons-annotations-5.0.4.Final.jar;C:\Users\16726080\.m2\repository\org\springframework\data\spring-data-jpa\2.1.5.RELEASE\spring-data-jpa-2.1.5.RELEASE.jar;C:\Users\16726080\.m2\repository\org\springframework\data\spring-data-commons\2.1.5.RELEASE\spring-data-commons-2.1.5.RELEASE.jar;C:\Users\16726080\.m2\repository\org\springframework\spring-orm\5.1.5.RELEASE\spring-orm-5.1.5.RELEASE.jar;C:\Users\16726080\.m2\repository\org\springframework\spring-tx\5.1.5.RELEASE\spring-tx-5.1.5.RELEASE.jar;C:\Users\16726080\.m2\repository\org\springframework\spring-aspects\5.1.5.RELEASE\spring-aspects-5.1.5.RELEASE.jar;C:\Users\16726080\.m2\repository\org\springframework\boot\spring-boot-starter-data-mongodb\2.1.3.RELEASE\spring-boot-starter-data-mongodb-2.1.3.RELEASE.jar;C:\Users\16726080\.m2\repository\org\mongodb\mongodb-driver\3.8.2\mongodb-driver-3.8.2.jar;C:\Users\16726080\.m2\repository\org\mongodb\bson\3.8.2\bson-3.8.2.jar;C:\Users\16726080\.m2\repository\org\mongodb\mongodb-driver-core\3.8.2\mongodb-driver-core-3.8.2.jar;C:\Users\16726080\.m2\repository\org\springframework\data\spring-data-mongodb\2.1.5.RELEASE\spring-data-mongodb-2.1.5.RELEASE.jar;C:\Users\16726080\.m2\repository\org\springframework\spring-expression\5.1.5.RELEASE\spring-expression-5.1.5.RELEASE.jar;C:\Users\16726080\.m2\repository\de\flapdoodle\embed\de.flapdoodle.embed.mongo\2.1.2\de.flapdoodle.embed.mongo-2.1.2.jar;C:\Users\16726080\.m2\repository\de\flapdoodle\embed\de.flapdoodle.embed.process\2.1.2\de.flapdoodle.embed.process-2.1.2.jar;C:\Users\16726080\.m2\repository\org\apache\commons\commons-lang3\3.8.1\commons-lang3-3.8.1.jar;C:\Users\16726080\.m2\repository\net\java\dev\jna\jna\4.5.2\jna-4.5.2.jar;C:\Users\16726080\.m2\repository\net\java\dev\jna\jna-platform\4.5.2\jna-platform-4.5.2.jar;C:\Users\16726080\.m2\repository\org\apache\commons\commons-compress\1.18\commons-compress-1.18.jar;C:\Users\16726080\.m2\repository\com\h2database\h2\1.4.197\h2-1.4.197.jar;C:\Users\16726080\.m2\repository\org\postgresql\postgresql\42.2.5\postgresql-42.2.5.jar;C:\Users\16726080\.m2\repository\org\junit\jupiter\junit-jupiter-api\5.3.2\junit-jupiter-api-5.3.2.jar;C:\Users\16726080\.m2\repository\org\apiguardian\apiguardian-api\1.0.0\apiguardian-api-1.0.0.jar;C:\Users\16726080\.m2\repository\org\opentest4j\opentest4j\1.1.1\opentest4j-1.1.1.jar;C:\Users\16726080\.m2\repository\org\junit\platform\junit-platform-commons\1.3.2\junit-platform-commons-1.3.2.jar;C:\Users\16726080\.m2\repository\org\junit\jupiter\junit-jupiter-params\5.3.2\junit-jupiter-params-5.3.2.jar;C:\Users\16726080\.m2\repository\org\junit\jupiter\junit-jupiter-engine\5.3.2\junit-jupiter-engine-5.3.2.jar;C:\Users\16726080\.m2\repository\org\junit\platform\junit-platform-engine\1.3.2\junit-platform-engine-1.3.2.jar;C:\Users\16726080\.m2\repository\org\junit\platform\junit-platform-launcher\1.3.2\junit-platform-launcher-1.3.2.jar;C:\Users\16726080\.m2\repository\org\junit\vintage\junit-vintage-engine\5.3.2\junit-vintage-engine-5.3.2.jar;C:\Users\16726080\.m2\repository\org\mockito\mockito-junit-jupiter\2.23.4\mockito-junit-jupiter-2.23.4.jar;C:\Users\16726080\.m2\repository\org\mockito\mockito-core\2.23.4\mockito-core-2.23.4.jar;C:\Users\16726080\.m2\repository\net\bytebuddy\byte-buddy\1.9.10\byte-buddy-1.9.10.jar;C:\Users\16726080\.m2\repository\net\bytebuddy\byte-buddy-agent\1.9.10\byte-buddy-agent-1.9.10.jar;C:\Users\16726080\.m2\repository\org\objenesis\objenesis\2.6\objenesis-2.6.jar;C:\Users\16726080\.m2\repository\org\powermock\powermock-api-mockito2\2.0.0-beta.5\powermock-api-mockito2-2.0.0-beta.5.jar;C:\Users\16726080\.m2\repository\org\powermock\powermock-api-support\2.0.0-beta.5\powermock-api-support-2.0.0-beta.5.jar;C:\Users\16726080\.m2\repository\org\powermock\powermock-reflect\2.0.0-beta.5\powermock-reflect-2.0.0-beta.5.jar;C:\Users\16726080\.m2\repository\org\powermock\powermock-core\2.0.0-beta.5\powermock-core-2.0.0-beta.5.jar;"/>
    <property name="java.vm.vendor" value="Oracle Corporation"/>
    <property name="sun.arch.data.model" value="64"/>
    <property name="user.variant" value=""/>
    <property name="java.vendor.url" value="http://java.oracle.com/"/>
    <property name="user.timezone" value="Asia/Krasnoyarsk"/>
    <property name="java.vm.specification.version" value="11"/>
    <property name="os.name" value="Windows 7"/>
    <property name="sun.java.launcher" value="SUN_STANDARD"/>
    <property name="user.country" value="RU"/>
    <property name="sun.boot.library.path" value="C:\JDK\jdk-11.0.2\bin"/>
    <property name="sun.java.command" value="C:\Users\16726080\AppData\Local\Temp\surefire9343685035406891892\surefirebooter3031645304639915525.jar C:\Users\16726080\AppData\Local\Temp\surefire9343685035406891892 2019-04-17T18-42-34_667-jvmRun1 surefire16345138295581330896tmp surefire_01426249231639849436tmp"/>
    <property name="jdk.debug" value="release"/>
    <property name="surefire.test.class.path" value="C:\Users\16726080\IdeaProjects\books\lesson12\target\test-classes;C:\Users\16726080\IdeaProjects\books\lesson12\target\classes;C:\Users\16726080\.m2\repository\org\springframework\boot\spring-boot-starter\2.1.3.RELEASE\spring-boot-starter-2.1.3.RELEASE.jar;C:\Users\16726080\.m2\repository\org\springframework\boot\spring-boot\2.1.3.RELEASE\spring-boot-2.1.3.RELEASE.jar;C:\Users\16726080\.m2\repository\org\springframework\spring-context\5.1.5.RELEASE\spring-context-5.1.5.RELEASE.jar;C:\Users\16726080\.m2\repository\org\springframework\boot\spring-boot-autoconfigure\2.1.3.RELEASE\spring-boot-autoconfigure-2.1.3.RELEASE.jar;C:\Users\16726080\.m2\repository\org\springframework\boot\spring-boot-starter-logging\2.1.3.RELEASE\spring-boot-starter-logging-2.1.3.RELEASE.jar;C:\Users\16726080\.m2\repository\ch\qos\logback\logback-classic\1.2.3\logback-classic-1.2.3.jar;C:\Users\16726080\.m2\repository\ch\qos\logback\logback-core\1.2.3\logback-core-1.2.3.jar;C:\Users\16726080\.m2\repository\org\apache\logging\log4j\log4j-to-slf4j\2.11.2\log4j-to-slf4j-2.11.2.jar;C:\Users\16726080\.m2\repository\org\apache\logging\log4j\log4j-api\2.11.2\log4j-api-2.11.2.jar;C:\Users\16726080\.m2\repository\org\slf4j\jul-to-slf4j\1.7.25\jul-to-slf4j-1.7.25.jar;C:\Users\16726080\.m2\repository\javax\annotation\javax.annotation-api\1.3.2\javax.annotation-api-1.3.2.jar;C:\Users\16726080\.m2\repository\org\springframework\spring-core\5.1.5.RELEASE\spring-core-5.1.5.RELEASE.jar;C:\Users\16726080\.m2\repository\org\springframework\spring-jcl\5.1.5.RELEASE\spring-jcl-5.1.5.RELEASE.jar;C:\Users\16726080\.m2\repository\org\yaml\snakeyaml\1.23\snakeyaml-1.23.jar;C:\Users\16726080\.m2\repository\org\springframework\boot\spring-boot-starter-test\2.1.3.RELEASE\spring-boot-starter-test-2.1.3.RELEASE.jar;C:\Users\16726080\.m2\repository\org\springframework\boot\spring-boot-test\2.1.3.RELEASE\spring-boot-test-2.1.3.RELEASE.jar;C:\Users\16726080\.m2\repository\org\springframework\boot\spring-boot-test-autoconfigure\2.1.3.RELEASE\spring-boot-test-autoconfigure-2.1.3.RELEASE.jar;C:\Users\16726080\.m2\repository\com\jayway\jsonpath\json-path\2.4.0\json-path-2.4.0.jar;C:\Users\16726080\.m2\repository\net\minidev\json-smart\2.3\json-smart-2.3.jar;C:\Users\16726080\.m2\repository\net\minidev\accessors-smart\1.2\accessors-smart-1.2.jar;C:\Users\16726080\.m2\repository\org\ow2\asm\asm\5.0.4\asm-5.0.4.jar;C:\Users\16726080\.m2\repository\org\slf4j\slf4j-api\1.7.25\slf4j-api-1.7.25.jar;C:\Users\16726080\.m2\repository\junit\junit\4.12\junit-4.12.jar;C:\Users\16726080\.m2\repository\org\assertj\assertj-core\3.11.1\assertj-core-3.11.1.jar;C:\Users\16726080\.m2\repository\org\hamcrest\hamcrest-core\1.3\hamcrest-core-1.3.jar;C:\Users\16726080\.m2\repository\org\hamcrest\hamcrest-library\1.3\hamcrest-library-1.3.jar;C:\Users\16726080\.m2\repository\org\skyscreamer\jsonassert\1.5.0\jsonassert-1.5.0.jar;C:\Users\16726080\.m2\repository\com\vaadin\external\google\android-json\0.0.20131108.vaadin1\android-json-0.0.20131108.vaadin1.jar;C:\Users\16726080\.m2\repository\org\springframework\spring-test\5.1.5.RELEASE\spring-test-5.1.5.RELEASE.jar;C:\Users\16726080\.m2\repository\org\xmlunit\xmlunit-core\2.6.2\xmlunit-core-2.6.2.jar;C:\Users\16726080\.m2\repository\org\springframework\shell\spring-shell-starter\2.0.1.RELEASE\spring-shell-starter-2.0.1.RELEASE.jar;C:\Users\16726080\.m2\repository\org\springframework\shell\spring-shell-core\2.0.1.RELEASE\spring-shell-core-2.0.1.RELEASE.jar;C:\Users\16726080\.m2\repository\org\springframework\boot\spring-boot-starter-validation\2.1.3.RELEASE\spring-boot-starter-validation-2.1.3.RELEASE.jar;C:\Users\16726080\.m2\repository\org\apache\tomcat\embed\tomcat-embed-el\9.0.16\tomcat-embed-el-9.0.16.jar;C:\Users\16726080\.m2\repository\org\hibernate\validator\hibernate-validator\6.0.14.Final\hibernate-validator-6.0.14.Final.jar;C:\Users\16726080\.m2\repository\javax\validation\validation-api\2.0.1.Final\validation-api-2.0.1.Final.jar;C:\Users\16726080\.m2\repository\org\jline\jline\3.4.0\jline-3.4.0.jar;C:\Users\16726080\.m2\repository\org\jline\jline-terminal-jna\3.4.0\jline-terminal-jna-3.4.0.jar;C:\Users\16726080\.m2\repository\org\jline\jline-terminal\3.4.0\jline-terminal-3.4.0.jar;C:\Users\16726080\.m2\repository\org\springframework\shell\spring-shell-standard\2.0.1.RELEASE\spring-shell-standard-2.0.1.RELEASE.jar;C:\Users\16726080\.m2\repository\org\springframework\shell\spring-shell-standard-commands\2.0.1.RELEASE\spring-shell-standard-commands-2.0.1.RELEASE.jar;C:\Users\16726080\.m2\repository\org\springframework\shell\spring-shell-shell1-adapter\2.0.1.RELEASE\spring-shell-shell1-adapter-2.0.1.RELEASE.jar;C:\Users\16726080\.m2\repository\org\springframework\shell\spring-shell-jcommander-adapter\2.0.1.RELEASE\spring-shell-jcommander-adapter-2.0.1.RELEASE.jar;C:\Users\16726080\.m2\repository\org\springframework\shell\spring-shell-table\2.0.1.RELEASE\spring-shell-table-2.0.1.RELEASE.jar;C:\Users\16726080\.m2\repository\org\springframework\spring-beans\5.1.5.RELEASE\spring-beans-5.1.5.RELEASE.jar;C:\Users\16726080\.m2\repository\org\projectlombok\lombok\1.18.4\lombok-1.18.4.jar;C:\Users\16726080\.m2\repository\org\springframework\boot\spring-boot-starter-data-jpa\2.1.3.RELEASE\spring-boot-starter-data-jpa-2.1.3.RELEASE.jar;C:\Users\16726080\.m2\repository\org\springframework\boot\spring-boot-starter-aop\2.1.3.RELEASE\spring-boot-starter-aop-2.1.3.RELEASE.jar;C:\Users\16726080\.m2\repository\org\springframework\spring-aop\5.1.5.RELEASE\spring-aop-5.1.5.RELEASE.jar;C:\Users\16726080\.m2\repository\org\aspectj\aspectjweaver\1.9.2\aspectjweaver-1.9.2.jar;C:\Users\16726080\.m2\repository\org\springframework\boot\spring-boot-starter-jdbc\2.1.3.RELEASE\spring-boot-starter-jdbc-2.1.3.RELEASE.jar;C:\Users\16726080\.m2\repository\com\zaxxer\HikariCP\3.2.0\HikariCP-3.2.0.jar;C:\Users\16726080\.m2\repository\org\springframework\spring-jdbc\5.1.5.RELEASE\spring-jdbc-5.1.5.RELEASE.jar;C:\Users\16726080\.m2\repository\javax\transaction\javax.transaction-api\1.3\javax.transaction-api-1.3.jar;C:\Users\16726080\.m2\repository\javax\xml\bind\jaxb-api\2.3.1\jaxb-api-2.3.1.jar;C:\Users\16726080\.m2\repository\javax\activation\javax.activation-api\1.2.0\javax.activation-api-1.2.0.jar;C:\Users\16726080\.m2\repository\org\hibernate\hibernate-core\5.3.7.Final\hibernate-core-5.3.7.Final.jar;C:\Users\16726080\.m2\repository\org\jboss\logging\jboss-logging\3.3.2.Final\jboss-logging-3.3.2.Final.jar;C:\Users\16726080\.m2\repository\javax\persistence\javax.persistence-api\2.2\javax.persistence-api-2.2.jar;C:\Users\16726080\.m2\repository\org\javassist\javassist\3.23.1-GA\javassist-3.23.1-GA.jar;C:\Users\16726080\.m2\repository\antlr\antlr\2.7.7\antlr-2.7.7.jar;C:\Users\16726080\.m2\repository\org\jboss\jandex\2.0.5.Final\jandex-2.0.5.Final.jar;C:\Users\16726080\.m2\repository\com\fasterxml\classmate\1.4.0\classmate-1.4.0.jar;C:\Users\16726080\.m2\repository\org\dom4j\dom4j\2.1.1\dom4j-2.1.1.jar;C:\Users\16726080\.m2\repository\org\hibernate\common\hibernate-commons-annotations\5.0.4.Final\hibernate-commons-annotations-5.0.4.Final.jar;C:\Users\16726080\.m2\repository\org\springframework\data\spring-data-jpa\2.1.5.RELEASE\spring-data-jpa-2.1.5.RELEASE.jar;C:\Users\16726080\.m2\repository\org\springframework\data\spring-data-commons\2.1.5.RELEASE\spring-data-commons-2.1.5.RELEASE.jar;C:\Users\16726080\.m2\repository\org\springframework\spring-orm\5.1.5.RELEASE\spring-orm-5.1.5.RELEASE.jar;C:\Users\16726080\.m2\repository\org\springframework\spring-tx\5.1.5.RELEASE\spring-tx-5.1.5.RELEASE.jar;C:\Users\16726080\.m2\repository\org\springframework\spring-aspects\5.1.5.RELEASE\spring-aspects-5.1.5.RELEASE.jar;C:\Users\16726080\.m2\repository\org\springframework\boot\spring-boot-starter-data-mongodb\2.1.3.RELEASE\spring-boot-starter-data-mongodb-2.1.3.RELEASE.jar;C:\Users\16726080\.m2\repository\org\mongodb\mongodb-driver\3.8.2\mongodb-driver-3.8.2.jar;C:\Users\16726080\.m2\repository\org\mongodb\bson\3.8.2\bson-3.8.2.jar;C:\Users\16726080\.m2\repository\org\mongodb\mongodb-driver-core\3.8.2\mongodb-driver-core-3.8.2.jar;C:\Users\16726080\.m2\repository\org\springframework\data\spring-data-mongodb\2.1.5.RELEASE\spring-data-mongodb-2.1.5.RELEASE.jar;C:\Users\16726080\.m2\repository\org\springframework\spring-expression\5.1.5.RELEASE\spring-expression-5.1.5.RELEASE.jar;C:\Users\16726080\.m2\repository\de\flapdoodle\embed\de.flapdoodle.embed.mongo\2.1.2\de.flapdoodle.embed.mongo-2.1.2.jar;C:\Users\16726080\.m2\repository\de\flapdoodle\embed\de.flapdoodle.embed.process\2.1.2\de.flapdoodle.embed.process-2.1.2.jar;C:\Users\16726080\.m2\repository\org\apache\commons\commons-lang3\3.8.1\commons-lang3-3.8.1.jar;C:\Users\16726080\.m2\repository\net\java\dev\jna\jna\4.5.2\jna-4.5.2.jar;C:\Users\16726080\.m2\repository\net\java\dev\jna\jna-platform\4.5.2\jna-platform-4.5.2.jar;C:\Users\16726080\.m2\repository\org\apache\commons\commons-compress\1.18\commons-compress-1.18.jar;C:\Users\16726080\.m2\repository\com\h2database\h2\1.4.197\h2-1.4.197.jar;C:\Users\16726080\.m2\repository\org\postgresql\postgresql\42.2.5\postgresql-42.2.5.jar;C:\Users\16726080\.m2\repository\org\junit\jupiter\junit-jupiter-api\5.3.2\junit-jupiter-api-5.3.2.jar;C:\Users\16726080\.m2\repository\org\apiguardian\apiguardian-api\1.0.0\apiguardian-api-1.0.0.jar;C:\Users\16726080\.m2\repository\org\opentest4j\opentest4j\1.1.1\opentest4j-1.1.1.jar;C:\Users\16726080\.m2\repository\org\junit\platform\junit-platform-commons\1.3.2\junit-platform-commons-1.3.2.jar;C:\Users\16726080\.m2\repository\org\junit\jupiter\junit-jupiter-params\5.3.2\junit-jupiter-params-5.3.2.jar;C:\Users\16726080\.m2\repository\org\junit\jupiter\junit-jupiter-engine\5.3.2\junit-jupiter-engine-5.3.2.jar;C:\Users\16726080\.m2\repository\org\junit\platform\junit-platform-engine\1.3.2\junit-platform-engine-1.3.2.jar;C:\Users\16726080\.m2\repository\org\junit\platform\junit-platform-launcher\1.3.2\junit-platform-launcher-1.3.2.jar;C:\Users\16726080\.m2\repository\org\junit\vintage\junit-vintage-engine\5.3.2\junit-vintage-engine-5.3.2.jar;C:\Users\16726080\.m2\repository\org\mockito\mockito-junit-jupiter\2.23.4\mockito-junit-jupiter-2.23.4.jar;C:\Users\16726080\.m2\repository\org\mockito\mockito-core\2.23.4\mockito-core-2.23.4.jar;C:\Users\16726080\.m2\repository\net\bytebuddy\byte-buddy\1.9.10\byte-buddy-1.9.10.jar;C:\Users\16726080\.m2\repository\net\bytebuddy\byte-buddy-agent\1.9.10\byte-buddy-agent-1.9.10.jar;C:\Users\16726080\.m2\repository\org\objenesis\objenesis\2.6\objenesis-2.6.jar;C:\Users\16726080\.m2\repository\org\powermock\powermock-api-mockito2\2.0.0-beta.5\powermock-api-mockito2-2.0.0-beta.5.jar;C:\Users\16726080\.m2\repository\org\powermock\powermock-api-support\2.0.0-beta.5\powermock-api-support-2.0.0-beta.5.jar;C:\Users\16726080\.m2\repository\org\powermock\powermock-reflect\2.0.0-beta.5\powermock-reflect-2.0.0-beta.5.jar;C:\Users\16726080\.m2\repository\org\powermock\powermock-core\2.0.0-beta.5\powermock-core-2.0.0-beta.5.jar;"/>
    <property name="sun.cpu.endian" value="little"/>
    <property name="user.home" value="C:\Users\16726080"/>
    <property name="user.language" value="ru"/>
    <property name="java.specification.vendor" value="Oracle Corporation"/>
    <property name="java.version.date" value="2019-01-15"/>
    <property name="java.home" value="C:\JDK\jdk-11.0.2"/>
    <property name="file.separator" value="\"/>
    <property name="basedir" value="C:\Users\16726080\IdeaProjects\books\lesson12"/>
    <property name="java.vm.compressedOopsMode" value="32-bit"/>
    <property name="line.separator" value="&#10;"/>
    <property name="java.specification.name" value="Java Platform API Specification"/>
    <property name="java.vm.specification.vendor" value="Oracle Corporation"/>
    <property name="java.awt.graphicsenv" value="sun.awt.Win32GraphicsEnvironment"/>
    <property name="surefire.real.class.path" value="C:\Users\16726080\AppData\Local\Temp\surefire9343685035406891892\surefirebooter3031645304639915525.jar"/>
    <property name="user.script" value=""/>
    <property name="sun.management.compiler" value="HotSpot 64-Bit Tiered Compilers"/>
    <property name="java.runtime.version" value="11.0.2+9"/>
    <property name="user.name" value="16726080"/>
    <property name="path.separator" value=";"/>
    <property name="os.version" value="6.1"/>
    <property name="java.runtime.name" value="OpenJDK Runtime Environment"/>
    <property name="file.encoding" value="Cp1251"/>
    <property name="java.vm.name" value="OpenJDK 64-Bit Server VM"/>
    <property name="java.vendor.version" value="18.9"/>
    <property name="localRepository" value="C:\Users\16726080\.m2\repository"/>
    <property name="java.vendor.url.bug" value="http://bugreport.java.com/bugreport/"/>
    <property name="java.io.tmpdir" value="C:\Users\16726080\AppData\Local\Temp\"/>
    <property name="java.version" value="11.0.2"/>
    <property name="user.dir" value="C:\Users\16726080\IdeaProjects\books\lesson12"/>
    <property name="os.arch" value="amd64"/>
    <property name="java.vm.specification.name" value="Java Virtual Machine Specification"/>
    <property name="java.awt.printerjob" value="sun.awt.windows.WPrinterJob"/>
    <property name="sun.os.patch.level" value="Service Pack 1"/>
    <property name="idea.version2019.1" value="true"/>
    <property name="java.library.path" value="C:\JDK\jdk-11.0.2\bin;C:\WINDOWS\Sun\Java\bin;C:\WINDOWS\system32;C:\WINDOWS;C:\Program Files (x86)\apache-maven-3.2.5\bin;C:\Program Files (x86)\Common Files\Oracle\Java\javapath;C:\WINDOWS\system32;C:\WINDOWS;C:\WINDOWS\System32\Wbem;C:\WINDOWS\System32\WindowsPowerShell\v1.0\;C:\WINDOWS\CCM;C:\WINDOWS\CCM;C:\WINDOWS\CCM;C:\WINDOWS\CCM;C:\WINDOWS\CCM;C:\WINDOWS\CCM;C:\Program Files\Git\cmd;qqqqqqqqqq;."/>
    <property name="java.vendor" value="Oracle Corporation"/>
    <property name="java.vm.info" value="mixed mode"/>
    <property name="java.vm.version" value="11.0.2+9"/>
    <property name="sun.io.unicode.encoding" value="UnicodeLittle"/>
    <property name="maven.repo.local" value="C:\Users\16726080\.m2\repository"/>
    <property name="java.class.version" value="55.0"/>
  </properties>
  <testcase name="getById" classname="ru.otus.igorr.books.lesson12.service.author.AuthorServiceImplTest" time="0">
    <error message="Failed to load ApplicationContext" type="java.lang.IllegalStateException">java.lang.IllegalStateException: Failed to load ApplicationContext
Caused by: org.springframework.beans.factory.BeanCreationException: Error creating bean with name 'mongoTemplate' defined in class path resource [ru/otus/igorr/books/lesson12/config/MongoConfig.class]: Bean instantiation via factory method failed; nested exception is org.springframework.beans.BeanInstantiationException: Failed to instantiate [org.springframework.data.mongodb.core.MongoTemplate]: Factory method 'mongoTemplate' threw exception; nested exception is org.springframework.beans.factory.BeanCreationException: Error creating bean with name 'mongoDbFactory' defined in class path resource [ru/otus/igorr/books/lesson12/config/MongoConfig.class]: Bean instantiation via factory method failed; nested exception is org.springframework.beans.BeanInstantiationException: Failed to instantiate [org.springframework.data.mongodb.MongoDbFactory]: Factory method 'mongoDbFactory' threw exception; nested exception is java.lang.IllegalArgumentException: Database name must not be empty!
Caused by: org.springframework.beans.BeanInstantiationException: Failed to instantiate [org.springframework.data.mongodb.core.MongoTemplate]: Factory method 'mongoTemplate' threw exception; nested exception is org.springframework.beans.factory.BeanCreationException: Error creating bean with name 'mongoDbFactory' defined in class path resource [ru/otus/igorr/books/lesson12/config/MongoConfig.class]: Bean instantiation via factory method failed; nested exception is org.springframework.beans.BeanInstantiationException: Failed to instantiate [org.springframework.data.mongodb.MongoDbFactory]: Factory method 'mongoDbFactory' threw exception; nested exception is java.lang.IllegalArgumentException: Database name must not be empty!
Caused by: org.springframework.beans.factory.BeanCreationException: Error creating bean with name 'mongoDbFactory' defined in class path resource [ru/otus/igorr/books/lesson12/config/MongoConfig.class]: Bean instantiation via factory method failed; nested exception is org.springframework.beans.BeanInstantiationException: Failed to instantiate [org.springframework.data.mongodb.MongoDbFactory]: Factory method 'mongoDbFactory' threw exception; nested exception is java.lang.IllegalArgumentException: Database name must not be empty!
Caused by: org.springframework.beans.BeanInstantiationException: Failed to instantiate [org.springframework.data.mongodb.MongoDbFactory]: Factory method 'mongoDbFactory' threw exception; nested exception is java.lang.IllegalArgumentException: Database name must not be empty!
Caused by: java.lang.IllegalArgumentException: Database name must not be empty!
</error>
    <system-out><![CDATA[18:43:03.933 [main] &amp#27;[34mINFO &amp#27;[0;39m &amp#27;[36mingBootTestContextBootstrapper&amp#27;[0;39m : Neither @ContextConfiguration nor @ContextHierarchy found for test class [ru.otus.igorr.books.lesson12.service.author.AuthorServiceImplTest], using SpringBootContextLoader
18:43:03.934 [main] &amp#27;[34mINFO &amp#27;[0;39m &amp#27;[36m.s.t.c.s.AbstractContextLoader&amp#27;[0;39m : Could not detect default resource locations for test class [ru.otus.igorr.books.lesson12.service.author.AuthorServiceImplTest]: no resource found for suffixes {-context.xml, Context.groovy}.
18:43:03.934 [main] &amp#27;[34mINFO &amp#27;[0;39m &amp#27;[36mtationConfigContextLoaderUtils&amp#27;[0;39m : Could not detect default configuration classes for test class [ru.otus.igorr.books.lesson12.service.author.AuthorServiceImplTest]: AuthorServiceImplTest does not declare any static, non-private, non-final, nested classes annotated with @Configuration.
18:43:03.977 [main] &amp#27;[34mINFO &amp#27;[0;39m &amp#27;[36mingBootTestContextBootstrapper&amp#27;[0;39m : Found @SpringBootConfiguration ru.otus.igorr.books.lesson12.Lesson12Application for test class ru.otus.igorr.books.lesson12.service.author.AuthorServiceImplTest
18:43:03.982 [main] &amp#27;[34mINFO &amp#27;[0;39m &amp#27;[36mingBootTestContextBootstrapper&amp#27;[0;39m : Loaded default TestExecutionListener class names from location [META-INF/spring.factories]: [org.springframework.boot.test.mock.mockito.MockitoTestExecutionListener, org.springframework.boot.test.mock.mockito.ResetMocksTestExecutionListener, org.springframework.boot.test.autoconfigure.restdocs.RestDocsTestExecutionListener, org.springframework.boot.test.autoconfigure.web.client.MockRestServiceServerResetTestExecutionListener, org.springframework.boot.test.autoconfigure.web.servlet.MockMvcPrintOnlyOnFailureTestExecutionListener, org.springframework.boot.test.autoconfigure.web.servlet.WebDriverTestExecutionListener, org.springframework.test.context.web.ServletTestExecutionListener, org.springframework.test.context.support.DirtiesContextBeforeModesTestExecutionListener, org.springframework.test.context.support.DependencyInjectionTestExecutionListener, org.springframework.test.context.support.DirtiesContextTestExecutionListener, org.springframework.test.context.transaction.TransactionalTestExecutionListener, org.springframework.test.context.jdbc.SqlScriptsTestExecutionListener]
18:43:03.984 [main] &amp#27;[34mINFO &amp#27;[0;39m &amp#27;[36mingBootTestContextBootstrapper&amp#27;[0;39m : Using TestExecutionListeners: [org.springframework.test.context.support.DirtiesContextBeforeModesTestExecutionListener@5a6f1342, org.springframework.boot.test.mock.mockito.MockitoTestExecutionListener@650d5a3d, org.springframework.boot.test.autoconfigure.SpringBootDependencyInjectionTestExecutionListener@5e9a9683, org.springframework.test.context.support.DirtiesContextTestExecutionListener@7040d71, org.springframework.test.context.transaction.TransactionalTestExecutionListener@2553fbd0, org.springframework.test.context.jdbc.SqlScriptsTestExecutionListener@2a8081f5, org.springframework.boot.test.mock.mockito.ResetMocksTestExecutionListener@20a434a8, org.springframework.boot.test.autoconfigure.restdocs.RestDocsTestExecutionListener@7ecca48, org.springframework.boot.test.autoconfigure.web.client.MockRestServiceServerResetTestExecutionListener@3d5b2c1e, org.springframework.boot.test.autoconfigure.web.servlet.MockMvcPrintOnlyOnFailureTestExecutionListener@137a9d69, org.springframework.boot.test.autoconfigure.web.servlet.WebDriverTestExecutionListener@12faeada]
18:43:04.126 [main] &amp#27;[34mINFO &amp#27;[0;39m &amp#27;[36m.b.l.s.a.AuthorServiceImplTest&amp#27;[0;39m : Starting AuthorServiceImplTest on SBTOVB-SD004039 with PID 6816 (started by 16726080 in C:\Users\16726080\IdeaProjects\books\lesson12)
18:43:04.126 [main] &amp#27;[39mDEBUG&amp#27;[0;39m &amp#27;[36m.b.l.s.a.AuthorServiceImplTest&amp#27;[0;39m : Running with Spring Boot v2.1.3.RELEASE, Spring v5.1.5.RELEASE
18:43:04.126 [main] &amp#27;[34mINFO &amp#27;[0;39m &amp#27;[36m.b.l.s.a.AuthorServiceImplTest&amp#27;[0;39m : No active profile set, falling back to default profiles: default
18:43:04.629 [main] &amp#27;[34mINFO &amp#27;[0;39m &amp#27;[36mepositoryConfigurationDelegate&amp#27;[0;39m : Multiple Spring Data modules found, entering strict repository configuration mode!
18:43:04.630 [main] &amp#27;[34mINFO &amp#27;[0;39m &amp#27;[36mepositoryConfigurationDelegate&amp#27;[0;39m : Bootstrapping Spring Data repositories in DEFAULT mode.
18:43:04.661 [main] &amp#27;[34mINFO &amp#27;[0;39m &amp#27;[36myConfigurationExtensionSupport&amp#27;[0;39m : Spring Data MongoDB - Could not safely identify store assignment for repository candidate interface ru.otus.igorr.books.lesson12.repository.author.AuthorRepository.
18:43:04.661 [main] &amp#27;[34mINFO &amp#27;[0;39m &amp#27;[36myConfigurationExtensionSupport&amp#27;[0;39m : Spring Data MongoDB - Could not safely identify store assignment for repository candidate interface ru.otus.igorr.books.lesson12.repository.book.BookRepository.
18:43:04.662 [main] &amp#27;[34mINFO &amp#27;[0;39m &amp#27;[36myConfigurationExtensionSupport&amp#27;[0;39m : Spring Data MongoDB - Could not safely identify store assignment for repository candidate interface ru.otus.igorr.books.lesson12.repository.book.NoteRepository.
18:43:04.662 [main] &amp#27;[34mINFO &amp#27;[0;39m &amp#27;[36myConfigurationExtensionSupport&amp#27;[0;39m : Spring Data MongoDB - Could not safely identify store assignment for repository candidate interface ru.otus.igorr.books.lesson12.repository.genre.GenreRepository.
18:43:04.682 [main] &amp#27;[34mINFO &amp#27;[0;39m &amp#27;[36mepositoryConfigurationDelegate&amp#27;[0;39m : Finished Spring Data repository scanning in 52ms. Found 1 repository interfaces.
18:43:04.728 [main] &amp#27;[34mINFO &amp#27;[0;39m &amp#27;[36mepositoryConfigurationDelegate&amp#27;[0;39m : Multiple Spring Data modules found, entering strict repository configuration mode!
18:43:04.729 [main] &amp#27;[34mINFO &amp#27;[0;39m &amp#27;[36mepositoryConfigurationDelegate&amp#27;[0;39m : Bootstrapping Spring Data repositories in DEFAULT mode.
18:43:04.842 [main] &amp#27;[34mINFO &amp#27;[0;39m &amp#27;[36myConfigurationExtensionSupport&amp#27;[0;39m : Spring Data JPA - Could not safely identify store assignment for repository candidate interface ru.otus.igorr.books.lesson12.repository.person.PersonRepository.
18:43:04.907 [main] &amp#27;[34mINFO &amp#27;[0;39m &amp#27;[36mepositoryConfigurationDelegate&amp#27;[0;39m : Finished Spring Data repository scanning in 178ms. Found 4 repository interfaces.
18:43:05.084 [main] &amp#27;[34mINFO &amp#27;[0;39m &amp#27;[36mc.z.h.HikariDataSource        &amp#27;[0;39m : HikariPool-3 - Starting...
18:43:05.096 [main] &amp#27;[34mINFO &amp#27;[0;39m &amp#27;[36mc.z.h.HikariDataSource        &amp#27;[0;39m : HikariPool-3 - Start completed.
18:43:05.184 [main] &amp#27;[34mINFO &amp#27;[0;39m &amp#27;[36mo.h.j.i.u.LogHelper           &amp#27;[0;39m : HHH000204: Processing PersistenceUnitInfo [
	name: default
	...]
18:43:05.260 [main] &amp#27;[34mINFO &amp#27;[0;39m &amp#27;[36mo.h.d.Dialect                 &amp#27;[0;39m : HHH000400: Using dialect: org.hibernate.dialect.H2Dialect
Hibernate: create table author (id bigint generated by default as identity, first_name varchar(255), last_name varchar(255), sur_name varchar(255), primary key (id))
Hibernate: create table author_genre (author_id bigint not null, genre_id bigint not null)
Hibernate: create table book (id bigint generated by default as identity, description varchar(255), title varchar(255), genre_id bigint, primary key (id))
Hibernate: create table book_author (book_id bigint not null, author_id bigint not null, primary key (author_id, book_id))
Hibernate: create table genre (id bigint generated by default as identity, description varchar(255), name varchar(255), primary key (id))
Hibernate: create table note (id bigint generated by default as identity, note varchar(255), book_id bigint not null, primary key (id))
Hibernate: alter table author_genre add constraint FKlu5xvc2dh0agyi19xsnk0mo9k foreign key (genre_id) references genre
Hibernate: alter table author_genre add constraint FKjwsiyuy9puhhonnwh15dcy8vx foreign key (author_id) references author
Hibernate: alter table book add constraint FKm1t3yvw5i7olwdf32cwuul7ta foreign key (genre_id) references genre
Hibernate: alter table book_author add constraint FKbjqhp85wjv8vpr0beygh6jsgo foreign key (author_id) references author
Hibernate: alter table book_author add constraint FKhwgu59n9o80xv75plf9ggj7xn foreign key (book_id) references book
Hibernate: alter table note add constraint FKrussm9y4vwyp0x6gl8n288ovv foreign key (book_id) references book
18:43:05.503 [main] &amp#27;[34mINFO &amp#27;[0;39m &amp#27;[36mtainerEntityManagerFactoryBean&amp#27;[0;39m : Initialized JPA EntityManagerFactory for persistence unit 'default'
18:43:05.685 [main] &amp#27;[34mINFO &amp#27;[0;39m &amp#27;[36mueryTranslatorFactoryInitiator&amp#27;[0;39m : HHH000397: Using ASTQueryTranslatorFactory
18:43:06.200 [main] &amp#27;[34mINFO &amp#27;[0;39m &amp#27;[36mo.m.d.cluster                 &amp#27;[0;39m : Cluster created with settings {hosts=[127.0.0.1:27017], mode=SINGLE, requiredClusterType=UNKNOWN, serverSelectionTimeout='30000 ms', maxWaitQueueSize=500}
18:43:06.295 [main] &amp#27;[31mWARN &amp#27;[0;39m &amp#27;[36mtationConfigApplicationContext&amp#27;[0;39m : Exception encountered during context initialization - cancelling refresh attempt: org.springframework.beans.factory.BeanCreationException: Error creating bean with name 'mongoTemplate' defined in class path resource [ru/otus/igorr/books/lesson12/config/MongoConfig.class]: Bean instantiation via factory method failed; nested exception is org.springframework.beans.BeanInstantiationException: Failed to instantiate [org.springframework.data.mongodb.core.MongoTemplate]: Factory method 'mongoTemplate' threw exception; nested exception is org.springframework.beans.factory.BeanCreationException: Error creating bean with name 'mongoDbFactory' defined in class path resource [ru/otus/igorr/books/lesson12/config/MongoConfig.class]: Bean instantiation via factory method failed; nested exception is org.springframework.beans.BeanInstantiationException: Failed to instantiate [org.springframework.data.mongodb.MongoDbFactory]: Factory method 'mongoDbFactory' threw exception; nested exception is java.lang.IllegalArgumentException: Database name must not be empty!
18:43:06.296 [main] &amp#27;[34mINFO &amp#27;[0;39m &amp#27;[36mtainerEntityManagerFactoryBean&amp#27;[0;39m : Closing JPA EntityManagerFactory for persistence unit 'default'
18:43:06.297 [main] &amp#27;[34mINFO &amp#27;[0;39m &amp#27;[36mc.z.h.HikariDataSource        &amp#27;[0;39m : HikariPool-3 - Shutdown initiated...
18:43:06.358 [main] &amp#27;[34mINFO &amp#27;[0;39m &amp#27;[36mc.z.h.HikariDataSource        &amp#27;[0;39m : HikariPool-3 - Shutdown completed.
18:43:06.374 [main] &amp#27;[34mINFO &amp#27;[0;39m &amp#27;[36mvaluationReportLoggingListener&amp#27;[0;39m : 

Error starting ApplicationContext. To display the conditions report re-run your application with 'debug' enabled.
18:43:06.378 [main] &amp#27;[1;31mERROR&amp#27;[0;39m &amp#27;[36mo.s.b.SpringApplication       &amp#27;[0;39m : Application run failed
org.springframework.beans.factory.BeanCreationException: Error creating bean with name 'mongoTemplate' defined in class path resource [ru/otus/igorr/books/lesson12/config/MongoConfig.class]: Bean instantiation via factory method failed; nested exception is org.springframework.beans.BeanInstantiationException: Failed to instantiate [org.springframework.data.mongodb.core.MongoTemplate]: Factory method 'mongoTemplate' threw exception; nested exception is org.springframework.beans.factory.BeanCreationException: Error creating bean with name 'mongoDbFactory' defined in class path resource [ru/otus/igorr/books/lesson12/config/MongoConfig.class]: Bean instantiation via factory method failed; nested exception is org.springframework.beans.BeanInstantiationException: Failed to instantiate [org.springframework.data.mongodb.MongoDbFactory]: Factory method 'mongoDbFactory' threw exception; nested exception is java.lang.IllegalArgumentException: Database name must not be empty!
	at org.springframework.beans.factory.support.ConstructorResolver.instantiate(ConstructorResolver.java:627)
	at org.springframework.beans.factory.support.ConstructorResolver.instantiateUsingFactoryMethod(ConstructorResolver.java:456)
	at org.springframework.beans.factory.support.AbstractAutowireCapableBeanFactory.instantiateUsingFactoryMethod(AbstractAutowireCapableBeanFactory.java:1305)
	at org.springframework.beans.factory.support.AbstractAutowireCapableBeanFactory.createBeanInstance(AbstractAutowireCapableBeanFactory.java:1144)
	at org.springframework.beans.factory.support.AbstractAutowireCapableBeanFactory.doCreateBean(AbstractAutowireCapableBeanFactory.java:555)
	at org.springframework.beans.factory.support.AbstractAutowireCapableBeanFactory.createBean(AbstractAutowireCapableBeanFactory.java:515)
	at org.springframework.beans.factory.support.AbstractBeanFactory.lambda$doGetBean$0(AbstractBeanFactory.java:320)
	at org.springframework.beans.factory.support.DefaultSingletonBeanRegistry.getSingleton(DefaultSingletonBeanRegistry.java:222)
	at org.springframework.beans.factory.support.AbstractBeanFactory.doGetBean(AbstractBeanFactory.java:318)
	at org.springframework.beans.factory.support.AbstractBeanFactory.getBean(AbstractBeanFactory.java:199)
	at org.springframework.beans.factory.support.DefaultListableBeanFactory.preInstantiateSingletons(DefaultListableBeanFactory.java:849)
	at org.springframework.context.support.AbstractApplicationContext.finishBeanFactoryInitialization(AbstractApplicationContext.java:877)
	at org.springframework.context.support.AbstractApplicationContext.refresh(AbstractApplicationContext.java:549)
	at org.springframework.boot.SpringApplication.refresh(SpringApplication.java:775)
	at org.springframework.boot.SpringApplication.refreshContext(SpringApplication.java:397)
	at org.springframework.boot.SpringApplication.run(SpringApplication.java:316)
	at org.springframework.boot.test.context.SpringBootContextLoader.loadContext(SpringBootContextLoader.java:127)
	at org.springframework.test.context.cache.DefaultCacheAwareContextLoaderDelegate.loadContextInternal(DefaultCacheAwareContextLoaderDelegate.java:99)
	at org.springframework.test.context.cache.DefaultCacheAwareContextLoaderDelegate.loadContext(DefaultCacheAwareContextLoaderDelegate.java:117)
	at org.springframework.test.context.support.DefaultTestContext.getApplicationContext(DefaultTestContext.java:108)
	at org.springframework.test.context.support.DependencyInjectionTestExecutionListener.injectDependencies(DependencyInjectionTestExecutionListener.java:118)
	at org.springframework.test.context.support.DependencyInjectionTestExecutionListener.prepareTestInstance(DependencyInjectionTestExecutionListener.java:83)
	at org.springframework.boot.test.autoconfigure.SpringBootDependencyInjectionTestExecutionListener.prepareTestInstance(SpringBootDependencyInjectionTestExecutionListener.java:44)
	at org.springframework.test.context.TestContextManager.prepareTestInstance(TestContextManager.java:246)
	at org.springframework.test.context.junit.jupiter.SpringExtension.postProcessTestInstance(SpringExtension.java:97)
	at org.junit.jupiter.engine.descriptor.ClassTestDescriptor.lambda$invokeTestInstancePostProcessors$5(ClassTestDescriptor.java:349)
	at org.junit.jupiter.engine.descriptor.JupiterTestDescriptor.executeAndMaskThrowable(JupiterTestDescriptor.java:215)
	at org.junit.jupiter.engine.descriptor.ClassTestDescriptor.lambda$invokeTestInstancePostProcessors$6(ClassTestDescriptor.java:349)
	at java.base/java.util.stream.ReferencePipeline$3$1.accept(ReferencePipeline.java:195)
	at java.base/java.util.stream.ReferencePipeline$2$1.accept(ReferencePipeline.java:177)
	at java.base/java.util.ArrayList$ArrayListSpliterator.forEachRemaining(ArrayList.java:1654)
	at java.base/java.util.stream.AbstractPipeline.copyInto(AbstractPipeline.java:484)
	at java.base/java.util.stream.AbstractPipeline.wrapAndCopyInto(AbstractPipeline.java:474)
	at java.base/java.util.stream.StreamSpliterators$WrappingSpliterator.forEachRemaining(StreamSpliterators.java:312)
	at java.base/java.util.stream.Streams$ConcatSpliterator.forEachRemaining(Streams.java:735)
	at java.base/java.util.stream.Streams$ConcatSpliterator.forEachRemaining(Streams.java:734)
	at java.base/java.util.stream.ReferencePipeline$Head.forEach(ReferencePipeline.java:658)
	at org.junit.jupiter.engine.descriptor.ClassTestDescriptor.invokeTestInstancePostProcessors(ClassTestDescriptor.java:348)
	at org.junit.jupiter.engine.descriptor.ClassTestDescriptor.instantiateAndPostProcessTestInstance(ClassTestDescriptor.java:270)
	at org.junit.jupiter.engine.descriptor.ClassTestDescriptor.lambda$testInstanceProvider$2(ClassTestDescriptor.java:259)
	at org.junit.jupiter.engine.descriptor.ClassTestDescriptor.lambda$testInstanceProvider$3(ClassTestDescriptor.java:263)
	at java.base/java.util.Optional.orElseGet(Optional.java:369)
	at org.junit.jupiter.engine.descriptor.ClassTestDescriptor.lambda$testInstanceProvider$4(ClassTestDescriptor.java:262)
	at org.junit.jupiter.engine.descriptor.TestMethodTestDescriptor.prepare(TestMethodTestDescriptor.java:82)
	at org.junit.jupiter.engine.descriptor.TestMethodTestDescriptor.prepare(TestMethodTestDescriptor.java:59)
	at org.junit.platform.engine.support.hierarchical.NodeTestTask.lambda$prepare$0(NodeTestTask.java:83)
	at org.junit.platform.engine.support.hierarchical.ThrowableCollector.execute(ThrowableCollector.java:72)
	at org.junit.platform.engine.support.hierarchical.NodeTestTask.prepare(NodeTestTask.java:83)
	at org.junit.platform.engine.support.hierarchical.NodeTestTask.execute(NodeTestTask.java:69)
	at java.base/java.util.ArrayList.forEach(ArrayList.java:1540)
	at org.junit.platform.engine.support.hierarchical.SameThreadHierarchicalTestExecutorService.invokeAll(SameThreadHierarchicalTestExecutorService.java:38)
	at org.junit.platform.engine.support.hierarchical.NodeTestTask.lambda$executeRecursively$4(NodeTestTask.java:112)
	at org.junit.platform.engine.support.hierarchical.ThrowableCollector.execute(ThrowableCollector.java:72)
	at org.junit.platform.engine.support.hierarchical.NodeTestTask.executeRecursively(NodeTestTask.java:98)
	at org.junit.platform.engine.support.hierarchical.NodeTestTask.execute(NodeTestTask.java:74)
	at java.base/java.util.ArrayList.forEach(ArrayList.java:1540)
	at org.junit.platform.engine.support.hierarchical.SameThreadHierarchicalTestExecutorService.invokeAll(SameThreadHierarchicalTestExecutorService.java:38)
	at org.junit.platform.engine.support.hierarchical.NodeTestTask.lambda$executeRecursively$4(NodeTestTask.java:112)
	at org.junit.platform.engine.support.hierarchical.ThrowableCollector.execute(ThrowableCollector.java:72)
	at org.junit.platform.engine.support.hierarchical.NodeTestTask.executeRecursively(NodeTestTask.java:98)
	at org.junit.platform.engine.support.hierarchical.NodeTestTask.execute(NodeTestTask.java:74)
	at org.junit.platform.engine.support.hierarchical.SameThreadHierarchicalTestExecutorService.submit(SameThreadHierarchicalTestExecutorService.java:32)
	at org.junit.platform.engine.support.hierarchical.HierarchicalTestExecutor.execute(HierarchicalTestExecutor.java:57)
	at org.junit.platform.engine.support.hierarchical.HierarchicalTestEngine.execute(HierarchicalTestEngine.java:51)
	at org.junit.platform.launcher.core.DefaultLauncher.execute(DefaultLauncher.java:220)
	at org.junit.platform.launcher.core.DefaultLauncher.lambda$execute$6(DefaultLauncher.java:188)
	at org.junit.platform.launcher.core.DefaultLauncher.withInterceptedStreams(DefaultLauncher.java:202)
	at org.junit.platform.launcher.core.DefaultLauncher.execute(DefaultLauncher.java:181)
	at org.junit.platform.launcher.core.DefaultLauncher.execute(DefaultLauncher.java:128)
	at org.apache.maven.surefire.junitplatform.JUnitPlatformProvider.invokeAllTests(JUnitPlatformProvider.java:142)
	at org.apache.maven.surefire.junitplatform.JUnitPlatformProvider.invoke(JUnitPlatformProvider.java:117)
	at org.apache.maven.surefire.booter.ForkedBooter.invokeProviderInSameClassLoader(ForkedBooter.java:384)
	at org.apache.maven.surefire.booter.ForkedBooter.runSuitesInProcess(ForkedBooter.java:345)
	at org.apache.maven.surefire.booter.ForkedBooter.execute(ForkedBooter.java:126)
	at org.apache.maven.surefire.booter.ForkedBooter.main(ForkedBooter.java:418)
Caused by: org.springframework.beans.BeanInstantiationException: Failed to instantiate [org.springframework.data.mongodb.core.MongoTemplate]: Factory method 'mongoTemplate' threw exception; nested exception is org.springframework.beans.factory.BeanCreationException: Error creating bean with name 'mongoDbFactory' defined in class path resource [ru/otus/igorr/books/lesson12/config/MongoConfig.class]: Bean instantiation via factory method failed; nested exception is org.springframework.beans.BeanInstantiationException: Failed to instantiate [org.springframework.data.mongodb.MongoDbFactory]: Factory method 'mongoDbFactory' threw exception; nested exception is java.lang.IllegalArgumentException: Database name must not be empty!
	at org.springframework.beans.factory.support.SimpleInstantiationStrategy.instantiate(SimpleInstantiationStrategy.java:185)
	at org.springframework.beans.factory.support.ConstructorResolver.instantiate(ConstructorResolver.java:622)
	... 74 common frames omitted
Caused by: org.springframework.beans.factory.BeanCreationException: Error creating bean with name 'mongoDbFactory' defined in class path resource [ru/otus/igorr/books/lesson12/config/MongoConfig.class]: Bean instantiation via factory method failed; nested exception is org.springframework.beans.BeanInstantiationException: Failed to instantiate [org.springframework.data.mongodb.MongoDbFactory]: Factory method 'mongoDbFactory' threw exception; nested exception is java.lang.IllegalArgumentException: Database name must not be empty!
	at org.springframework.beans.factory.support.ConstructorResolver.instantiate(ConstructorResolver.java:627)
	at org.springframework.beans.factory.support.ConstructorResolver.instantiateUsingFactoryMethod(ConstructorResolver.java:456)
	at org.springframework.beans.factory.support.AbstractAutowireCapableBeanFactory.instantiateUsingFactoryMethod(AbstractAutowireCapableBeanFactory.java:1305)
	at org.springframework.beans.factory.support.AbstractAutowireCapableBeanFactory.createBeanInstance(AbstractAutowireCapableBeanFactory.java:1144)
	at org.springframework.beans.factory.support.AbstractAutowireCapableBeanFactory.doCreateBean(AbstractAutowireCapableBeanFactory.java:555)
	at org.springframework.beans.factory.support.AbstractAutowireCapableBeanFactory.createBean(AbstractAutowireCapableBeanFactory.java:515)
	at org.springframework.beans.factory.support.AbstractBeanFactory.lambda$doGetBean$0(AbstractBeanFactory.java:320)
	at org.springframework.beans.factory.support.DefaultSingletonBeanRegistry.getSingleton(DefaultSingletonBeanRegistry.java:222)
	at org.springframework.beans.factory.support.AbstractBeanFactory.doGetBean(AbstractBeanFactory.java:318)
	at org.springframework.beans.factory.support.AbstractBeanFactory.getBean(AbstractBeanFactory.java:199)
	at org.springframework.context.annotation.ConfigurationClassEnhancer$BeanMethodInterceptor.resolveBeanReference(ConfigurationClassEnhancer.java:394)
	at org.springframework.context.annotation.ConfigurationClassEnhancer$BeanMethodInterceptor.intercept(ConfigurationClassEnhancer.java:366)
	at ru.otus.igorr.books.lesson12.config.MongoConfig$$EnhancerBySpringCGLIB$$f87711c3.mongoDbFactory(<generated>)
	at org.springframework.data.mongodb.config.AbstractMongoConfiguration.mongoTemplate(AbstractMongoConfiguration.java:64)
	at ru.otus.igorr.books.lesson12.config.MongoConfig$$EnhancerBySpringCGLIB$$f87711c3.CGLIB$mongoTemplate$4(<generated>)
	at ru.otus.igorr.books.lesson12.config.MongoConfig$$EnhancerBySpringCGLIB$$f87711c3$$FastClassBySpringCGLIB$$5af77dbd.invoke(<generated>)
	at org.springframework.cglib.proxy.MethodProxy.invokeSuper(MethodProxy.java:244)
	at org.springframework.context.annotation.ConfigurationClassEnhancer$BeanMethodInterceptor.intercept(ConfigurationClassEnhancer.java:363)
	at ru.otus.igorr.books.lesson12.config.MongoConfig$$EnhancerBySpringCGLIB$$f87711c3.mongoTemplate(<generated>)
	at java.base/jdk.internal.reflect.NativeMethodAccessorImpl.invoke0(Native Method)
	at java.base/jdk.internal.reflect.NativeMethodAccessorImpl.invoke(NativeMethodAccessorImpl.java:62)
	at java.base/jdk.internal.reflect.DelegatingMethodAccessorImpl.invoke(DelegatingMethodAccessorImpl.java:43)
	at java.base/java.lang.reflect.Method.invoke(Method.java:566)
	at org.springframework.beans.factory.support.SimpleInstantiationStrategy.instantiate(SimpleInstantiationStrategy.java:154)
	... 75 common frames omitted
Caused by: org.springframework.beans.BeanInstantiationException: Failed to instantiate [org.springframework.data.mongodb.MongoDbFactory]: Factory method 'mongoDbFactory' threw exception; nested exception is java.lang.IllegalArgumentException: Database name must not be empty!
	at org.springframework.beans.factory.support.SimpleInstantiationStrategy.instantiate(SimpleInstantiationStrategy.java:185)
	at org.springframework.beans.factory.support.ConstructorResolver.instantiate(ConstructorResolver.java:622)
	... 98 common frames omitted
Caused by: java.lang.IllegalArgumentException: Database name must not be empty!
	at org.springframework.util.Assert.hasText(Assert.java:284)
	at org.springframework.data.mongodb.core.MongoDbFactorySupport.<init>(MongoDbFactorySupport.java:71)
	at org.springframework.data.mongodb.core.SimpleMongoDbFactory.<init>(SimpleMongoDbFactory.java:69)
	at org.springframework.data.mongodb.core.SimpleMongoDbFactory.<init>(SimpleMongoDbFactory.java:59)
	at org.springframework.data.mongodb.config.AbstractMongoConfiguration.mongoDbFactory(AbstractMongoConfiguration.java:77)
	at ru.otus.igorr.books.lesson12.config.MongoConfig$$EnhancerBySpringCGLIB$$f87711c3.CGLIB$mongoDbFactory$2(<generated>)
	at ru.otus.igorr.books.lesson12.config.MongoConfig$$EnhancerBySpringCGLIB$$f87711c3$$FastClassBySpringCGLIB$$5af77dbd.invoke(<generated>)
	at org.springframework.cglib.proxy.MethodProxy.invokeSuper(MethodProxy.java:244)
	at org.springframework.context.annotation.ConfigurationClassEnhancer$BeanMethodInterceptor.intercept(ConfigurationClassEnhancer.java:363)
	at ru.otus.igorr.books.lesson12.config.MongoConfig$$EnhancerBySpringCGLIB$$f87711c3.mongoDbFactory(<generated>)
	at java.base/jdk.internal.reflect.NativeMethodAccessorImpl.invoke0(Native Method)
	at java.base/jdk.internal.reflect.NativeMethodAccessorImpl.invoke(NativeMethodAccessorImpl.java:62)
	at java.base/jdk.internal.reflect.DelegatingMethodAccessorImpl.invoke(DelegatingMethodAccessorImpl.java:43)
	at java.base/java.lang.reflect.Method.invoke(Method.java:566)
	at org.springframework.beans.factory.support.SimpleInstantiationStrategy.instantiate(SimpleInstantiationStrategy.java:154)
	... 99 common frames omitted
18:43:06.526 [main] &amp#27;[34mINFO &amp#27;[0;39m &amp#27;[36m.b.l.s.a.AuthorServiceImplTest&amp#27;[0;39m : Starting AuthorServiceImplTest on SBTOVB-SD004039 with PID 6816 (started by 16726080 in C:\Users\16726080\IdeaProjects\books\lesson12)
18:43:06.526 [main] &amp#27;[39mDEBUG&amp#27;[0;39m &amp#27;[36m.b.l.s.a.AuthorServiceImplTest&amp#27;[0;39m : Running with Spring Boot v2.1.3.RELEASE, Spring v5.1.5.RELEASE
18:43:06.526 [main] &amp#27;[34mINFO &amp#27;[0;39m &amp#27;[36m.b.l.s.a.AuthorServiceImplTest&amp#27;[0;39m : No active profile set, falling back to default profiles: default
18:43:07.021 [main] &amp#27;[34mINFO &amp#27;[0;39m &amp#27;[36mepositoryConfigurationDelegate&amp#27;[0;39m : Multiple Spring Data modules found, entering strict repository configuration mode!
18:43:07.021 [main] &amp#27;[34mINFO &amp#27;[0;39m &amp#27;[36mepositoryConfigurationDelegate&amp#27;[0;39m : Bootstrapping Spring Data repositories in DEFAULT mode.
18:43:07.061 [main] &amp#27;[34mINFO &amp#27;[0;39m &amp#27;[36myConfigurationExtensionSupport&amp#27;[0;39m : Spring Data MongoDB - Could not safely identify store assignment for repository candidate interface ru.otus.igorr.books.lesson12.repository.author.AuthorRepository.
18:43:07.061 [main] &amp#27;[34mINFO &amp#27;[0;39m &amp#27;[36myConfigurationExtensionSupport&amp#27;[0;39m : Spring Data MongoDB - Could not safely identify store assignment for repository candidate interface ru.otus.igorr.books.lesson12.repository.book.BookRepository.
18:43:07.064 [main] &amp#27;[34mINFO &amp#27;[0;39m &amp#27;[36myConfigurationExtensionSupport&amp#27;[0;39m : Spring Data MongoDB - Could not safely identify store assignment for repository candidate interface ru.otus.igorr.books.lesson12.repository.book.NoteRepository.
18:43:07.065 [main] &amp#27;[34mINFO &amp#27;[0;39m &amp#27;[36myConfigurationExtensionSupport&amp#27;[0;39m : Spring Data MongoDB - Could not safely identify store assignment for repository candidate interface ru.otus.igorr.books.lesson12.repository.genre.GenreRepository.
18:43:07.088 [main] &amp#27;[34mINFO &amp#27;[0;39m &amp#27;[36mepositoryConfigurationDelegate&amp#27;[0;39m : Finished Spring Data repository scanning in 66ms. Found 1 repository interfaces.
18:43:07.102 [main] &amp#27;[34mINFO &amp#27;[0;39m &amp#27;[36mepositoryConfigurationDelegate&amp#27;[0;39m : Multiple Spring Data modules found, entering strict repository configuration mode!
18:43:07.102 [main] &amp#27;[34mINFO &amp#27;[0;39m &amp#27;[36mepositoryConfigurationDelegate&amp#27;[0;39m : Bootstrapping Spring Data repositories in DEFAULT mode.
18:43:07.199 [main] &amp#27;[34mINFO &amp#27;[0;39m &amp#27;[36myConfigurationExtensionSupport&amp#27;[0;39m : Spring Data JPA - Could not safely identify store assignment for repository candidate interface ru.otus.igorr.books.lesson12.repository.person.PersonRepository.
18:43:07.265 [main] &amp#27;[34mINFO &amp#27;[0;39m &amp#27;[36mepositoryConfigurationDelegate&amp#27;[0;39m : Finished Spring Data repository scanning in 163ms. Found 4 repository interfaces.
18:43:07.481 [main] &amp#27;[34mINFO &amp#27;[0;39m &amp#27;[36mc.z.h.HikariDataSource        &amp#27;[0;39m : HikariPool-4 - Starting...
18:43:07.492 [main] &amp#27;[34mINFO &amp#27;[0;39m &amp#27;[36mc.z.h.HikariDataSource        &amp#27;[0;39m : HikariPool-4 - Start completed.
18:43:07.579 [main] &amp#27;[34mINFO &amp#27;[0;39m &amp#27;[36mo.h.j.i.u.LogHelper           &amp#27;[0;39m : HHH000204: Processing PersistenceUnitInfo [
	name: default
	...]
18:43:07.631 [main] &amp#27;[34mINFO &amp#27;[0;39m &amp#27;[36mo.h.d.Dialect                 &amp#27;[0;39m : HHH000400: Using dialect: org.hibernate.dialect.H2Dialect
18:43:08.250 [main] &amp#27;[34mINFO &amp#27;[0;39m &amp#27;[36mtainerEntityManagerFactoryBean&amp#27;[0;39m : Initialized JPA EntityManagerFactory for persistence unit 'default'
18:43:08.259 [main] &amp#27;[31mWARN &amp#27;[0;39m &amp#27;[36mtationConfigApplicationContext&amp#27;[0;39m : Exception encountered during context initialization - cancelling refresh attempt: org.springframework.beans.factory.BeanCreationException: Error creating bean with name 'entityManagerFactory' defined in class path resource [org/springframework/boot/autoconfigure/orm/jpa/HibernateJpaConfiguration.class]: Initialization of bean failed; nested exception is org.springframework.jdbc.datasource.init.ScriptStatementFailedException: Failed to execute SQL script statement #1 of class path resource [testdata.sql]: insert into genre(id, name, description) values(1, 'genre.1','genre.1.description'); nested exception is org.h2.jdbc.JdbcSQLException: Нарушение уникального индекса или первичного ключа: "PRIMARY KEY ON PUBLIC.GENRE(ID)"
Unique index or primary key violation: "PRIMARY KEY ON PUBLIC.GENRE(ID)"; SQL statement:
insert into genre(id, name, description) values(1, 'genre.1','genre.1.description') [23505-197]
18:43:08.260 [main] &amp#27;[34mINFO &amp#27;[0;39m &amp#27;[36mc.z.h.HikariDataSource        &amp#27;[0;39m : HikariPool-4 - Shutdown initiated...
18:43:08.321 [main] &amp#27;[34mINFO &amp#27;[0;39m &amp#27;[36mc.z.h.HikariDataSource        &amp#27;[0;39m : HikariPool-4 - Shutdown completed.
18:43:08.330 [main] &amp#27;[34mINFO &amp#27;[0;39m &amp#27;[36mvaluationReportLoggingListener&amp#27;[0;39m : 

Error starting ApplicationContext. To display the conditions report re-run your application with 'debug' enabled.
18:43:08.333 [main] &amp#27;[1;31mERROR&amp#27;[0;39m &amp#27;[36mo.s.b.SpringApplication       &amp#27;[0;39m : Application run failed
org.springframework.beans.factory.BeanCreationException: Error creating bean with name 'entityManagerFactory' defined in class path resource [org/springframework/boot/autoconfigure/orm/jpa/HibernateJpaConfiguration.class]: Initialization of bean failed; nested exception is org.springframework.jdbc.datasource.init.ScriptStatementFailedException: Failed to execute SQL script statement #1 of class path resource [testdata.sql]: insert into genre(id, name, description) values(1, 'genre.1','genre.1.description'); nested exception is org.h2.jdbc.JdbcSQLException: Нарушение уникального индекса или первичного ключа: "PRIMARY KEY ON PUBLIC.GENRE(ID)"
Unique index or primary key violation: "PRIMARY KEY ON PUBLIC.GENRE(ID)"; SQL statement:
insert into genre(id, name, description) values(1, 'genre.1','genre.1.description') [23505-197]
	at org.springframework.beans.factory.support.AbstractAutowireCapableBeanFactory.doCreateBean(AbstractAutowireCapableBeanFactory.java:601)
	at org.springframework.beans.factory.support.AbstractAutowireCapableBeanFactory.createBean(AbstractAutowireCapableBeanFactory.java:515)
	at org.springframework.beans.factory.support.AbstractBeanFactory.lambda$doGetBean$0(AbstractBeanFactory.java:320)
	at org.springframework.beans.factory.support.DefaultSingletonBeanRegistry.getSingleton(DefaultSingletonBeanRegistry.java:222)
	at org.springframework.beans.factory.support.AbstractBeanFactory.doGetBean(AbstractBeanFactory.java:318)
	at org.springframework.beans.factory.support.AbstractBeanFactory.getBean(AbstractBeanFactory.java:199)
	at org.springframework.context.support.AbstractApplicationContext.getBean(AbstractApplicationContext.java:1105)
	at org.springframework.context.support.AbstractApplicationContext.finishBeanFactoryInitialization(AbstractApplicationContext.java:867)
	at org.springframework.context.support.AbstractApplicationContext.refresh(AbstractApplicationContext.java:549)
	at org.springframework.boot.SpringApplication.refresh(SpringApplication.java:775)
	at org.springframework.boot.SpringApplication.refreshContext(SpringApplication.java:397)
	at org.springframework.boot.SpringApplication.run(SpringApplication.java:316)
	at org.springframework.boot.test.context.SpringBootContextLoader.loadContext(SpringBootContextLoader.java:127)
	at org.springframework.test.context.cache.DefaultCacheAwareContextLoaderDelegate.loadContextInternal(DefaultCacheAwareContextLoaderDelegate.java:99)
	at org.springframework.test.context.cache.DefaultCacheAwareContextLoaderDelegate.loadContext(DefaultCacheAwareContextLoaderDelegate.java:117)
	at org.springframework.test.context.support.DefaultTestContext.getApplicationContext(DefaultTestContext.java:108)
	at org.springframework.boot.test.autoconfigure.SpringBootDependencyInjectionTestExecutionListener.outputConditionEvaluationReport(SpringBootDependencyInjectionTestExecutionListener.java:54)
	at org.springframework.boot.test.autoconfigure.SpringBootDependencyInjectionTestExecutionListener.prepareTestInstance(SpringBootDependencyInjectionTestExecutionListener.java:47)
	at org.springframework.test.context.TestContextManager.prepareTestInstance(TestContextManager.java:246)
	at org.springframework.test.context.junit.jupiter.SpringExtension.postProcessTestInstance(SpringExtension.java:97)
	at org.junit.jupiter.engine.descriptor.ClassTestDescriptor.lambda$invokeTestInstancePostProcessors$5(ClassTestDescriptor.java:349)
	at org.junit.jupiter.engine.descriptor.JupiterTestDescriptor.executeAndMaskThrowable(JupiterTestDescriptor.java:215)
	at org.junit.jupiter.engine.descriptor.ClassTestDescriptor.lambda$invokeTestInstancePostProcessors$6(ClassTestDescriptor.java:349)
	at java.base/java.util.stream.ReferencePipeline$3$1.accept(ReferencePipeline.java:195)
	at java.base/java.util.stream.ReferencePipeline$2$1.accept(ReferencePipeline.java:177)
	at java.base/java.util.ArrayList$ArrayListSpliterator.forEachRemaining(ArrayList.java:1654)
	at java.base/java.util.stream.AbstractPipeline.copyInto(AbstractPipeline.java:484)
	at java.base/java.util.stream.AbstractPipeline.wrapAndCopyInto(AbstractPipeline.java:474)
	at java.base/java.util.stream.StreamSpliterators$WrappingSpliterator.forEachRemaining(StreamSpliterators.java:312)
	at java.base/java.util.stream.Streams$ConcatSpliterator.forEachRemaining(Streams.java:735)
	at java.base/java.util.stream.Streams$ConcatSpliterator.forEachRemaining(Streams.java:734)
	at java.base/java.util.stream.ReferencePipeline$Head.forEach(ReferencePipeline.java:658)
	at org.junit.jupiter.engine.descriptor.ClassTestDescriptor.invokeTestInstancePostProcessors(ClassTestDescriptor.java:348)
	at org.junit.jupiter.engine.descriptor.ClassTestDescriptor.instantiateAndPostProcessTestInstance(ClassTestDescriptor.java:270)
	at org.junit.jupiter.engine.descriptor.ClassTestDescriptor.lambda$testInstanceProvider$2(ClassTestDescriptor.java:259)
	at org.junit.jupiter.engine.descriptor.ClassTestDescriptor.lambda$testInstanceProvider$3(ClassTestDescriptor.java:263)
	at java.base/java.util.Optional.orElseGet(Optional.java:369)
	at org.junit.jupiter.engine.descriptor.ClassTestDescriptor.lambda$testInstanceProvider$4(ClassTestDescriptor.java:262)
	at org.junit.jupiter.engine.descriptor.TestMethodTestDescriptor.prepare(TestMethodTestDescriptor.java:82)
	at org.junit.jupiter.engine.descriptor.TestMethodTestDescriptor.prepare(TestMethodTestDescriptor.java:59)
	at org.junit.platform.engine.support.hierarchical.NodeTestTask.lambda$prepare$0(NodeTestTask.java:83)
	at org.junit.platform.engine.support.hierarchical.ThrowableCollector.execute(ThrowableCollector.java:72)
	at org.junit.platform.engine.support.hierarchical.NodeTestTask.prepare(NodeTestTask.java:83)
	at org.junit.platform.engine.support.hierarchical.NodeTestTask.execute(NodeTestTask.java:69)
	at java.base/java.util.ArrayList.forEach(ArrayList.java:1540)
	at org.junit.platform.engine.support.hierarchical.SameThreadHierarchicalTestExecutorService.invokeAll(SameThreadHierarchicalTestExecutorService.java:38)
	at org.junit.platform.engine.support.hierarchical.NodeTestTask.lambda$executeRecursively$4(NodeTestTask.java:112)
	at org.junit.platform.engine.support.hierarchical.ThrowableCollector.execute(ThrowableCollector.java:72)
	at org.junit.platform.engine.support.hierarchical.NodeTestTask.executeRecursively(NodeTestTask.java:98)
	at org.junit.platform.engine.support.hierarchical.NodeTestTask.execute(NodeTestTask.java:74)
	at java.base/java.util.ArrayList.forEach(ArrayList.java:1540)
	at org.junit.platform.engine.support.hierarchical.SameThreadHierarchicalTestExecutorService.invokeAll(SameThreadHierarchicalTestExecutorService.java:38)
	at org.junit.platform.engine.support.hierarchical.NodeTestTask.lambda$executeRecursively$4(NodeTestTask.java:112)
	at org.junit.platform.engine.support.hierarchical.ThrowableCollector.execute(ThrowableCollector.java:72)
	at org.junit.platform.engine.support.hierarchical.NodeTestTask.executeRecursively(NodeTestTask.java:98)
	at org.junit.platform.engine.support.hierarchical.NodeTestTask.execute(NodeTestTask.java:74)
	at org.junit.platform.engine.support.hierarchical.SameThreadHierarchicalTestExecutorService.submit(SameThreadHierarchicalTestExecutorService.java:32)
	at org.junit.platform.engine.support.hierarchical.HierarchicalTestExecutor.execute(HierarchicalTestExecutor.java:57)
	at org.junit.platform.engine.support.hierarchical.HierarchicalTestEngine.execute(HierarchicalTestEngine.java:51)
	at org.junit.platform.launcher.core.DefaultLauncher.execute(DefaultLauncher.java:220)
	at org.junit.platform.launcher.core.DefaultLauncher.lambda$execute$6(DefaultLauncher.java:188)
	at org.junit.platform.launcher.core.DefaultLauncher.withInterceptedStreams(DefaultLauncher.java:202)
	at org.junit.platform.launcher.core.DefaultLauncher.execute(DefaultLauncher.java:181)
	at org.junit.platform.launcher.core.DefaultLauncher.execute(DefaultLauncher.java:128)
	at org.apache.maven.surefire.junitplatform.JUnitPlatformProvider.invokeAllTests(JUnitPlatformProvider.java:142)
	at org.apache.maven.surefire.junitplatform.JUnitPlatformProvider.invoke(JUnitPlatformProvider.java:117)
	at org.apache.maven.surefire.booter.ForkedBooter.invokeProviderInSameClassLoader(ForkedBooter.java:384)
	at org.apache.maven.surefire.booter.ForkedBooter.runSuitesInProcess(ForkedBooter.java:345)
	at org.apache.maven.surefire.booter.ForkedBooter.execute(ForkedBooter.java:126)
	at org.apache.maven.surefire.booter.ForkedBooter.main(ForkedBooter.java:418)
Caused by: org.springframework.jdbc.datasource.init.ScriptStatementFailedException: Failed to execute SQL script statement #1 of class path resource [testdata.sql]: insert into genre(id, name, description) values(1, 'genre.1','genre.1.description'); nested exception is org.h2.jdbc.JdbcSQLException: Нарушение уникального индекса или первичного ключа: "PRIMARY KEY ON PUBLIC.GENRE(ID)"
Unique index or primary key violation: "PRIMARY KEY ON PUBLIC.GENRE(ID)"; SQL statement:
insert into genre(id, name, description) values(1, 'genre.1','genre.1.description') [23505-197]
	at org.springframework.jdbc.datasource.init.ScriptUtils.executeSqlScript(ScriptUtils.java:509)
	at org.springframework.jdbc.datasource.init.ResourceDatabasePopulator.populate(ResourceDatabasePopulator.java:238)
	at org.springframework.jdbc.datasource.init.DatabasePopulatorUtils.execute(DatabasePopulatorUtils.java:48)
	at org.springframework.boot.autoconfigure.jdbc.DataSourceInitializer.runScripts(DataSourceInitializer.java:210)
	at org.springframework.boot.autoconfigure.jdbc.DataSourceInitializer.initSchema(DataSourceInitializer.java:123)
	at org.springframework.boot.autoconfigure.jdbc.DataSourceInitializerInvoker.onApplicationEvent(DataSourceInitializerInvoker.java:93)
	at org.springframework.boot.autoconfigure.jdbc.DataSourceInitializerInvoker.onApplicationEvent(DataSourceInitializerInvoker.java:37)
	at org.springframework.context.event.SimpleApplicationEventMulticaster.doInvokeListener(SimpleApplicationEventMulticaster.java:172)
	at org.springframework.context.event.SimpleApplicationEventMulticaster.invokeListener(SimpleApplicationEventMulticaster.java:165)
	at org.springframework.context.event.SimpleApplicationEventMulticaster.multicastEvent(SimpleApplicationEventMulticaster.java:139)
	at org.springframework.context.support.AbstractApplicationContext.publishEvent(AbstractApplicationContext.java:402)
	at org.springframework.context.support.AbstractApplicationContext.publishEvent(AbstractApplicationContext.java:359)
	at org.springframework.boot.autoconfigure.orm.jpa.DataSourceInitializedPublisher.publishEventIfRequired(DataSourceInitializedPublisher.java:98)
	at org.springframework.boot.autoconfigure.orm.jpa.DataSourceInitializedPublisher.postProcessAfterInitialization(DataSourceInitializedPublisher.java:88)
	at org.springframework.beans.factory.support.AbstractAutowireCapableBeanFactory.applyBeanPostProcessorsAfterInitialization(AbstractAutowireCapableBeanFactory.java:429)
	at org.springframework.beans.factory.support.AbstractAutowireCapableBeanFactory.initializeBean(AbstractAutowireCapableBeanFactory.java:1766)
	at org.springframework.beans.factory.support.AbstractAutowireCapableBeanFactory.doCreateBean(AbstractAutowireCapableBeanFactory.java:593)
	... 69 common frames omitted
Caused by: org.h2.jdbc.JdbcSQLException: Нарушение уникального индекса или первичного ключа: "PRIMARY KEY ON PUBLIC.GENRE(ID)"
Unique index or primary key violation: "PRIMARY KEY ON PUBLIC.GENRE(ID)"; SQL statement:
insert into genre(id, name, description) values(1, 'genre.1','genre.1.description') [23505-197]
	at org.h2.message.DbException.getJdbcSQLException(DbException.java:357)
	at org.h2.message.DbException.get(DbException.java:179)
	at org.h2.message.DbException.get(DbException.java:155)
	at org.h2.mvstore.db.MVPrimaryIndex.add(MVPrimaryIndex.java:123)
	at org.h2.mvstore.db.MVTable.addRow(MVTable.java:732)
	at org.h2.command.dml.Insert.insertRows(Insert.java:182)
	at org.h2.command.dml.Insert.update(Insert.java:134)
	at org.h2.command.CommandContainer.update(CommandContainer.java:102)
	at org.h2.command.Command.executeUpdate(Command.java:261)
	at org.h2.jdbc.JdbcStatement.executeInternal(JdbcStatement.java:233)
	at org.h2.jdbc.JdbcStatement.execute(JdbcStatement.java:205)
	at com.zaxxer.hikari.pool.ProxyStatement.execute(ProxyStatement.java:95)
	at com.zaxxer.hikari.pool.HikariProxyStatement.execute(HikariProxyStatement.java)
	at org.springframework.jdbc.datasource.init.ScriptUtils.executeSqlScript(ScriptUtils.java:488)
	... 85 common frames omitted
18:43:08.337 [main] &amp#27;[1;31mERROR&amp#27;[0;39m &amp#27;[36mo.s.t.c.TestContextManager    &amp#27;[0;39m : Caught exception while allowing TestExecutionListener [org.springframework.boot.test.autoconfigure.SpringBootDependencyInjectionTestExecutionListener@5e9a9683] to prepare test instance [ru.otus.igorr.books.lesson12.service.author.AuthorServiceImplTest@7c2d4398]
java.lang.IllegalStateException: Failed to load ApplicationContext
	at org.springframework.test.context.cache.DefaultCacheAwareContextLoaderDelegate.loadContext(DefaultCacheAwareContextLoaderDelegate.java:125)
	at org.springframework.test.context.support.DefaultTestContext.getApplicationContext(DefaultTestContext.java:108)
	at org.springframework.test.context.support.DependencyInjectionTestExecutionListener.injectDependencies(DependencyInjectionTestExecutionListener.java:118)
	at org.springframework.test.context.support.DependencyInjectionTestExecutionListener.prepareTestInstance(DependencyInjectionTestExecutionListener.java:83)
	at org.springframework.boot.test.autoconfigure.SpringBootDependencyInjectionTestExecutionListener.prepareTestInstance(SpringBootDependencyInjectionTestExecutionListener.java:44)
	at org.springframework.test.context.TestContextManager.prepareTestInstance(TestContextManager.java:246)
	at org.springframework.test.context.junit.jupiter.SpringExtension.postProcessTestInstance(SpringExtension.java:97)
	at org.junit.jupiter.engine.descriptor.ClassTestDescriptor.lambda$invokeTestInstancePostProcessors$5(ClassTestDescriptor.java:349)
	at org.junit.jupiter.engine.descriptor.JupiterTestDescriptor.executeAndMaskThrowable(JupiterTestDescriptor.java:215)
	at org.junit.jupiter.engine.descriptor.ClassTestDescriptor.lambda$invokeTestInstancePostProcessors$6(ClassTestDescriptor.java:349)
	at java.base/java.util.stream.ReferencePipeline$3$1.accept(ReferencePipeline.java:195)
	at java.base/java.util.stream.ReferencePipeline$2$1.accept(ReferencePipeline.java:177)
	at java.base/java.util.ArrayList$ArrayListSpliterator.forEachRemaining(ArrayList.java:1654)
	at java.base/java.util.stream.AbstractPipeline.copyInto(AbstractPipeline.java:484)
	at java.base/java.util.stream.AbstractPipeline.wrapAndCopyInto(AbstractPipeline.java:474)
	at java.base/java.util.stream.StreamSpliterators$WrappingSpliterator.forEachRemaining(StreamSpliterators.java:312)
	at java.base/java.util.stream.Streams$ConcatSpliterator.forEachRemaining(Streams.java:735)
	at java.base/java.util.stream.Streams$ConcatSpliterator.forEachRemaining(Streams.java:734)
	at java.base/java.util.stream.ReferencePipeline$Head.forEach(ReferencePipeline.java:658)
	at org.junit.jupiter.engine.descriptor.ClassTestDescriptor.invokeTestInstancePostProcessors(ClassTestDescriptor.java:348)
	at org.junit.jupiter.engine.descriptor.ClassTestDescriptor.instantiateAndPostProcessTestInstance(ClassTestDescriptor.java:270)
	at org.junit.jupiter.engine.descriptor.ClassTestDescriptor.lambda$testInstanceProvider$2(ClassTestDescriptor.java:259)
	at org.junit.jupiter.engine.descriptor.ClassTestDescriptor.lambda$testInstanceProvider$3(ClassTestDescriptor.java:263)
	at java.base/java.util.Optional.orElseGet(Optional.java:369)
	at org.junit.jupiter.engine.descriptor.ClassTestDescriptor.lambda$testInstanceProvider$4(ClassTestDescriptor.java:262)
	at org.junit.jupiter.engine.descriptor.TestMethodTestDescriptor.prepare(TestMethodTestDescriptor.java:82)
	at org.junit.jupiter.engine.descriptor.TestMethodTestDescriptor.prepare(TestMethodTestDescriptor.java:59)
	at org.junit.platform.engine.support.hierarchical.NodeTestTask.lambda$prepare$0(NodeTestTask.java:83)
	at org.junit.platform.engine.support.hierarchical.ThrowableCollector.execute(ThrowableCollector.java:72)
	at org.junit.platform.engine.support.hierarchical.NodeTestTask.prepare(NodeTestTask.java:83)
	at org.junit.platform.engine.support.hierarchical.NodeTestTask.execute(NodeTestTask.java:69)
	at java.base/java.util.ArrayList.forEach(ArrayList.java:1540)
	at org.junit.platform.engine.support.hierarchical.SameThreadHierarchicalTestExecutorService.invokeAll(SameThreadHierarchicalTestExecutorService.java:38)
	at org.junit.platform.engine.support.hierarchical.NodeTestTask.lambda$executeRecursively$4(NodeTestTask.java:112)
	at org.junit.platform.engine.support.hierarchical.ThrowableCollector.execute(ThrowableCollector.java:72)
	at org.junit.platform.engine.support.hierarchical.NodeTestTask.executeRecursively(NodeTestTask.java:98)
	at org.junit.platform.engine.support.hierarchical.NodeTestTask.execute(NodeTestTask.java:74)
	at java.base/java.util.ArrayList.forEach(ArrayList.java:1540)
	at org.junit.platform.engine.support.hierarchical.SameThreadHierarchicalTestExecutorService.invokeAll(SameThreadHierarchicalTestExecutorService.java:38)
	at org.junit.platform.engine.support.hierarchical.NodeTestTask.lambda$executeRecursively$4(NodeTestTask.java:112)
	at org.junit.platform.engine.support.hierarchical.ThrowableCollector.execute(ThrowableCollector.java:72)
	at org.junit.platform.engine.support.hierarchical.NodeTestTask.executeRecursively(NodeTestTask.java:98)
	at org.junit.platform.engine.support.hierarchical.NodeTestTask.execute(NodeTestTask.java:74)
	at org.junit.platform.engine.support.hierarchical.SameThreadHierarchicalTestExecutorService.submit(SameThreadHierarchicalTestExecutorService.java:32)
	at org.junit.platform.engine.support.hierarchical.HierarchicalTestExecutor.execute(HierarchicalTestExecutor.java:57)
	at org.junit.platform.engine.support.hierarchical.HierarchicalTestEngine.execute(HierarchicalTestEngine.java:51)
	at org.junit.platform.launcher.core.DefaultLauncher.execute(DefaultLauncher.java:220)
	at org.junit.platform.launcher.core.DefaultLauncher.lambda$execute$6(DefaultLauncher.java:188)
	at org.junit.platform.launcher.core.DefaultLauncher.withInterceptedStreams(DefaultLauncher.java:202)
	at org.junit.platform.launcher.core.DefaultLauncher.execute(DefaultLauncher.java:181)
	at org.junit.platform.launcher.core.DefaultLauncher.execute(DefaultLauncher.java:128)
	at org.apache.maven.surefire.junitplatform.JUnitPlatformProvider.invokeAllTests(JUnitPlatformProvider.java:142)
	at org.apache.maven.surefire.junitplatform.JUnitPlatformProvider.invoke(JUnitPlatformProvider.java:117)
	at org.apache.maven.surefire.booter.ForkedBooter.invokeProviderInSameClassLoader(ForkedBooter.java:384)
	at org.apache.maven.surefire.booter.ForkedBooter.runSuitesInProcess(ForkedBooter.java:345)
	at org.apache.maven.surefire.booter.ForkedBooter.execute(ForkedBooter.java:126)
	at org.apache.maven.surefire.booter.ForkedBooter.main(ForkedBooter.java:418)
Caused by: org.springframework.beans.factory.BeanCreationException: Error creating bean with name 'mongoTemplate' defined in class path resource [ru/otus/igorr/books/lesson12/config/MongoConfig.class]: Bean instantiation via factory method failed; nested exception is org.springframework.beans.BeanInstantiationException: Failed to instantiate [org.springframework.data.mongodb.core.MongoTemplate]: Factory method 'mongoTemplate' threw exception; nested exception is org.springframework.beans.factory.BeanCreationException: Error creating bean with name 'mongoDbFactory' defined in class path resource [ru/otus/igorr/books/lesson12/config/MongoConfig.class]: Bean instantiation via factory method failed; nested exception is org.springframework.beans.BeanInstantiationException: Failed to instantiate [org.springframework.data.mongodb.MongoDbFactory]: Factory method 'mongoDbFactory' threw exception; nested exception is java.lang.IllegalArgumentException: Database name must not be empty!
	at org.springframework.beans.factory.support.ConstructorResolver.instantiate(ConstructorResolver.java:627)
	at org.springframework.beans.factory.support.ConstructorResolver.instantiateUsingFactoryMethod(ConstructorResolver.java:456)
	at org.springframework.beans.factory.support.AbstractAutowireCapableBeanFactory.instantiateUsingFactoryMethod(AbstractAutowireCapableBeanFactory.java:1305)
	at org.springframework.beans.factory.support.AbstractAutowireCapableBeanFactory.createBeanInstance(AbstractAutowireCapableBeanFactory.java:1144)
	at org.springframework.beans.factory.support.AbstractAutowireCapableBeanFactory.doCreateBean(AbstractAutowireCapableBeanFactory.java:555)
	at org.springframework.beans.factory.support.AbstractAutowireCapableBeanFactory.createBean(AbstractAutowireCapableBeanFactory.java:515)
	at org.springframework.beans.factory.support.AbstractBeanFactory.lambda$doGetBean$0(AbstractBeanFactory.java:320)
	at org.springframework.beans.factory.support.DefaultSingletonBeanRegistry.getSingleton(DefaultSingletonBeanRegistry.java:222)
	at org.springframework.beans.factory.support.AbstractBeanFactory.doGetBean(AbstractBeanFactory.java:318)
	at org.springframework.beans.factory.support.AbstractBeanFactory.getBean(AbstractBeanFactory.java:199)
	at org.springframework.beans.factory.support.DefaultListableBeanFactory.preInstantiateSingletons(DefaultListableBeanFactory.java:849)
	at org.springframework.context.support.AbstractApplicationContext.finishBeanFactoryInitialization(AbstractApplicationContext.java:877)
	at org.springframework.context.support.AbstractApplicationContext.refresh(AbstractApplicationContext.java:549)
	at org.springframework.boot.SpringApplication.refresh(SpringApplication.java:775)
	at org.springframework.boot.SpringApplication.refreshContext(SpringApplication.java:397)
	at org.springframework.boot.SpringApplication.run(SpringApplication.java:316)
	at org.springframework.boot.test.context.SpringBootContextLoader.loadContext(SpringBootContextLoader.java:127)
	at org.springframework.test.context.cache.DefaultCacheAwareContextLoaderDelegate.loadContextInternal(DefaultCacheAwareContextLoaderDelegate.java:99)
	at org.springframework.test.context.cache.DefaultCacheAwareContextLoaderDelegate.loadContext(DefaultCacheAwareContextLoaderDelegate.java:117)
	... 56 common frames omitted
Caused by: org.springframework.beans.BeanInstantiationException: Failed to instantiate [org.springframework.data.mongodb.core.MongoTemplate]: Factory method 'mongoTemplate' threw exception; nested exception is org.springframework.beans.factory.BeanCreationException: Error creating bean with name 'mongoDbFactory' defined in class path resource [ru/otus/igorr/books/lesson12/config/MongoConfig.class]: Bean instantiation via factory method failed; nested exception is org.springframework.beans.BeanInstantiationException: Failed to instantiate [org.springframework.data.mongodb.MongoDbFactory]: Factory method 'mongoDbFactory' threw exception; nested exception is java.lang.IllegalArgumentException: Database name must not be empty!
	at org.springframework.beans.factory.support.SimpleInstantiationStrategy.instantiate(SimpleInstantiationStrategy.java:185)
	at org.springframework.beans.factory.support.ConstructorResolver.instantiate(ConstructorResolver.java:622)
	... 74 common frames omitted
Caused by: org.springframework.beans.factory.BeanCreationException: Error creating bean with name 'mongoDbFactory' defined in class path resource [ru/otus/igorr/books/lesson12/config/MongoConfig.class]: Bean instantiation via factory method failed; nested exception is org.springframework.beans.BeanInstantiationException: Failed to instantiate [org.springframework.data.mongodb.MongoDbFactory]: Factory method 'mongoDbFactory' threw exception; nested exception is java.lang.IllegalArgumentException: Database name must not be empty!
	at org.springframework.beans.factory.support.ConstructorResolver.instantiate(ConstructorResolver.java:627)
	at org.springframework.beans.factory.support.ConstructorResolver.instantiateUsingFactoryMethod(ConstructorResolver.java:456)
	at org.springframework.beans.factory.support.AbstractAutowireCapableBeanFactory.instantiateUsingFactoryMethod(AbstractAutowireCapableBeanFactory.java:1305)
	at org.springframework.beans.factory.support.AbstractAutowireCapableBeanFactory.createBeanInstance(AbstractAutowireCapableBeanFactory.java:1144)
	at org.springframework.beans.factory.support.AbstractAutowireCapableBeanFactory.doCreateBean(AbstractAutowireCapableBeanFactory.java:555)
	at org.springframework.beans.factory.support.AbstractAutowireCapableBeanFactory.createBean(AbstractAutowireCapableBeanFactory.java:515)
	at org.springframework.beans.factory.support.AbstractBeanFactory.lambda$doGetBean$0(AbstractBeanFactory.java:320)
	at org.springframework.beans.factory.support.DefaultSingletonBeanRegistry.getSingleton(DefaultSingletonBeanRegistry.java:222)
	at org.springframework.beans.factory.support.AbstractBeanFactory.doGetBean(AbstractBeanFactory.java:318)
	at org.springframework.beans.factory.support.AbstractBeanFactory.getBean(AbstractBeanFactory.java:199)
	at org.springframework.context.annotation.ConfigurationClassEnhancer$BeanMethodInterceptor.resolveBeanReference(ConfigurationClassEnhancer.java:394)
	at org.springframework.context.annotation.ConfigurationClassEnhancer$BeanMethodInterceptor.intercept(ConfigurationClassEnhancer.java:366)
	at ru.otus.igorr.books.lesson12.config.MongoConfig$$EnhancerBySpringCGLIB$$f87711c3.mongoDbFactory(<generated>)
	at org.springframework.data.mongodb.config.AbstractMongoConfiguration.mongoTemplate(AbstractMongoConfiguration.java:64)
	at ru.otus.igorr.books.lesson12.config.MongoConfig$$EnhancerBySpringCGLIB$$f87711c3.CGLIB$mongoTemplate$4(<generated>)
	at ru.otus.igorr.books.lesson12.config.MongoConfig$$EnhancerBySpringCGLIB$$f87711c3$$FastClassBySpringCGLIB$$5af77dbd.invoke(<generated>)
	at org.springframework.cglib.proxy.MethodProxy.invokeSuper(MethodProxy.java:244)
	at org.springframework.context.annotation.ConfigurationClassEnhancer$BeanMethodInterceptor.intercept(ConfigurationClassEnhancer.java:363)
	at ru.otus.igorr.books.lesson12.config.MongoConfig$$EnhancerBySpringCGLIB$$f87711c3.mongoTemplate(<generated>)
	at java.base/jdk.internal.reflect.NativeMethodAccessorImpl.invoke0(Native Method)
	at java.base/jdk.internal.reflect.NativeMethodAccessorImpl.invoke(NativeMethodAccessorImpl.java:62)
	at java.base/jdk.internal.reflect.DelegatingMethodAccessorImpl.invoke(DelegatingMethodAccessorImpl.java:43)
	at java.base/java.lang.reflect.Method.invoke(Method.java:566)
	at org.springframework.beans.factory.support.SimpleInstantiationStrategy.instantiate(SimpleInstantiationStrategy.java:154)
	... 75 common frames omitted
Caused by: org.springframework.beans.BeanInstantiationException: Failed to instantiate [org.springframework.data.mongodb.MongoDbFactory]: Factory method 'mongoDbFactory' threw exception; nested exception is java.lang.IllegalArgumentException: Database name must not be empty!
	at org.springframework.beans.factory.support.SimpleInstantiationStrategy.instantiate(SimpleInstantiationStrategy.java:185)
	at org.springframework.beans.factory.support.ConstructorResolver.instantiate(ConstructorResolver.java:622)
	... 98 common frames omitted
Caused by: java.lang.IllegalArgumentException: Database name must not be empty!
	at org.springframework.util.Assert.hasText(Assert.java:284)
	at org.springframework.data.mongodb.core.MongoDbFactorySupport.<init>(MongoDbFactorySupport.java:71)
	at org.springframework.data.mongodb.core.SimpleMongoDbFactory.<init>(SimpleMongoDbFactory.java:69)
	at org.springframework.data.mongodb.core.SimpleMongoDbFactory.<init>(SimpleMongoDbFactory.java:59)
	at org.springframework.data.mongodb.config.AbstractMongoConfiguration.mongoDbFactory(AbstractMongoConfiguration.java:77)
	at ru.otus.igorr.books.lesson12.config.MongoConfig$$EnhancerBySpringCGLIB$$f87711c3.CGLIB$mongoDbFactory$2(<generated>)
	at ru.otus.igorr.books.lesson12.config.MongoConfig$$EnhancerBySpringCGLIB$$f87711c3$$FastClassBySpringCGLIB$$5af77dbd.invoke(<generated>)
	at org.springframework.cglib.proxy.MethodProxy.invokeSuper(MethodProxy.java:244)
	at org.springframework.context.annotation.ConfigurationClassEnhancer$BeanMethodInterceptor.intercept(ConfigurationClassEnhancer.java:363)
	at ru.otus.igorr.books.lesson12.config.MongoConfig$$EnhancerBySpringCGLIB$$f87711c3.mongoDbFactory(<generated>)
	at java.base/jdk.internal.reflect.NativeMethodAccessorImpl.invoke0(Native Method)
	at java.base/jdk.internal.reflect.NativeMethodAccessorImpl.invoke(NativeMethodAccessorImpl.java:62)
	at java.base/jdk.internal.reflect.DelegatingMethodAccessorImpl.invoke(DelegatingMethodAccessorImpl.java:43)
	at java.base/java.lang.reflect.Method.invoke(Method.java:566)
	at org.springframework.beans.factory.support.SimpleInstantiationStrategy.instantiate(SimpleInstantiationStrategy.java:154)
	... 99 common frames omitted
]]></system-out>
  </testcase>
  <testcase name="add" classname="ru.otus.igorr.books.lesson12.service.author.AuthorServiceImplTest" time="0">
    <error message="Failed to load ApplicationContext" type="java.lang.IllegalStateException">java.lang.IllegalStateException: Failed to load ApplicationContext
Caused by: org.springframework.beans.factory.BeanCreationException: 
Error creating bean with name 'entityManagerFactory' defined in class path resource [org/springframework/boot/autoconfigure/orm/jpa/HibernateJpaConfiguration.class]: Initialization of bean failed; nested exception is org.springframework.jdbc.datasource.init.ScriptStatementFailedException: Failed to execute SQL script statement #1 of class path resource [testdata.sql]: insert into genre(id, name, description) values(1, 'genre.1','genre.1.description'); nested exception is org.h2.jdbc.JdbcSQLException: Нарушение уникального индекса или первичного ключа: "PRIMARY KEY ON PUBLIC.GENRE(ID)"
Unique index or primary key violation: "PRIMARY KEY ON PUBLIC.GENRE(ID)"; SQL statement:
insert into genre(id, name, description) values(1, 'genre.1','genre.1.description') [23505-197]
Caused by: org.springframework.jdbc.datasource.init.ScriptStatementFailedException: 
Failed to execute SQL script statement #1 of class path resource [testdata.sql]: insert into genre(id, name, description) values(1, 'genre.1','genre.1.description'); nested exception is org.h2.jdbc.JdbcSQLException: Нарушение уникального индекса или первичного ключа: "PRIMARY KEY ON PUBLIC.GENRE(ID)"
Unique index or primary key violation: "PRIMARY KEY ON PUBLIC.GENRE(ID)"; SQL statement:
insert into genre(id, name, description) values(1, 'genre.1','genre.1.description') [23505-197]
Caused by: org.h2.jdbc.JdbcSQLException: 
Нарушение уникального индекса или первичного ключа: "PRIMARY KEY ON PUBLIC.GENRE(ID)"
Unique index or primary key violation: "PRIMARY KEY ON PUBLIC.GENRE(ID)"; SQL statement:
insert into genre(id, name, description) values(1, 'genre.1','genre.1.description') [23505-197]
</error>
    <system-out><![CDATA[18:43:08.641 [main] &amp#27;[34mINFO &amp#27;[0;39m &amp#27;[36m.b.l.s.a.AuthorServiceImplTest&amp#27;[0;39m : Starting AuthorServiceImplTest on SBTOVB-SD004039 with PID 6816 (started by 16726080 in C:\Users\16726080\IdeaProjects\books\lesson12)
18:43:08.642 [main] &amp#27;[39mDEBUG&amp#27;[0;39m &amp#27;[36m.b.l.s.a.AuthorServiceImplTest&amp#27;[0;39m : Running with Spring Boot v2.1.3.RELEASE, Spring v5.1.5.RELEASE
18:43:08.642 [main] &amp#27;[34mINFO &amp#27;[0;39m &amp#27;[36m.b.l.s.a.AuthorServiceImplTest&amp#27;[0;39m : No active profile set, falling back to default profiles: default
18:43:09.104 [main] &amp#27;[34mINFO &amp#27;[0;39m &amp#27;[36mepositoryConfigurationDelegate&amp#27;[0;39m : Multiple Spring Data modules found, entering strict repository configuration mode!
18:43:09.105 [main] &amp#27;[34mINFO &amp#27;[0;39m &amp#27;[36mepositoryConfigurationDelegate&amp#27;[0;39m : Bootstrapping Spring Data repositories in DEFAULT mode.
18:43:09.145 [main] &amp#27;[34mINFO &amp#27;[0;39m &amp#27;[36myConfigurationExtensionSupport&amp#27;[0;39m : Spring Data MongoDB - Could not safely identify store assignment for repository candidate interface ru.otus.igorr.books.lesson12.repository.author.AuthorRepository.
18:43:09.145 [main] &amp#27;[34mINFO &amp#27;[0;39m &amp#27;[36myConfigurationExtensionSupport&amp#27;[0;39m : Spring Data MongoDB - Could not safely identify store assignment for repository candidate interface ru.otus.igorr.books.lesson12.repository.book.BookRepository.
18:43:09.145 [main] &amp#27;[34mINFO &amp#27;[0;39m &amp#27;[36myConfigurationExtensionSupport&amp#27;[0;39m : Spring Data MongoDB - Could not safely identify store assignment for repository candidate interface ru.otus.igorr.books.lesson12.repository.book.NoteRepository.
18:43:09.145 [main] &amp#27;[34mINFO &amp#27;[0;39m &amp#27;[36myConfigurationExtensionSupport&amp#27;[0;39m : Spring Data MongoDB - Could not safely identify store assignment for repository candidate interface ru.otus.igorr.books.lesson12.repository.genre.GenreRepository.
18:43:09.168 [main] &amp#27;[34mINFO &amp#27;[0;39m &amp#27;[36mepositoryConfigurationDelegate&amp#27;[0;39m : Finished Spring Data repository scanning in 63ms. Found 1 repository interfaces.
18:43:09.185 [main] &amp#27;[34mINFO &amp#27;[0;39m &amp#27;[36mepositoryConfigurationDelegate&amp#27;[0;39m : Multiple Spring Data modules found, entering strict repository configuration mode!
18:43:09.185 [main] &amp#27;[34mINFO &amp#27;[0;39m &amp#27;[36mepositoryConfigurationDelegate&amp#27;[0;39m : Bootstrapping Spring Data repositories in DEFAULT mode.
18:43:09.279 [main] &amp#27;[34mINFO &amp#27;[0;39m &amp#27;[36myConfigurationExtensionSupport&amp#27;[0;39m : Spring Data JPA - Could not safely identify store assignment for repository candidate interface ru.otus.igorr.books.lesson12.repository.person.PersonRepository.
18:43:09.358 [main] &amp#27;[34mINFO &amp#27;[0;39m &amp#27;[36mepositoryConfigurationDelegate&amp#27;[0;39m : Finished Spring Data repository scanning in 172ms. Found 4 repository interfaces.
18:43:09.518 [main] &amp#27;[34mINFO &amp#27;[0;39m &amp#27;[36mc.z.h.HikariDataSource        &amp#27;[0;39m : HikariPool-5 - Starting...
18:43:09.522 [main] &amp#27;[34mINFO &amp#27;[0;39m &amp#27;[36mc.z.h.HikariDataSource        &amp#27;[0;39m : HikariPool-5 - Start completed.
18:43:09.609 [main] &amp#27;[34mINFO &amp#27;[0;39m &amp#27;[36mo.h.j.i.u.LogHelper           &amp#27;[0;39m : HHH000204: Processing PersistenceUnitInfo [
	name: default
	...]
18:43:09.666 [main] &amp#27;[34mINFO &amp#27;[0;39m &amp#27;[36mo.h.d.Dialect                 &amp#27;[0;39m : HHH000400: Using dialect: org.hibernate.dialect.H2Dialect
18:43:09.856 [main] &amp#27;[34mINFO &amp#27;[0;39m &amp#27;[36mtainerEntityManagerFactoryBean&amp#27;[0;39m : Initialized JPA EntityManagerFactory for persistence unit 'default'
18:43:09.861 [main] &amp#27;[31mWARN &amp#27;[0;39m &amp#27;[36mtationConfigApplicationContext&amp#27;[0;39m : Exception encountered during context initialization - cancelling refresh attempt: org.springframework.beans.factory.BeanCreationException: Error creating bean with name 'entityManagerFactory' defined in class path resource [org/springframework/boot/autoconfigure/orm/jpa/HibernateJpaConfiguration.class]: Initialization of bean failed; nested exception is org.springframework.jdbc.datasource.init.ScriptStatementFailedException: Failed to execute SQL script statement #1 of class path resource [testdata.sql]: insert into genre(id, name, description) values(1, 'genre.1','genre.1.description'); nested exception is org.h2.jdbc.JdbcSQLException: Нарушение уникального индекса или первичного ключа: "PRIMARY KEY ON PUBLIC.GENRE(ID)"
Unique index or primary key violation: "PRIMARY KEY ON PUBLIC.GENRE(ID)"; SQL statement:
insert into genre(id, name, description) values(1, 'genre.1','genre.1.description') [23505-197]
18:43:09.861 [main] &amp#27;[34mINFO &amp#27;[0;39m &amp#27;[36mc.z.h.HikariDataSource        &amp#27;[0;39m : HikariPool-5 - Shutdown initiated...
18:43:09.896 [main] &amp#27;[34mINFO &amp#27;[0;39m &amp#27;[36mc.z.h.HikariDataSource        &amp#27;[0;39m : HikariPool-5 - Shutdown completed.
18:43:09.901 [main] &amp#27;[34mINFO &amp#27;[0;39m &amp#27;[36mvaluationReportLoggingListener&amp#27;[0;39m : 

Error starting ApplicationContext. To display the conditions report re-run your application with 'debug' enabled.
18:43:09.903 [main] &amp#27;[1;31mERROR&amp#27;[0;39m &amp#27;[36mo.s.b.SpringApplication       &amp#27;[0;39m : Application run failed
org.springframework.beans.factory.BeanCreationException: Error creating bean with name 'entityManagerFactory' defined in class path resource [org/springframework/boot/autoconfigure/orm/jpa/HibernateJpaConfiguration.class]: Initialization of bean failed; nested exception is org.springframework.jdbc.datasource.init.ScriptStatementFailedException: Failed to execute SQL script statement #1 of class path resource [testdata.sql]: insert into genre(id, name, description) values(1, 'genre.1','genre.1.description'); nested exception is org.h2.jdbc.JdbcSQLException: Нарушение уникального индекса или первичного ключа: "PRIMARY KEY ON PUBLIC.GENRE(ID)"
Unique index or primary key violation: "PRIMARY KEY ON PUBLIC.GENRE(ID)"; SQL statement:
insert into genre(id, name, description) values(1, 'genre.1','genre.1.description') [23505-197]
	at org.springframework.beans.factory.support.AbstractAutowireCapableBeanFactory.doCreateBean(AbstractAutowireCapableBeanFactory.java:601)
	at org.springframework.beans.factory.support.AbstractAutowireCapableBeanFactory.createBean(AbstractAutowireCapableBeanFactory.java:515)
	at org.springframework.beans.factory.support.AbstractBeanFactory.lambda$doGetBean$0(AbstractBeanFactory.java:320)
	at org.springframework.beans.factory.support.DefaultSingletonBeanRegistry.getSingleton(DefaultSingletonBeanRegistry.java:222)
	at org.springframework.beans.factory.support.AbstractBeanFactory.doGetBean(AbstractBeanFactory.java:318)
	at org.springframework.beans.factory.support.AbstractBeanFactory.getBean(AbstractBeanFactory.java:199)
	at org.springframework.context.support.AbstractApplicationContext.getBean(AbstractApplicationContext.java:1105)
	at org.springframework.context.support.AbstractApplicationContext.finishBeanFactoryInitialization(AbstractApplicationContext.java:867)
	at org.springframework.context.support.AbstractApplicationContext.refresh(AbstractApplicationContext.java:549)
	at org.springframework.boot.SpringApplication.refresh(SpringApplication.java:775)
	at org.springframework.boot.SpringApplication.refreshContext(SpringApplication.java:397)
	at org.springframework.boot.SpringApplication.run(SpringApplication.java:316)
	at org.springframework.boot.test.context.SpringBootContextLoader.loadContext(SpringBootContextLoader.java:127)
	at org.springframework.test.context.cache.DefaultCacheAwareContextLoaderDelegate.loadContextInternal(DefaultCacheAwareContextLoaderDelegate.java:99)
	at org.springframework.test.context.cache.DefaultCacheAwareContextLoaderDelegate.loadContext(DefaultCacheAwareContextLoaderDelegate.java:117)
	at org.springframework.test.context.support.DefaultTestContext.getApplicationContext(DefaultTestContext.java:108)
	at org.springframework.test.context.support.DependencyInjectionTestExecutionListener.injectDependencies(DependencyInjectionTestExecutionListener.java:118)
	at org.springframework.test.context.support.DependencyInjectionTestExecutionListener.prepareTestInstance(DependencyInjectionTestExecutionListener.java:83)
	at org.springframework.boot.test.autoconfigure.SpringBootDependencyInjectionTestExecutionListener.prepareTestInstance(SpringBootDependencyInjectionTestExecutionListener.java:44)
	at org.springframework.test.context.TestContextManager.prepareTestInstance(TestContextManager.java:246)
	at org.springframework.test.context.junit.jupiter.SpringExtension.postProcessTestInstance(SpringExtension.java:97)
	at org.junit.jupiter.engine.descriptor.ClassTestDescriptor.lambda$invokeTestInstancePostProcessors$5(ClassTestDescriptor.java:349)
	at org.junit.jupiter.engine.descriptor.JupiterTestDescriptor.executeAndMaskThrowable(JupiterTestDescriptor.java:215)
	at org.junit.jupiter.engine.descriptor.ClassTestDescriptor.lambda$invokeTestInstancePostProcessors$6(ClassTestDescriptor.java:349)
	at java.base/java.util.stream.ReferencePipeline$3$1.accept(ReferencePipeline.java:195)
	at java.base/java.util.stream.ReferencePipeline$2$1.accept(ReferencePipeline.java:177)
	at java.base/java.util.ArrayList$ArrayListSpliterator.forEachRemaining(ArrayList.java:1654)
	at java.base/java.util.stream.AbstractPipeline.copyInto(AbstractPipeline.java:484)
	at java.base/java.util.stream.AbstractPipeline.wrapAndCopyInto(AbstractPipeline.java:474)
	at java.base/java.util.stream.StreamSpliterators$WrappingSpliterator.forEachRemaining(StreamSpliterators.java:312)
	at java.base/java.util.stream.Streams$ConcatSpliterator.forEachRemaining(Streams.java:735)
	at java.base/java.util.stream.Streams$ConcatSpliterator.forEachRemaining(Streams.java:734)
	at java.base/java.util.stream.ReferencePipeline$Head.forEach(ReferencePipeline.java:658)
	at org.junit.jupiter.engine.descriptor.ClassTestDescriptor.invokeTestInstancePostProcessors(ClassTestDescriptor.java:348)
	at org.junit.jupiter.engine.descriptor.ClassTestDescriptor.instantiateAndPostProcessTestInstance(ClassTestDescriptor.java:270)
	at org.junit.jupiter.engine.descriptor.ClassTestDescriptor.lambda$testInstanceProvider$2(ClassTestDescriptor.java:259)
	at org.junit.jupiter.engine.descriptor.ClassTestDescriptor.lambda$testInstanceProvider$3(ClassTestDescriptor.java:263)
	at java.base/java.util.Optional.orElseGet(Optional.java:369)
	at org.junit.jupiter.engine.descriptor.ClassTestDescriptor.lambda$testInstanceProvider$4(ClassTestDescriptor.java:262)
	at org.junit.jupiter.engine.descriptor.TestMethodTestDescriptor.prepare(TestMethodTestDescriptor.java:82)
	at org.junit.jupiter.engine.descriptor.TestMethodTestDescriptor.prepare(TestMethodTestDescriptor.java:59)
	at org.junit.platform.engine.support.hierarchical.NodeTestTask.lambda$prepare$0(NodeTestTask.java:83)
	at org.junit.platform.engine.support.hierarchical.ThrowableCollector.execute(ThrowableCollector.java:72)
	at org.junit.platform.engine.support.hierarchical.NodeTestTask.prepare(NodeTestTask.java:83)
	at org.junit.platform.engine.support.hierarchical.NodeTestTask.execute(NodeTestTask.java:69)
	at java.base/java.util.ArrayList.forEach(ArrayList.java:1540)
	at org.junit.platform.engine.support.hierarchical.SameThreadHierarchicalTestExecutorService.invokeAll(SameThreadHierarchicalTestExecutorService.java:38)
	at org.junit.platform.engine.support.hierarchical.NodeTestTask.lambda$executeRecursively$4(NodeTestTask.java:112)
	at org.junit.platform.engine.support.hierarchical.ThrowableCollector.execute(ThrowableCollector.java:72)
	at org.junit.platform.engine.support.hierarchical.NodeTestTask.executeRecursively(NodeTestTask.java:98)
	at org.junit.platform.engine.support.hierarchical.NodeTestTask.execute(NodeTestTask.java:74)
	at java.base/java.util.ArrayList.forEach(ArrayList.java:1540)
	at org.junit.platform.engine.support.hierarchical.SameThreadHierarchicalTestExecutorService.invokeAll(SameThreadHierarchicalTestExecutorService.java:38)
	at org.junit.platform.engine.support.hierarchical.NodeTestTask.lambda$executeRecursively$4(NodeTestTask.java:112)
	at org.junit.platform.engine.support.hierarchical.ThrowableCollector.execute(ThrowableCollector.java:72)
	at org.junit.platform.engine.support.hierarchical.NodeTestTask.executeRecursively(NodeTestTask.java:98)
	at org.junit.platform.engine.support.hierarchical.NodeTestTask.execute(NodeTestTask.java:74)
	at org.junit.platform.engine.support.hierarchical.SameThreadHierarchicalTestExecutorService.submit(SameThreadHierarchicalTestExecutorService.java:32)
	at org.junit.platform.engine.support.hierarchical.HierarchicalTestExecutor.execute(HierarchicalTestExecutor.java:57)
	at org.junit.platform.engine.support.hierarchical.HierarchicalTestEngine.execute(HierarchicalTestEngine.java:51)
	at org.junit.platform.launcher.core.DefaultLauncher.execute(DefaultLauncher.java:220)
	at org.junit.platform.launcher.core.DefaultLauncher.lambda$execute$6(DefaultLauncher.java:188)
	at org.junit.platform.launcher.core.DefaultLauncher.withInterceptedStreams(DefaultLauncher.java:202)
	at org.junit.platform.launcher.core.DefaultLauncher.execute(DefaultLauncher.java:181)
	at org.junit.platform.launcher.core.DefaultLauncher.execute(DefaultLauncher.java:128)
	at org.apache.maven.surefire.junitplatform.JUnitPlatformProvider.invokeAllTests(JUnitPlatformProvider.java:142)
	at org.apache.maven.surefire.junitplatform.JUnitPlatformProvider.invoke(JUnitPlatformProvider.java:117)
	at org.apache.maven.surefire.booter.ForkedBooter.invokeProviderInSameClassLoader(ForkedBooter.java:384)
	at org.apache.maven.surefire.booter.ForkedBooter.runSuitesInProcess(ForkedBooter.java:345)
	at org.apache.maven.surefire.booter.ForkedBooter.execute(ForkedBooter.java:126)
	at org.apache.maven.surefire.booter.ForkedBooter.main(ForkedBooter.java:418)
Caused by: org.springframework.jdbc.datasource.init.ScriptStatementFailedException: Failed to execute SQL script statement #1 of class path resource [testdata.sql]: insert into genre(id, name, description) values(1, 'genre.1','genre.1.description'); nested exception is org.h2.jdbc.JdbcSQLException: Нарушение уникального индекса или первичного ключа: "PRIMARY KEY ON PUBLIC.GENRE(ID)"
Unique index or primary key violation: "PRIMARY KEY ON PUBLIC.GENRE(ID)"; SQL statement:
insert into genre(id, name, description) values(1, 'genre.1','genre.1.description') [23505-197]
	at org.springframework.jdbc.datasource.init.ScriptUtils.executeSqlScript(ScriptUtils.java:509)
	at org.springframework.jdbc.datasource.init.ResourceDatabasePopulator.populate(ResourceDatabasePopulator.java:238)
	at org.springframework.jdbc.datasource.init.DatabasePopulatorUtils.execute(DatabasePopulatorUtils.java:48)
	at org.springframework.boot.autoconfigure.jdbc.DataSourceInitializer.runScripts(DataSourceInitializer.java:210)
	at org.springframework.boot.autoconfigure.jdbc.DataSourceInitializer.initSchema(DataSourceInitializer.java:123)
	at org.springframework.boot.autoconfigure.jdbc.DataSourceInitializerInvoker.onApplicationEvent(DataSourceInitializerInvoker.java:93)
	at org.springframework.boot.autoconfigure.jdbc.DataSourceInitializerInvoker.onApplicationEvent(DataSourceInitializerInvoker.java:37)
	at org.springframework.context.event.SimpleApplicationEventMulticaster.doInvokeListener(SimpleApplicationEventMulticaster.java:172)
	at org.springframework.context.event.SimpleApplicationEventMulticaster.invokeListener(SimpleApplicationEventMulticaster.java:165)
	at org.springframework.context.event.SimpleApplicationEventMulticaster.multicastEvent(SimpleApplicationEventMulticaster.java:139)
	at org.springframework.context.support.AbstractApplicationContext.publishEvent(AbstractApplicationContext.java:402)
	at org.springframework.context.support.AbstractApplicationContext.publishEvent(AbstractApplicationContext.java:359)
	at org.springframework.boot.autoconfigure.orm.jpa.DataSourceInitializedPublisher.publishEventIfRequired(DataSourceInitializedPublisher.java:98)
	at org.springframework.boot.autoconfigure.orm.jpa.DataSourceInitializedPublisher.postProcessAfterInitialization(DataSourceInitializedPublisher.java:88)
	at org.springframework.beans.factory.support.AbstractAutowireCapableBeanFactory.applyBeanPostProcessorsAfterInitialization(AbstractAutowireCapableBeanFactory.java:429)
	at org.springframework.beans.factory.support.AbstractAutowireCapableBeanFactory.initializeBean(AbstractAutowireCapableBeanFactory.java:1766)
	at org.springframework.beans.factory.support.AbstractAutowireCapableBeanFactory.doCreateBean(AbstractAutowireCapableBeanFactory.java:593)
	... 70 common frames omitted
Caused by: org.h2.jdbc.JdbcSQLException: Нарушение уникального индекса или первичного ключа: "PRIMARY KEY ON PUBLIC.GENRE(ID)"
Unique index or primary key violation: "PRIMARY KEY ON PUBLIC.GENRE(ID)"; SQL statement:
insert into genre(id, name, description) values(1, 'genre.1','genre.1.description') [23505-197]
	at org.h2.message.DbException.getJdbcSQLException(DbException.java:357)
	at org.h2.message.DbException.get(DbException.java:179)
	at org.h2.message.DbException.get(DbException.java:155)
	at org.h2.mvstore.db.MVPrimaryIndex.add(MVPrimaryIndex.java:123)
	at org.h2.mvstore.db.MVTable.addRow(MVTable.java:732)
	at org.h2.command.dml.Insert.insertRows(Insert.java:182)
	at org.h2.command.dml.Insert.update(Insert.java:134)
	at org.h2.command.CommandContainer.update(CommandContainer.java:102)
	at org.h2.command.Command.executeUpdate(Command.java:261)
	at org.h2.jdbc.JdbcStatement.executeInternal(JdbcStatement.java:233)
	at org.h2.jdbc.JdbcStatement.execute(JdbcStatement.java:205)
	at com.zaxxer.hikari.pool.ProxyStatement.execute(ProxyStatement.java:95)
	at com.zaxxer.hikari.pool.HikariProxyStatement.execute(HikariProxyStatement.java)
	at org.springframework.jdbc.datasource.init.ScriptUtils.executeSqlScript(ScriptUtils.java:488)
	... 86 common frames omitted
18:43:10.092 [main] &amp#27;[34mINFO &amp#27;[0;39m &amp#27;[36m.b.l.s.a.AuthorServiceImplTest&amp#27;[0;39m : Starting AuthorServiceImplTest on SBTOVB-SD004039 with PID 6816 (started by 16726080 in C:\Users\16726080\IdeaProjects\books\lesson12)
18:43:10.096 [main] &amp#27;[39mDEBUG&amp#27;[0;39m &amp#27;[36m.b.l.s.a.AuthorServiceImplTest&amp#27;[0;39m : Running with Spring Boot v2.1.3.RELEASE, Spring v5.1.5.RELEASE
18:43:10.097 [main] &amp#27;[34mINFO &amp#27;[0;39m &amp#27;[36m.b.l.s.a.AuthorServiceImplTest&amp#27;[0;39m : No active profile set, falling back to default profiles: default
18:43:10.586 [main] &amp#27;[34mINFO &amp#27;[0;39m &amp#27;[36mepositoryConfigurationDelegate&amp#27;[0;39m : Multiple Spring Data modules found, entering strict repository configuration mode!
18:43:10.586 [main] &amp#27;[34mINFO &amp#27;[0;39m &amp#27;[36mepositoryConfigurationDelegate&amp#27;[0;39m : Bootstrapping Spring Data repositories in DEFAULT mode.
18:43:10.622 [main] &amp#27;[34mINFO &amp#27;[0;39m &amp#27;[36myConfigurationExtensionSupport&amp#27;[0;39m : Spring Data MongoDB - Could not safely identify store assignment for repository candidate interface ru.otus.igorr.books.lesson12.repository.author.AuthorRepository.
18:43:10.622 [main] &amp#27;[34mINFO &amp#27;[0;39m &amp#27;[36myConfigurationExtensionSupport&amp#27;[0;39m : Spring Data MongoDB - Could not safely identify store assignment for repository candidate interface ru.otus.igorr.books.lesson12.repository.book.BookRepository.
18:43:10.622 [main] &amp#27;[34mINFO &amp#27;[0;39m &amp#27;[36myConfigurationExtensionSupport&amp#27;[0;39m : Spring Data MongoDB - Could not safely identify store assignment for repository candidate interface ru.otus.igorr.books.lesson12.repository.book.NoteRepository.
18:43:10.622 [main] &amp#27;[34mINFO &amp#27;[0;39m &amp#27;[36myConfigurationExtensionSupport&amp#27;[0;39m : Spring Data MongoDB - Could not safely identify store assignment for repository candidate interface ru.otus.igorr.books.lesson12.repository.genre.GenreRepository.
18:43:10.649 [main] &amp#27;[34mINFO &amp#27;[0;39m &amp#27;[36mepositoryConfigurationDelegate&amp#27;[0;39m : Finished Spring Data repository scanning in 63ms. Found 1 repository interfaces.
18:43:10.663 [main] &amp#27;[34mINFO &amp#27;[0;39m &amp#27;[36mepositoryConfigurationDelegate&amp#27;[0;39m : Multiple Spring Data modules found, entering strict repository configuration mode!
18:43:10.663 [main] &amp#27;[34mINFO &amp#27;[0;39m &amp#27;[36mepositoryConfigurationDelegate&amp#27;[0;39m : Bootstrapping Spring Data repositories in DEFAULT mode.
18:43:10.800 [main] &amp#27;[34mINFO &amp#27;[0;39m &amp#27;[36myConfigurationExtensionSupport&amp#27;[0;39m : Spring Data JPA - Could not safely identify store assignment for repository candidate interface ru.otus.igorr.books.lesson12.repository.person.PersonRepository.
18:43:10.899 [main] &amp#27;[34mINFO &amp#27;[0;39m &amp#27;[36mepositoryConfigurationDelegate&amp#27;[0;39m : Finished Spring Data repository scanning in 236ms. Found 4 repository interfaces.
18:43:11.099 [main] &amp#27;[34mINFO &amp#27;[0;39m &amp#27;[36mc.z.h.HikariDataSource        &amp#27;[0;39m : HikariPool-6 - Starting...
18:43:11.102 [main] &amp#27;[34mINFO &amp#27;[0;39m &amp#27;[36mc.z.h.HikariDataSource        &amp#27;[0;39m : HikariPool-6 - Start completed.
18:43:11.190 [main] &amp#27;[34mINFO &amp#27;[0;39m &amp#27;[36mo.h.j.i.u.LogHelper           &amp#27;[0;39m : HHH000204: Processing PersistenceUnitInfo [
	name: default
	...]
18:43:11.281 [main] &amp#27;[34mINFO &amp#27;[0;39m &amp#27;[36mo.h.d.Dialect                 &amp#27;[0;39m : HHH000400: Using dialect: org.hibernate.dialect.H2Dialect
18:43:11.515 [main] &amp#27;[34mINFO &amp#27;[0;39m &amp#27;[36mtainerEntityManagerFactoryBean&amp#27;[0;39m : Initialized JPA EntityManagerFactory for persistence unit 'default'
18:43:11.561 [main] &amp#27;[31mWARN &amp#27;[0;39m &amp#27;[36mtationConfigApplicationContext&amp#27;[0;39m : Exception encountered during context initialization - cancelling refresh attempt: org.springframework.beans.factory.BeanCreationException: Error creating bean with name 'entityManagerFactory' defined in class path resource [org/springframework/boot/autoconfigure/orm/jpa/HibernateJpaConfiguration.class]: Initialization of bean failed; nested exception is org.springframework.jdbc.datasource.init.ScriptStatementFailedException: Failed to execute SQL script statement #1 of class path resource [testdata.sql]: insert into genre(id, name, description) values(1, 'genre.1','genre.1.description'); nested exception is org.h2.jdbc.JdbcSQLException: Нарушение уникального индекса или первичного ключа: "PRIMARY KEY ON PUBLIC.GENRE(ID)"
Unique index or primary key violation: "PRIMARY KEY ON PUBLIC.GENRE(ID)"; SQL statement:
insert into genre(id, name, description) values(1, 'genre.1','genre.1.description') [23505-197]
18:43:11.561 [main] &amp#27;[34mINFO &amp#27;[0;39m &amp#27;[36mc.z.h.HikariDataSource        &amp#27;[0;39m : HikariPool-6 - Shutdown initiated...
18:43:11.581 [main] &amp#27;[34mINFO &amp#27;[0;39m &amp#27;[36mc.z.h.HikariDataSource        &amp#27;[0;39m : HikariPool-6 - Shutdown completed.
18:43:11.583 [main] &amp#27;[34mINFO &amp#27;[0;39m &amp#27;[36mvaluationReportLoggingListener&amp#27;[0;39m : 

Error starting ApplicationContext. To display the conditions report re-run your application with 'debug' enabled.
18:43:11.585 [main] &amp#27;[1;31mERROR&amp#27;[0;39m &amp#27;[36mo.s.b.SpringApplication       &amp#27;[0;39m : Application run failed
org.springframework.beans.factory.BeanCreationException: Error creating bean with name 'entityManagerFactory' defined in class path resource [org/springframework/boot/autoconfigure/orm/jpa/HibernateJpaConfiguration.class]: Initialization of bean failed; nested exception is org.springframework.jdbc.datasource.init.ScriptStatementFailedException: Failed to execute SQL script statement #1 of class path resource [testdata.sql]: insert into genre(id, name, description) values(1, 'genre.1','genre.1.description'); nested exception is org.h2.jdbc.JdbcSQLException: Нарушение уникального индекса или первичного ключа: "PRIMARY KEY ON PUBLIC.GENRE(ID)"
Unique index or primary key violation: "PRIMARY KEY ON PUBLIC.GENRE(ID)"; SQL statement:
insert into genre(id, name, description) values(1, 'genre.1','genre.1.description') [23505-197]
	at org.springframework.beans.factory.support.AbstractAutowireCapableBeanFactory.doCreateBean(AbstractAutowireCapableBeanFactory.java:601)
	at org.springframework.beans.factory.support.AbstractAutowireCapableBeanFactory.createBean(AbstractAutowireCapableBeanFactory.java:515)
	at org.springframework.beans.factory.support.AbstractBeanFactory.lambda$doGetBean$0(AbstractBeanFactory.java:320)
	at org.springframework.beans.factory.support.DefaultSingletonBeanRegistry.getSingleton(DefaultSingletonBeanRegistry.java:222)
	at org.springframework.beans.factory.support.AbstractBeanFactory.doGetBean(AbstractBeanFactory.java:318)
	at org.springframework.beans.factory.support.AbstractBeanFactory.getBean(AbstractBeanFactory.java:199)
	at org.springframework.context.support.AbstractApplicationContext.getBean(AbstractApplicationContext.java:1105)
	at org.springframework.context.support.AbstractApplicationContext.finishBeanFactoryInitialization(AbstractApplicationContext.java:867)
	at org.springframework.context.support.AbstractApplicationContext.refresh(AbstractApplicationContext.java:549)
	at org.springframework.boot.SpringApplication.refresh(SpringApplication.java:775)
	at org.springframework.boot.SpringApplication.refreshContext(SpringApplication.java:397)
	at org.springframework.boot.SpringApplication.run(SpringApplication.java:316)
	at org.springframework.boot.test.context.SpringBootContextLoader.loadContext(SpringBootContextLoader.java:127)
	at org.springframework.test.context.cache.DefaultCacheAwareContextLoaderDelegate.loadContextInternal(DefaultCacheAwareContextLoaderDelegate.java:99)
	at org.springframework.test.context.cache.DefaultCacheAwareContextLoaderDelegate.loadContext(DefaultCacheAwareContextLoaderDelegate.java:117)
	at org.springframework.test.context.support.DefaultTestContext.getApplicationContext(DefaultTestContext.java:108)
	at org.springframework.boot.test.autoconfigure.SpringBootDependencyInjectionTestExecutionListener.outputConditionEvaluationReport(SpringBootDependencyInjectionTestExecutionListener.java:54)
	at org.springframework.boot.test.autoconfigure.SpringBootDependencyInjectionTestExecutionListener.prepareTestInstance(SpringBootDependencyInjectionTestExecutionListener.java:47)
	at org.springframework.test.context.TestContextManager.prepareTestInstance(TestContextManager.java:246)
	at org.springframework.test.context.junit.jupiter.SpringExtension.postProcessTestInstance(SpringExtension.java:97)
	at org.junit.jupiter.engine.descriptor.ClassTestDescriptor.lambda$invokeTestInstancePostProcessors$5(ClassTestDescriptor.java:349)
	at org.junit.jupiter.engine.descriptor.JupiterTestDescriptor.executeAndMaskThrowable(JupiterTestDescriptor.java:215)
	at org.junit.jupiter.engine.descriptor.ClassTestDescriptor.lambda$invokeTestInstancePostProcessors$6(ClassTestDescriptor.java:349)
	at java.base/java.util.stream.ReferencePipeline$3$1.accept(ReferencePipeline.java:195)
	at java.base/java.util.stream.ReferencePipeline$2$1.accept(ReferencePipeline.java:177)
	at java.base/java.util.ArrayList$ArrayListSpliterator.forEachRemaining(ArrayList.java:1654)
	at java.base/java.util.stream.AbstractPipeline.copyInto(AbstractPipeline.java:484)
	at java.base/java.util.stream.AbstractPipeline.wrapAndCopyInto(AbstractPipeline.java:474)
	at java.base/java.util.stream.StreamSpliterators$WrappingSpliterator.forEachRemaining(StreamSpliterators.java:312)
	at java.base/java.util.stream.Streams$ConcatSpliterator.forEachRemaining(Streams.java:735)
	at java.base/java.util.stream.Streams$ConcatSpliterator.forEachRemaining(Streams.java:734)
	at java.base/java.util.stream.ReferencePipeline$Head.forEach(ReferencePipeline.java:658)
	at org.junit.jupiter.engine.descriptor.ClassTestDescriptor.invokeTestInstancePostProcessors(ClassTestDescriptor.java:348)
	at org.junit.jupiter.engine.descriptor.ClassTestDescriptor.instantiateAndPostProcessTestInstance(ClassTestDescriptor.java:270)
	at org.junit.jupiter.engine.descriptor.ClassTestDescriptor.lambda$testInstanceProvider$2(ClassTestDescriptor.java:259)
	at org.junit.jupiter.engine.descriptor.ClassTestDescriptor.lambda$testInstanceProvider$3(ClassTestDescriptor.java:263)
	at java.base/java.util.Optional.orElseGet(Optional.java:369)
	at org.junit.jupiter.engine.descriptor.ClassTestDescriptor.lambda$testInstanceProvider$4(ClassTestDescriptor.java:262)
	at org.junit.jupiter.engine.descriptor.TestMethodTestDescriptor.prepare(TestMethodTestDescriptor.java:82)
	at org.junit.jupiter.engine.descriptor.TestMethodTestDescriptor.prepare(TestMethodTestDescriptor.java:59)
	at org.junit.platform.engine.support.hierarchical.NodeTestTask.lambda$prepare$0(NodeTestTask.java:83)
	at org.junit.platform.engine.support.hierarchical.ThrowableCollector.execute(ThrowableCollector.java:72)
	at org.junit.platform.engine.support.hierarchical.NodeTestTask.prepare(NodeTestTask.java:83)
	at org.junit.platform.engine.support.hierarchical.NodeTestTask.execute(NodeTestTask.java:69)
	at java.base/java.util.ArrayList.forEach(ArrayList.java:1540)
	at org.junit.platform.engine.support.hierarchical.SameThreadHierarchicalTestExecutorService.invokeAll(SameThreadHierarchicalTestExecutorService.java:38)
	at org.junit.platform.engine.support.hierarchical.NodeTestTask.lambda$executeRecursively$4(NodeTestTask.java:112)
	at org.junit.platform.engine.support.hierarchical.ThrowableCollector.execute(ThrowableCollector.java:72)
	at org.junit.platform.engine.support.hierarchical.NodeTestTask.executeRecursively(NodeTestTask.java:98)
	at org.junit.platform.engine.support.hierarchical.NodeTestTask.execute(NodeTestTask.java:74)
	at java.base/java.util.ArrayList.forEach(ArrayList.java:1540)
	at org.junit.platform.engine.support.hierarchical.SameThreadHierarchicalTestExecutorService.invokeAll(SameThreadHierarchicalTestExecutorService.java:38)
	at org.junit.platform.engine.support.hierarchical.NodeTestTask.lambda$executeRecursively$4(NodeTestTask.java:112)
	at org.junit.platform.engine.support.hierarchical.ThrowableCollector.execute(ThrowableCollector.java:72)
	at org.junit.platform.engine.support.hierarchical.NodeTestTask.executeRecursively(NodeTestTask.java:98)
	at org.junit.platform.engine.support.hierarchical.NodeTestTask.execute(NodeTestTask.java:74)
	at org.junit.platform.engine.support.hierarchical.SameThreadHierarchicalTestExecutorService.submit(SameThreadHierarchicalTestExecutorService.java:32)
	at org.junit.platform.engine.support.hierarchical.HierarchicalTestExecutor.execute(HierarchicalTestExecutor.java:57)
	at org.junit.platform.engine.support.hierarchical.HierarchicalTestEngine.execute(HierarchicalTestEngine.java:51)
	at org.junit.platform.launcher.core.DefaultLauncher.execute(DefaultLauncher.java:220)
	at org.junit.platform.launcher.core.DefaultLauncher.lambda$execute$6(DefaultLauncher.java:188)
	at org.junit.platform.launcher.core.DefaultLauncher.withInterceptedStreams(DefaultLauncher.java:202)
	at org.junit.platform.launcher.core.DefaultLauncher.execute(DefaultLauncher.java:181)
	at org.junit.platform.launcher.core.DefaultLauncher.execute(DefaultLauncher.java:128)
	at org.apache.maven.surefire.junitplatform.JUnitPlatformProvider.invokeAllTests(JUnitPlatformProvider.java:142)
	at org.apache.maven.surefire.junitplatform.JUnitPlatformProvider.invoke(JUnitPlatformProvider.java:117)
	at org.apache.maven.surefire.booter.ForkedBooter.invokeProviderInSameClassLoader(ForkedBooter.java:384)
	at org.apache.maven.surefire.booter.ForkedBooter.runSuitesInProcess(ForkedBooter.java:345)
	at org.apache.maven.surefire.booter.ForkedBooter.execute(ForkedBooter.java:126)
	at org.apache.maven.surefire.booter.ForkedBooter.main(ForkedBooter.java:418)
Caused by: org.springframework.jdbc.datasource.init.ScriptStatementFailedException: Failed to execute SQL script statement #1 of class path resource [testdata.sql]: insert into genre(id, name, description) values(1, 'genre.1','genre.1.description'); nested exception is org.h2.jdbc.JdbcSQLException: Нарушение уникального индекса или первичного ключа: "PRIMARY KEY ON PUBLIC.GENRE(ID)"
Unique index or primary key violation: "PRIMARY KEY ON PUBLIC.GENRE(ID)"; SQL statement:
insert into genre(id, name, description) values(1, 'genre.1','genre.1.description') [23505-197]
	at org.springframework.jdbc.datasource.init.ScriptUtils.executeSqlScript(ScriptUtils.java:509)
	at org.springframework.jdbc.datasource.init.ResourceDatabasePopulator.populate(ResourceDatabasePopulator.java:238)
	at org.springframework.jdbc.datasource.init.DatabasePopulatorUtils.execute(DatabasePopulatorUtils.java:48)
	at org.springframework.boot.autoconfigure.jdbc.DataSourceInitializer.runScripts(DataSourceInitializer.java:210)
	at org.springframework.boot.autoconfigure.jdbc.DataSourceInitializer.initSchema(DataSourceInitializer.java:123)
	at org.springframework.boot.autoconfigure.jdbc.DataSourceInitializerInvoker.onApplicationEvent(DataSourceInitializerInvoker.java:93)
	at org.springframework.boot.autoconfigure.jdbc.DataSourceInitializerInvoker.onApplicationEvent(DataSourceInitializerInvoker.java:37)
	at org.springframework.context.event.SimpleApplicationEventMulticaster.doInvokeListener(SimpleApplicationEventMulticaster.java:172)
	at org.springframework.context.event.SimpleApplicationEventMulticaster.invokeListener(SimpleApplicationEventMulticaster.java:165)
	at org.springframework.context.event.SimpleApplicationEventMulticaster.multicastEvent(SimpleApplicationEventMulticaster.java:139)
	at org.springframework.context.support.AbstractApplicationContext.publishEvent(AbstractApplicationContext.java:402)
	at org.springframework.context.support.AbstractApplicationContext.publishEvent(AbstractApplicationContext.java:359)
	at org.springframework.boot.autoconfigure.orm.jpa.DataSourceInitializedPublisher.publishEventIfRequired(DataSourceInitializedPublisher.java:98)
	at org.springframework.boot.autoconfigure.orm.jpa.DataSourceInitializedPublisher.postProcessAfterInitialization(DataSourceInitializedPublisher.java:88)
	at org.springframework.beans.factory.support.AbstractAutowireCapableBeanFactory.applyBeanPostProcessorsAfterInitialization(AbstractAutowireCapableBeanFactory.java:429)
	at org.springframework.beans.factory.support.AbstractAutowireCapableBeanFactory.initializeBean(AbstractAutowireCapableBeanFactory.java:1766)
	at org.springframework.beans.factory.support.AbstractAutowireCapableBeanFactory.doCreateBean(AbstractAutowireCapableBeanFactory.java:593)
	... 69 common frames omitted
Caused by: org.h2.jdbc.JdbcSQLException: Нарушение уникального индекса или первичного ключа: "PRIMARY KEY ON PUBLIC.GENRE(ID)"
Unique index or primary key violation: "PRIMARY KEY ON PUBLIC.GENRE(ID)"; SQL statement:
insert into genre(id, name, description) values(1, 'genre.1','genre.1.description') [23505-197]
	at org.h2.message.DbException.getJdbcSQLException(DbException.java:357)
	at org.h2.message.DbException.get(DbException.java:179)
	at org.h2.message.DbException.get(DbException.java:155)
	at org.h2.mvstore.db.MVPrimaryIndex.add(MVPrimaryIndex.java:123)
	at org.h2.mvstore.db.MVTable.addRow(MVTable.java:732)
	at org.h2.command.dml.Insert.insertRows(Insert.java:182)
	at org.h2.command.dml.Insert.update(Insert.java:134)
	at org.h2.command.CommandContainer.update(CommandContainer.java:102)
	at org.h2.command.Command.executeUpdate(Command.java:261)
	at org.h2.jdbc.JdbcStatement.executeInternal(JdbcStatement.java:233)
	at org.h2.jdbc.JdbcStatement.execute(JdbcStatement.java:205)
	at com.zaxxer.hikari.pool.ProxyStatement.execute(ProxyStatement.java:95)
	at com.zaxxer.hikari.pool.HikariProxyStatement.execute(HikariProxyStatement.java)
	at org.springframework.jdbc.datasource.init.ScriptUtils.executeSqlScript(ScriptUtils.java:488)
	... 85 common frames omitted
18:43:11.587 [main] &amp#27;[1;31mERROR&amp#27;[0;39m &amp#27;[36mo.s.t.c.TestContextManager    &amp#27;[0;39m : Caught exception while allowing TestExecutionListener [org.springframework.boot.test.autoconfigure.SpringBootDependencyInjectionTestExecutionListener@5e9a9683] to prepare test instance [ru.otus.igorr.books.lesson12.service.author.AuthorServiceImplTest@15d25244]
java.lang.IllegalStateException: Failed to load ApplicationContext
	at org.springframework.test.context.cache.DefaultCacheAwareContextLoaderDelegate.loadContext(DefaultCacheAwareContextLoaderDelegate.java:125)
	at org.springframework.test.context.support.DefaultTestContext.getApplicationContext(DefaultTestContext.java:108)
	at org.springframework.test.context.support.DependencyInjectionTestExecutionListener.injectDependencies(DependencyInjectionTestExecutionListener.java:118)
	at org.springframework.test.context.support.DependencyInjectionTestExecutionListener.prepareTestInstance(DependencyInjectionTestExecutionListener.java:83)
	at org.springframework.boot.test.autoconfigure.SpringBootDependencyInjectionTestExecutionListener.prepareTestInstance(SpringBootDependencyInjectionTestExecutionListener.java:44)
	at org.springframework.test.context.TestContextManager.prepareTestInstance(TestContextManager.java:246)
	at org.springframework.test.context.junit.jupiter.SpringExtension.postProcessTestInstance(SpringExtension.java:97)
	at org.junit.jupiter.engine.descriptor.ClassTestDescriptor.lambda$invokeTestInstancePostProcessors$5(ClassTestDescriptor.java:349)
	at org.junit.jupiter.engine.descriptor.JupiterTestDescriptor.executeAndMaskThrowable(JupiterTestDescriptor.java:215)
	at org.junit.jupiter.engine.descriptor.ClassTestDescriptor.lambda$invokeTestInstancePostProcessors$6(ClassTestDescriptor.java:349)
	at java.base/java.util.stream.ReferencePipeline$3$1.accept(ReferencePipeline.java:195)
	at java.base/java.util.stream.ReferencePipeline$2$1.accept(ReferencePipeline.java:177)
	at java.base/java.util.ArrayList$ArrayListSpliterator.forEachRemaining(ArrayList.java:1654)
	at java.base/java.util.stream.AbstractPipeline.copyInto(AbstractPipeline.java:484)
	at java.base/java.util.stream.AbstractPipeline.wrapAndCopyInto(AbstractPipeline.java:474)
	at java.base/java.util.stream.StreamSpliterators$WrappingSpliterator.forEachRemaining(StreamSpliterators.java:312)
	at java.base/java.util.stream.Streams$ConcatSpliterator.forEachRemaining(Streams.java:735)
	at java.base/java.util.stream.Streams$ConcatSpliterator.forEachRemaining(Streams.java:734)
	at java.base/java.util.stream.ReferencePipeline$Head.forEach(ReferencePipeline.java:658)
	at org.junit.jupiter.engine.descriptor.ClassTestDescriptor.invokeTestInstancePostProcessors(ClassTestDescriptor.java:348)
	at org.junit.jupiter.engine.descriptor.ClassTestDescriptor.instantiateAndPostProcessTestInstance(ClassTestDescriptor.java:270)
	at org.junit.jupiter.engine.descriptor.ClassTestDescriptor.lambda$testInstanceProvider$2(ClassTestDescriptor.java:259)
	at org.junit.jupiter.engine.descriptor.ClassTestDescriptor.lambda$testInstanceProvider$3(ClassTestDescriptor.java:263)
	at java.base/java.util.Optional.orElseGet(Optional.java:369)
	at org.junit.jupiter.engine.descriptor.ClassTestDescriptor.lambda$testInstanceProvider$4(ClassTestDescriptor.java:262)
	at org.junit.jupiter.engine.descriptor.TestMethodTestDescriptor.prepare(TestMethodTestDescriptor.java:82)
	at org.junit.jupiter.engine.descriptor.TestMethodTestDescriptor.prepare(TestMethodTestDescriptor.java:59)
	at org.junit.platform.engine.support.hierarchical.NodeTestTask.lambda$prepare$0(NodeTestTask.java:83)
	at org.junit.platform.engine.support.hierarchical.ThrowableCollector.execute(ThrowableCollector.java:72)
	at org.junit.platform.engine.support.hierarchical.NodeTestTask.prepare(NodeTestTask.java:83)
	at org.junit.platform.engine.support.hierarchical.NodeTestTask.execute(NodeTestTask.java:69)
	at java.base/java.util.ArrayList.forEach(ArrayList.java:1540)
	at org.junit.platform.engine.support.hierarchical.SameThreadHierarchicalTestExecutorService.invokeAll(SameThreadHierarchicalTestExecutorService.java:38)
	at org.junit.platform.engine.support.hierarchical.NodeTestTask.lambda$executeRecursively$4(NodeTestTask.java:112)
	at org.junit.platform.engine.support.hierarchical.ThrowableCollector.execute(ThrowableCollector.java:72)
	at org.junit.platform.engine.support.hierarchical.NodeTestTask.executeRecursively(NodeTestTask.java:98)
	at org.junit.platform.engine.support.hierarchical.NodeTestTask.execute(NodeTestTask.java:74)
	at java.base/java.util.ArrayList.forEach(ArrayList.java:1540)
	at org.junit.platform.engine.support.hierarchical.SameThreadHierarchicalTestExecutorService.invokeAll(SameThreadHierarchicalTestExecutorService.java:38)
	at org.junit.platform.engine.support.hierarchical.NodeTestTask.lambda$executeRecursively$4(NodeTestTask.java:112)
	at org.junit.platform.engine.support.hierarchical.ThrowableCollector.execute(ThrowableCollector.java:72)
	at org.junit.platform.engine.support.hierarchical.NodeTestTask.executeRecursively(NodeTestTask.java:98)
	at org.junit.platform.engine.support.hierarchical.NodeTestTask.execute(NodeTestTask.java:74)
	at org.junit.platform.engine.support.hierarchical.SameThreadHierarchicalTestExecutorService.submit(SameThreadHierarchicalTestExecutorService.java:32)
	at org.junit.platform.engine.support.hierarchical.HierarchicalTestExecutor.execute(HierarchicalTestExecutor.java:57)
	at org.junit.platform.engine.support.hierarchical.HierarchicalTestEngine.execute(HierarchicalTestEngine.java:51)
	at org.junit.platform.launcher.core.DefaultLauncher.execute(DefaultLauncher.java:220)
	at org.junit.platform.launcher.core.DefaultLauncher.lambda$execute$6(DefaultLauncher.java:188)
	at org.junit.platform.launcher.core.DefaultLauncher.withInterceptedStreams(DefaultLauncher.java:202)
	at org.junit.platform.launcher.core.DefaultLauncher.execute(DefaultLauncher.java:181)
	at org.junit.platform.launcher.core.DefaultLauncher.execute(DefaultLauncher.java:128)
	at org.apache.maven.surefire.junitplatform.JUnitPlatformProvider.invokeAllTests(JUnitPlatformProvider.java:142)
	at org.apache.maven.surefire.junitplatform.JUnitPlatformProvider.invoke(JUnitPlatformProvider.java:117)
	at org.apache.maven.surefire.booter.ForkedBooter.invokeProviderInSameClassLoader(ForkedBooter.java:384)
	at org.apache.maven.surefire.booter.ForkedBooter.runSuitesInProcess(ForkedBooter.java:345)
	at org.apache.maven.surefire.booter.ForkedBooter.execute(ForkedBooter.java:126)
	at org.apache.maven.surefire.booter.ForkedBooter.main(ForkedBooter.java:418)
Caused by: org.springframework.beans.factory.BeanCreationException: Error creating bean with name 'entityManagerFactory' defined in class path resource [org/springframework/boot/autoconfigure/orm/jpa/HibernateJpaConfiguration.class]: Initialization of bean failed; nested exception is org.springframework.jdbc.datasource.init.ScriptStatementFailedException: Failed to execute SQL script statement #1 of class path resource [testdata.sql]: insert into genre(id, name, description) values(1, 'genre.1','genre.1.description'); nested exception is org.h2.jdbc.JdbcSQLException: Нарушение уникального индекса или первичного ключа: "PRIMARY KEY ON PUBLIC.GENRE(ID)"
Unique index or primary key violation: "PRIMARY KEY ON PUBLIC.GENRE(ID)"; SQL statement:
insert into genre(id, name, description) values(1, 'genre.1','genre.1.description') [23505-197]
	at org.springframework.beans.factory.support.AbstractAutowireCapableBeanFactory.doCreateBean(AbstractAutowireCapableBeanFactory.java:601)
	at org.springframework.beans.factory.support.AbstractAutowireCapableBeanFactory.createBean(AbstractAutowireCapableBeanFactory.java:515)
	at org.springframework.beans.factory.support.AbstractBeanFactory.lambda$doGetBean$0(AbstractBeanFactory.java:320)
	at org.springframework.beans.factory.support.DefaultSingletonBeanRegistry.getSingleton(DefaultSingletonBeanRegistry.java:222)
	at org.springframework.beans.factory.support.AbstractBeanFactory.doGetBean(AbstractBeanFactory.java:318)
	at org.springframework.beans.factory.support.AbstractBeanFactory.getBean(AbstractBeanFactory.java:199)
	at org.springframework.context.support.AbstractApplicationContext.getBean(AbstractApplicationContext.java:1105)
	at org.springframework.context.support.AbstractApplicationContext.finishBeanFactoryInitialization(AbstractApplicationContext.java:867)
	at org.springframework.context.support.AbstractApplicationContext.refresh(AbstractApplicationContext.java:549)
	at org.springframework.boot.SpringApplication.refresh(SpringApplication.java:775)
	at org.springframework.boot.SpringApplication.refreshContext(SpringApplication.java:397)
	at org.springframework.boot.SpringApplication.run(SpringApplication.java:316)
	at org.springframework.boot.test.context.SpringBootContextLoader.loadContext(SpringBootContextLoader.java:127)
	at org.springframework.test.context.cache.DefaultCacheAwareContextLoaderDelegate.loadContextInternal(DefaultCacheAwareContextLoaderDelegate.java:99)
	at org.springframework.test.context.cache.DefaultCacheAwareContextLoaderDelegate.loadContext(DefaultCacheAwareContextLoaderDelegate.java:117)
	... 56 common frames omitted
Caused by: org.springframework.jdbc.datasource.init.ScriptStatementFailedException: Failed to execute SQL script statement #1 of class path resource [testdata.sql]: insert into genre(id, name, description) values(1, 'genre.1','genre.1.description'); nested exception is org.h2.jdbc.JdbcSQLException: Нарушение уникального индекса или первичного ключа: "PRIMARY KEY ON PUBLIC.GENRE(ID)"
Unique index or primary key violation: "PRIMARY KEY ON PUBLIC.GENRE(ID)"; SQL statement:
insert into genre(id, name, description) values(1, 'genre.1','genre.1.description') [23505-197]
	at org.springframework.jdbc.datasource.init.ScriptUtils.executeSqlScript(ScriptUtils.java:509)
	at org.springframework.jdbc.datasource.init.ResourceDatabasePopulator.populate(ResourceDatabasePopulator.java:238)
	at org.springframework.jdbc.datasource.init.DatabasePopulatorUtils.execute(DatabasePopulatorUtils.java:48)
	at org.springframework.boot.autoconfigure.jdbc.DataSourceInitializer.runScripts(DataSourceInitializer.java:210)
	at org.springframework.boot.autoconfigure.jdbc.DataSourceInitializer.initSchema(DataSourceInitializer.java:123)
	at org.springframework.boot.autoconfigure.jdbc.DataSourceInitializerInvoker.onApplicationEvent(DataSourceInitializerInvoker.java:93)
	at org.springframework.boot.autoconfigure.jdbc.DataSourceInitializerInvoker.onApplicationEvent(DataSourceInitializerInvoker.java:37)
	at org.springframework.context.event.SimpleApplicationEventMulticaster.doInvokeListener(SimpleApplicationEventMulticaster.java:172)
	at org.springframework.context.event.SimpleApplicationEventMulticaster.invokeListener(SimpleApplicationEventMulticaster.java:165)
	at org.springframework.context.event.SimpleApplicationEventMulticaster.multicastEvent(SimpleApplicationEventMulticaster.java:139)
	at org.springframework.context.support.AbstractApplicationContext.publishEvent(AbstractApplicationContext.java:402)
	at org.springframework.context.support.AbstractApplicationContext.publishEvent(AbstractApplicationContext.java:359)
	at org.springframework.boot.autoconfigure.orm.jpa.DataSourceInitializedPublisher.publishEventIfRequired(DataSourceInitializedPublisher.java:98)
	at org.springframework.boot.autoconfigure.orm.jpa.DataSourceInitializedPublisher.postProcessAfterInitialization(DataSourceInitializedPublisher.java:88)
	at org.springframework.beans.factory.support.AbstractAutowireCapableBeanFactory.applyBeanPostProcessorsAfterInitialization(AbstractAutowireCapableBeanFactory.java:429)
	at org.springframework.beans.factory.support.AbstractAutowireCapableBeanFactory.initializeBean(AbstractAutowireCapableBeanFactory.java:1766)
	at org.springframework.beans.factory.support.AbstractAutowireCapableBeanFactory.doCreateBean(AbstractAutowireCapableBeanFactory.java:593)
	... 70 common frames omitted
Caused by: org.h2.jdbc.JdbcSQLException: Нарушение уникального индекса или первичного ключа: "PRIMARY KEY ON PUBLIC.GENRE(ID)"
Unique index or primary key violation: "PRIMARY KEY ON PUBLIC.GENRE(ID)"; SQL statement:
insert into genre(id, name, description) values(1, 'genre.1','genre.1.description') [23505-197]
	at org.h2.message.DbException.getJdbcSQLException(DbException.java:357)
	at org.h2.message.DbException.get(DbException.java:179)
	at org.h2.message.DbException.get(DbException.java:155)
	at org.h2.mvstore.db.MVPrimaryIndex.add(MVPrimaryIndex.java:123)
	at org.h2.mvstore.db.MVTable.addRow(MVTable.java:732)
	at org.h2.command.dml.Insert.insertRows(Insert.java:182)
	at org.h2.command.dml.Insert.update(Insert.java:134)
	at org.h2.command.CommandContainer.update(CommandContainer.java:102)
	at org.h2.command.Command.executeUpdate(Command.java:261)
	at org.h2.jdbc.JdbcStatement.executeInternal(JdbcStatement.java:233)
	at org.h2.jdbc.JdbcStatement.execute(JdbcStatement.java:205)
	at com.zaxxer.hikari.pool.ProxyStatement.execute(ProxyStatement.java:95)
	at com.zaxxer.hikari.pool.HikariProxyStatement.execute(HikariProxyStatement.java)
	at org.springframework.jdbc.datasource.init.ScriptUtils.executeSqlScript(ScriptUtils.java:488)
	... 86 common frames omitted
]]></system-out>
  </testcase>
  <testcase name="getByBook" classname="ru.otus.igorr.books.lesson12.service.author.AuthorServiceImplTest" time="0.001">
    <error message="Failed to load ApplicationContext" type="java.lang.IllegalStateException">java.lang.IllegalStateException: Failed to load ApplicationContext
Caused by: org.springframework.beans.factory.BeanCreationException: 
Error creating bean with name 'entityManagerFactory' defined in class path resource [org/springframework/boot/autoconfigure/orm/jpa/HibernateJpaConfiguration.class]: Initialization of bean failed; nested exception is org.springframework.jdbc.datasource.init.ScriptStatementFailedException: Failed to execute SQL script statement #1 of class path resource [testdata.sql]: insert into genre(id, name, description) values(1, 'genre.1','genre.1.description'); nested exception is org.h2.jdbc.JdbcSQLException: Нарушение уникального индекса или первичного ключа: "PRIMARY KEY ON PUBLIC.GENRE(ID)"
Unique index or primary key violation: "PRIMARY KEY ON PUBLIC.GENRE(ID)"; SQL statement:
insert into genre(id, name, description) values(1, 'genre.1','genre.1.description') [23505-197]
Caused by: org.springframework.jdbc.datasource.init.ScriptStatementFailedException: 
Failed to execute SQL script statement #1 of class path resource [testdata.sql]: insert into genre(id, name, description) values(1, 'genre.1','genre.1.description'); nested exception is org.h2.jdbc.JdbcSQLException: Нарушение уникального индекса или первичного ключа: "PRIMARY KEY ON PUBLIC.GENRE(ID)"
Unique index or primary key violation: "PRIMARY KEY ON PUBLIC.GENRE(ID)"; SQL statement:
insert into genre(id, name, description) values(1, 'genre.1','genre.1.description') [23505-197]
Caused by: org.h2.jdbc.JdbcSQLException: 
Нарушение уникального индекса или первичного ключа: "PRIMARY KEY ON PUBLIC.GENRE(ID)"
Unique index or primary key violation: "PRIMARY KEY ON PUBLIC.GENRE(ID)"; SQL statement:
insert into genre(id, name, description) values(1, 'genre.1','genre.1.description') [23505-197]
</error>
    <system-out><![CDATA[18:43:11.672 [main] &amp#27;[34mINFO &amp#27;[0;39m &amp#27;[36m.b.l.s.a.AuthorServiceImplTest&amp#27;[0;39m : Starting AuthorServiceImplTest on SBTOVB-SD004039 with PID 6816 (started by 16726080 in C:\Users\16726080\IdeaProjects\books\lesson12)
18:43:11.672 [main] &amp#27;[39mDEBUG&amp#27;[0;39m &amp#27;[36m.b.l.s.a.AuthorServiceImplTest&amp#27;[0;39m : Running with Spring Boot v2.1.3.RELEASE, Spring v5.1.5.RELEASE
18:43:11.672 [main] &amp#27;[34mINFO &amp#27;[0;39m &amp#27;[36m.b.l.s.a.AuthorServiceImplTest&amp#27;[0;39m : No active profile set, falling back to default profiles: default
18:43:12.182 [main] &amp#27;[34mINFO &amp#27;[0;39m &amp#27;[36mepositoryConfigurationDelegate&amp#27;[0;39m : Multiple Spring Data modules found, entering strict repository configuration mode!
18:43:12.182 [main] &amp#27;[34mINFO &amp#27;[0;39m &amp#27;[36mepositoryConfigurationDelegate&amp#27;[0;39m : Bootstrapping Spring Data repositories in DEFAULT mode.
18:43:12.214 [main] &amp#27;[34mINFO &amp#27;[0;39m &amp#27;[36myConfigurationExtensionSupport&amp#27;[0;39m : Spring Data MongoDB - Could not safely identify store assignment for repository candidate interface ru.otus.igorr.books.lesson12.repository.author.AuthorRepository.
18:43:12.215 [main] &amp#27;[34mINFO &amp#27;[0;39m &amp#27;[36myConfigurationExtensionSupport&amp#27;[0;39m : Spring Data MongoDB - Could not safely identify store assignment for repository candidate interface ru.otus.igorr.books.lesson12.repository.book.BookRepository.
18:43:12.215 [main] &amp#27;[34mINFO &amp#27;[0;39m &amp#27;[36myConfigurationExtensionSupport&amp#27;[0;39m : Spring Data MongoDB - Could not safely identify store assignment for repository candidate interface ru.otus.igorr.books.lesson12.repository.book.NoteRepository.
18:43:12.215 [main] &amp#27;[34mINFO &amp#27;[0;39m &amp#27;[36myConfigurationExtensionSupport&amp#27;[0;39m : Spring Data MongoDB - Could not safely identify store assignment for repository candidate interface ru.otus.igorr.books.lesson12.repository.genre.GenreRepository.
18:43:12.249 [main] &amp#27;[34mINFO &amp#27;[0;39m &amp#27;[36mepositoryConfigurationDelegate&amp#27;[0;39m : Finished Spring Data repository scanning in 67ms. Found 1 repository interfaces.
18:43:12.260 [main] &amp#27;[34mINFO &amp#27;[0;39m &amp#27;[36mepositoryConfigurationDelegate&amp#27;[0;39m : Multiple Spring Data modules found, entering strict repository configuration mode!
18:43:12.261 [main] &amp#27;[34mINFO &amp#27;[0;39m &amp#27;[36mepositoryConfigurationDelegate&amp#27;[0;39m : Bootstrapping Spring Data repositories in DEFAULT mode.
18:43:12.367 [main] &amp#27;[34mINFO &amp#27;[0;39m &amp#27;[36myConfigurationExtensionSupport&amp#27;[0;39m : Spring Data JPA - Could not safely identify store assignment for repository candidate interface ru.otus.igorr.books.lesson12.repository.person.PersonRepository.
18:43:12.443 [main] &amp#27;[34mINFO &amp#27;[0;39m &amp#27;[36mepositoryConfigurationDelegate&amp#27;[0;39m : Finished Spring Data repository scanning in 182ms. Found 4 repository interfaces.
18:43:12.588 [main] &amp#27;[34mINFO &amp#27;[0;39m &amp#27;[36mc.z.h.HikariDataSource        &amp#27;[0;39m : HikariPool-7 - Starting...
18:43:12.589 [main] &amp#27;[34mINFO &amp#27;[0;39m &amp#27;[36mc.z.h.HikariDataSource        &amp#27;[0;39m : HikariPool-7 - Start completed.
18:43:12.688 [main] &amp#27;[34mINFO &amp#27;[0;39m &amp#27;[36mo.h.j.i.u.LogHelper           &amp#27;[0;39m : HHH000204: Processing PersistenceUnitInfo [
	name: default
	...]
18:43:12.737 [main] &amp#27;[34mINFO &amp#27;[0;39m &amp#27;[36mo.h.d.Dialect                 &amp#27;[0;39m : HHH000400: Using dialect: org.hibernate.dialect.H2Dialect
18:43:12.913 [main] &amp#27;[34mINFO &amp#27;[0;39m &amp#27;[36mtainerEntityManagerFactoryBean&amp#27;[0;39m : Initialized JPA EntityManagerFactory for persistence unit 'default'
18:43:12.918 [main] &amp#27;[31mWARN &amp#27;[0;39m &amp#27;[36mtationConfigApplicationContext&amp#27;[0;39m : Exception encountered during context initialization - cancelling refresh attempt: org.springframework.beans.factory.BeanCreationException: Error creating bean with name 'entityManagerFactory' defined in class path resource [org/springframework/boot/autoconfigure/orm/jpa/HibernateJpaConfiguration.class]: Initialization of bean failed; nested exception is org.springframework.jdbc.datasource.init.ScriptStatementFailedException: Failed to execute SQL script statement #1 of class path resource [testdata.sql]: insert into genre(id, name, description) values(1, 'genre.1','genre.1.description'); nested exception is org.h2.jdbc.JdbcSQLException: Нарушение уникального индекса или первичного ключа: "PRIMARY KEY ON PUBLIC.GENRE(ID)"
Unique index or primary key violation: "PRIMARY KEY ON PUBLIC.GENRE(ID)"; SQL statement:
insert into genre(id, name, description) values(1, 'genre.1','genre.1.description') [23505-197]
18:43:12.919 [main] &amp#27;[34mINFO &amp#27;[0;39m &amp#27;[36mc.z.h.HikariDataSource        &amp#27;[0;39m : HikariPool-7 - Shutdown initiated...
18:43:12.931 [main] &amp#27;[34mINFO &amp#27;[0;39m &amp#27;[36mc.z.h.HikariDataSource        &amp#27;[0;39m : HikariPool-7 - Shutdown completed.
18:43:12.934 [main] &amp#27;[34mINFO &amp#27;[0;39m &amp#27;[36mvaluationReportLoggingListener&amp#27;[0;39m : 

Error starting ApplicationContext. To display the conditions report re-run your application with 'debug' enabled.
18:43:12.936 [main] &amp#27;[1;31mERROR&amp#27;[0;39m &amp#27;[36mo.s.b.SpringApplication       &amp#27;[0;39m : Application run failed
org.springframework.beans.factory.BeanCreationException: Error creating bean with name 'entityManagerFactory' defined in class path resource [org/springframework/boot/autoconfigure/orm/jpa/HibernateJpaConfiguration.class]: Initialization of bean failed; nested exception is org.springframework.jdbc.datasource.init.ScriptStatementFailedException: Failed to execute SQL script statement #1 of class path resource [testdata.sql]: insert into genre(id, name, description) values(1, 'genre.1','genre.1.description'); nested exception is org.h2.jdbc.JdbcSQLException: Нарушение уникального индекса или первичного ключа: "PRIMARY KEY ON PUBLIC.GENRE(ID)"
Unique index or primary key violation: "PRIMARY KEY ON PUBLIC.GENRE(ID)"; SQL statement:
insert into genre(id, name, description) values(1, 'genre.1','genre.1.description') [23505-197]
	at org.springframework.beans.factory.support.AbstractAutowireCapableBeanFactory.doCreateBean(AbstractAutowireCapableBeanFactory.java:601)
	at org.springframework.beans.factory.support.AbstractAutowireCapableBeanFactory.createBean(AbstractAutowireCapableBeanFactory.java:515)
	at org.springframework.beans.factory.support.AbstractBeanFactory.lambda$doGetBean$0(AbstractBeanFactory.java:320)
	at org.springframework.beans.factory.support.DefaultSingletonBeanRegistry.getSingleton(DefaultSingletonBeanRegistry.java:222)
	at org.springframework.beans.factory.support.AbstractBeanFactory.doGetBean(AbstractBeanFactory.java:318)
	at org.springframework.beans.factory.support.AbstractBeanFactory.getBean(AbstractBeanFactory.java:199)
	at org.springframework.context.support.AbstractApplicationContext.getBean(AbstractApplicationContext.java:1105)
	at org.springframework.context.support.AbstractApplicationContext.finishBeanFactoryInitialization(AbstractApplicationContext.java:867)
	at org.springframework.context.support.AbstractApplicationContext.refresh(AbstractApplicationContext.java:549)
	at org.springframework.boot.SpringApplication.refresh(SpringApplication.java:775)
	at org.springframework.boot.SpringApplication.refreshContext(SpringApplication.java:397)
	at org.springframework.boot.SpringApplication.run(SpringApplication.java:316)
	at org.springframework.boot.test.context.SpringBootContextLoader.loadContext(SpringBootContextLoader.java:127)
	at org.springframework.test.context.cache.DefaultCacheAwareContextLoaderDelegate.loadContextInternal(DefaultCacheAwareContextLoaderDelegate.java:99)
	at org.springframework.test.context.cache.DefaultCacheAwareContextLoaderDelegate.loadContext(DefaultCacheAwareContextLoaderDelegate.java:117)
	at org.springframework.test.context.support.DefaultTestContext.getApplicationContext(DefaultTestContext.java:108)
	at org.springframework.test.context.support.DependencyInjectionTestExecutionListener.injectDependencies(DependencyInjectionTestExecutionListener.java:118)
	at org.springframework.test.context.support.DependencyInjectionTestExecutionListener.prepareTestInstance(DependencyInjectionTestExecutionListener.java:83)
	at org.springframework.boot.test.autoconfigure.SpringBootDependencyInjectionTestExecutionListener.prepareTestInstance(SpringBootDependencyInjectionTestExecutionListener.java:44)
	at org.springframework.test.context.TestContextManager.prepareTestInstance(TestContextManager.java:246)
	at org.springframework.test.context.junit.jupiter.SpringExtension.postProcessTestInstance(SpringExtension.java:97)
	at org.junit.jupiter.engine.descriptor.ClassTestDescriptor.lambda$invokeTestInstancePostProcessors$5(ClassTestDescriptor.java:349)
	at org.junit.jupiter.engine.descriptor.JupiterTestDescriptor.executeAndMaskThrowable(JupiterTestDescriptor.java:215)
	at org.junit.jupiter.engine.descriptor.ClassTestDescriptor.lambda$invokeTestInstancePostProcessors$6(ClassTestDescriptor.java:349)
	at java.base/java.util.stream.ReferencePipeline$3$1.accept(ReferencePipeline.java:195)
	at java.base/java.util.stream.ReferencePipeline$2$1.accept(ReferencePipeline.java:177)
	at java.base/java.util.ArrayList$ArrayListSpliterator.forEachRemaining(ArrayList.java:1654)
	at java.base/java.util.stream.AbstractPipeline.copyInto(AbstractPipeline.java:484)
	at java.base/java.util.stream.AbstractPipeline.wrapAndCopyInto(AbstractPipeline.java:474)
	at java.base/java.util.stream.StreamSpliterators$WrappingSpliterator.forEachRemaining(StreamSpliterators.java:312)
	at java.base/java.util.stream.Streams$ConcatSpliterator.forEachRemaining(Streams.java:735)
	at java.base/java.util.stream.Streams$ConcatSpliterator.forEachRemaining(Streams.java:734)
	at java.base/java.util.stream.ReferencePipeline$Head.forEach(ReferencePipeline.java:658)
	at org.junit.jupiter.engine.descriptor.ClassTestDescriptor.invokeTestInstancePostProcessors(ClassTestDescriptor.java:348)
	at org.junit.jupiter.engine.descriptor.ClassTestDescriptor.instantiateAndPostProcessTestInstance(ClassTestDescriptor.java:270)
	at org.junit.jupiter.engine.descriptor.ClassTestDescriptor.lambda$testInstanceProvider$2(ClassTestDescriptor.java:259)
	at org.junit.jupiter.engine.descriptor.ClassTestDescriptor.lambda$testInstanceProvider$3(ClassTestDescriptor.java:263)
	at java.base/java.util.Optional.orElseGet(Optional.java:369)
	at org.junit.jupiter.engine.descriptor.ClassTestDescriptor.lambda$testInstanceProvider$4(ClassTestDescriptor.java:262)
	at org.junit.jupiter.engine.descriptor.TestMethodTestDescriptor.prepare(TestMethodTestDescriptor.java:82)
	at org.junit.jupiter.engine.descriptor.TestMethodTestDescriptor.prepare(TestMethodTestDescriptor.java:59)
	at org.junit.platform.engine.support.hierarchical.NodeTestTask.lambda$prepare$0(NodeTestTask.java:83)
	at org.junit.platform.engine.support.hierarchical.ThrowableCollector.execute(ThrowableCollector.java:72)
	at org.junit.platform.engine.support.hierarchical.NodeTestTask.prepare(NodeTestTask.java:83)
	at org.junit.platform.engine.support.hierarchical.NodeTestTask.execute(NodeTestTask.java:69)
	at java.base/java.util.ArrayList.forEach(ArrayList.java:1540)
	at org.junit.platform.engine.support.hierarchical.SameThreadHierarchicalTestExecutorService.invokeAll(SameThreadHierarchicalTestExecutorService.java:38)
	at org.junit.platform.engine.support.hierarchical.NodeTestTask.lambda$executeRecursively$4(NodeTestTask.java:112)
	at org.junit.platform.engine.support.hierarchical.ThrowableCollector.execute(ThrowableCollector.java:72)
	at org.junit.platform.engine.support.hierarchical.NodeTestTask.executeRecursively(NodeTestTask.java:98)
	at org.junit.platform.engine.support.hierarchical.NodeTestTask.execute(NodeTestTask.java:74)
	at java.base/java.util.ArrayList.forEach(ArrayList.java:1540)
	at org.junit.platform.engine.support.hierarchical.SameThreadHierarchicalTestExecutorService.invokeAll(SameThreadHierarchicalTestExecutorService.java:38)
	at org.junit.platform.engine.support.hierarchical.NodeTestTask.lambda$executeRecursively$4(NodeTestTask.java:112)
	at org.junit.platform.engine.support.hierarchical.ThrowableCollector.execute(ThrowableCollector.java:72)
	at org.junit.platform.engine.support.hierarchical.NodeTestTask.executeRecursively(NodeTestTask.java:98)
	at org.junit.platform.engine.support.hierarchical.NodeTestTask.execute(NodeTestTask.java:74)
	at org.junit.platform.engine.support.hierarchical.SameThreadHierarchicalTestExecutorService.submit(SameThreadHierarchicalTestExecutorService.java:32)
	at org.junit.platform.engine.support.hierarchical.HierarchicalTestExecutor.execute(HierarchicalTestExecutor.java:57)
	at org.junit.platform.engine.support.hierarchical.HierarchicalTestEngine.execute(HierarchicalTestEngine.java:51)
	at org.junit.platform.launcher.core.DefaultLauncher.execute(DefaultLauncher.java:220)
	at org.junit.platform.launcher.core.DefaultLauncher.lambda$execute$6(DefaultLauncher.java:188)
	at org.junit.platform.launcher.core.DefaultLauncher.withInterceptedStreams(DefaultLauncher.java:202)
	at org.junit.platform.launcher.core.DefaultLauncher.execute(DefaultLauncher.java:181)
	at org.junit.platform.launcher.core.DefaultLauncher.execute(DefaultLauncher.java:128)
	at org.apache.maven.surefire.junitplatform.JUnitPlatformProvider.invokeAllTests(JUnitPlatformProvider.java:142)
	at org.apache.maven.surefire.junitplatform.JUnitPlatformProvider.invoke(JUnitPlatformProvider.java:117)
	at org.apache.maven.surefire.booter.ForkedBooter.invokeProviderInSameClassLoader(ForkedBooter.java:384)
	at org.apache.maven.surefire.booter.ForkedBooter.runSuitesInProcess(ForkedBooter.java:345)
	at org.apache.maven.surefire.booter.ForkedBooter.execute(ForkedBooter.java:126)
	at org.apache.maven.surefire.booter.ForkedBooter.main(ForkedBooter.java:418)
Caused by: org.springframework.jdbc.datasource.init.ScriptStatementFailedException: Failed to execute SQL script statement #1 of class path resource [testdata.sql]: insert into genre(id, name, description) values(1, 'genre.1','genre.1.description'); nested exception is org.h2.jdbc.JdbcSQLException: Нарушение уникального индекса или первичного ключа: "PRIMARY KEY ON PUBLIC.GENRE(ID)"
Unique index or primary key violation: "PRIMARY KEY ON PUBLIC.GENRE(ID)"; SQL statement:
insert into genre(id, name, description) values(1, 'genre.1','genre.1.description') [23505-197]
	at org.springframework.jdbc.datasource.init.ScriptUtils.executeSqlScript(ScriptUtils.java:509)
	at org.springframework.jdbc.datasource.init.ResourceDatabasePopulator.populate(ResourceDatabasePopulator.java:238)
	at org.springframework.jdbc.datasource.init.DatabasePopulatorUtils.execute(DatabasePopulatorUtils.java:48)
	at org.springframework.boot.autoconfigure.jdbc.DataSourceInitializer.runScripts(DataSourceInitializer.java:210)
	at org.springframework.boot.autoconfigure.jdbc.DataSourceInitializer.initSchema(DataSourceInitializer.java:123)
	at org.springframework.boot.autoconfigure.jdbc.DataSourceInitializerInvoker.onApplicationEvent(DataSourceInitializerInvoker.java:93)
	at org.springframework.boot.autoconfigure.jdbc.DataSourceInitializerInvoker.onApplicationEvent(DataSourceInitializerInvoker.java:37)
	at org.springframework.context.event.SimpleApplicationEventMulticaster.doInvokeListener(SimpleApplicationEventMulticaster.java:172)
	at org.springframework.context.event.SimpleApplicationEventMulticaster.invokeListener(SimpleApplicationEventMulticaster.java:165)
	at org.springframework.context.event.SimpleApplicationEventMulticaster.multicastEvent(SimpleApplicationEventMulticaster.java:139)
	at org.springframework.context.support.AbstractApplicationContext.publishEvent(AbstractApplicationContext.java:402)
	at org.springframework.context.support.AbstractApplicationContext.publishEvent(AbstractApplicationContext.java:359)
	at org.springframework.boot.autoconfigure.orm.jpa.DataSourceInitializedPublisher.publishEventIfRequired(DataSourceInitializedPublisher.java:98)
	at org.springframework.boot.autoconfigure.orm.jpa.DataSourceInitializedPublisher.postProcessAfterInitialization(DataSourceInitializedPublisher.java:88)
	at org.springframework.beans.factory.support.AbstractAutowireCapableBeanFactory.applyBeanPostProcessorsAfterInitialization(AbstractAutowireCapableBeanFactory.java:429)
	at org.springframework.beans.factory.support.AbstractAutowireCapableBeanFactory.initializeBean(AbstractAutowireCapableBeanFactory.java:1766)
	at org.springframework.beans.factory.support.AbstractAutowireCapableBeanFactory.doCreateBean(AbstractAutowireCapableBeanFactory.java:593)
	... 70 common frames omitted
Caused by: org.h2.jdbc.JdbcSQLException: Нарушение уникального индекса или первичного ключа: "PRIMARY KEY ON PUBLIC.GENRE(ID)"
Unique index or primary key violation: "PRIMARY KEY ON PUBLIC.GENRE(ID)"; SQL statement:
insert into genre(id, name, description) values(1, 'genre.1','genre.1.description') [23505-197]
	at org.h2.message.DbException.getJdbcSQLException(DbException.java:357)
	at org.h2.message.DbException.get(DbException.java:179)
	at org.h2.message.DbException.get(DbException.java:155)
	at org.h2.mvstore.db.MVPrimaryIndex.add(MVPrimaryIndex.java:123)
	at org.h2.mvstore.db.MVTable.addRow(MVTable.java:732)
	at org.h2.command.dml.Insert.insertRows(Insert.java:182)
	at org.h2.command.dml.Insert.update(Insert.java:134)
	at org.h2.command.CommandContainer.update(CommandContainer.java:102)
	at org.h2.command.Command.executeUpdate(Command.java:261)
	at org.h2.jdbc.JdbcStatement.executeInternal(JdbcStatement.java:233)
	at org.h2.jdbc.JdbcStatement.execute(JdbcStatement.java:205)
	at com.zaxxer.hikari.pool.ProxyStatement.execute(ProxyStatement.java:95)
	at com.zaxxer.hikari.pool.HikariProxyStatement.execute(HikariProxyStatement.java)
	at org.springframework.jdbc.datasource.init.ScriptUtils.executeSqlScript(ScriptUtils.java:488)
	... 86 common frames omitted
18:43:13.024 [main] &amp#27;[34mINFO &amp#27;[0;39m &amp#27;[36m.b.l.s.a.AuthorServiceImplTest&amp#27;[0;39m : Starting AuthorServiceImplTest on SBTOVB-SD004039 with PID 6816 (started by 16726080 in C:\Users\16726080\IdeaProjects\books\lesson12)
18:43:13.024 [main] &amp#27;[39mDEBUG&amp#27;[0;39m &amp#27;[36m.b.l.s.a.AuthorServiceImplTest&amp#27;[0;39m : Running with Spring Boot v2.1.3.RELEASE, Spring v5.1.5.RELEASE
18:43:13.024 [main] &amp#27;[34mINFO &amp#27;[0;39m &amp#27;[36m.b.l.s.a.AuthorServiceImplTest&amp#27;[0;39m : No active profile set, falling back to default profiles: default
18:43:13.471 [main] &amp#27;[34mINFO &amp#27;[0;39m &amp#27;[36mepositoryConfigurationDelegate&amp#27;[0;39m : Multiple Spring Data modules found, entering strict repository configuration mode!
18:43:13.471 [main] &amp#27;[34mINFO &amp#27;[0;39m &amp#27;[36mepositoryConfigurationDelegate&amp#27;[0;39m : Bootstrapping Spring Data repositories in DEFAULT mode.
18:43:13.503 [main] &amp#27;[34mINFO &amp#27;[0;39m &amp#27;[36myConfigurationExtensionSupport&amp#27;[0;39m : Spring Data MongoDB - Could not safely identify store assignment for repository candidate interface ru.otus.igorr.books.lesson12.repository.author.AuthorRepository.
18:43:13.503 [main] &amp#27;[34mINFO &amp#27;[0;39m &amp#27;[36myConfigurationExtensionSupport&amp#27;[0;39m : Spring Data MongoDB - Could not safely identify store assignment for repository candidate interface ru.otus.igorr.books.lesson12.repository.book.BookRepository.
18:43:13.503 [main] &amp#27;[34mINFO &amp#27;[0;39m &amp#27;[36myConfigurationExtensionSupport&amp#27;[0;39m : Spring Data MongoDB - Could not safely identify store assignment for repository candidate interface ru.otus.igorr.books.lesson12.repository.book.NoteRepository.
18:43:13.503 [main] &amp#27;[34mINFO &amp#27;[0;39m &amp#27;[36myConfigurationExtensionSupport&amp#27;[0;39m : Spring Data MongoDB - Could not safely identify store assignment for repository candidate interface ru.otus.igorr.books.lesson12.repository.genre.GenreRepository.
18:43:13.521 [main] &amp#27;[34mINFO &amp#27;[0;39m &amp#27;[36mepositoryConfigurationDelegate&amp#27;[0;39m : Finished Spring Data repository scanning in 50ms. Found 1 repository interfaces.
18:43:13.536 [main] &amp#27;[34mINFO &amp#27;[0;39m &amp#27;[36mepositoryConfigurationDelegate&amp#27;[0;39m : Multiple Spring Data modules found, entering strict repository configuration mode!
18:43:13.536 [main] &amp#27;[34mINFO &amp#27;[0;39m &amp#27;[36mepositoryConfigurationDelegate&amp#27;[0;39m : Bootstrapping Spring Data repositories in DEFAULT mode.
18:43:13.657 [main] &amp#27;[34mINFO &amp#27;[0;39m &amp#27;[36myConfigurationExtensionSupport&amp#27;[0;39m : Spring Data JPA - Could not safely identify store assignment for repository candidate interface ru.otus.igorr.books.lesson12.repository.person.PersonRepository.
18:43:13.732 [main] &amp#27;[34mINFO &amp#27;[0;39m &amp#27;[36mepositoryConfigurationDelegate&amp#27;[0;39m : Finished Spring Data repository scanning in 196ms. Found 4 repository interfaces.
18:43:13.922 [main] &amp#27;[34mINFO &amp#27;[0;39m &amp#27;[36mc.z.h.HikariDataSource        &amp#27;[0;39m : HikariPool-8 - Starting...
18:43:13.925 [main] &amp#27;[34mINFO &amp#27;[0;39m &amp#27;[36mc.z.h.HikariDataSource        &amp#27;[0;39m : HikariPool-8 - Start completed.
18:43:14.055 [main] &amp#27;[34mINFO &amp#27;[0;39m &amp#27;[36mo.h.j.i.u.LogHelper           &amp#27;[0;39m : HHH000204: Processing PersistenceUnitInfo [
	name: default
	...]
18:43:14.111 [main] &amp#27;[34mINFO &amp#27;[0;39m &amp#27;[36mo.h.d.Dialect                 &amp#27;[0;39m : HHH000400: Using dialect: org.hibernate.dialect.H2Dialect
18:43:14.257 [main] &amp#27;[34mINFO &amp#27;[0;39m &amp#27;[36mtainerEntityManagerFactoryBean&amp#27;[0;39m : Initialized JPA EntityManagerFactory for persistence unit 'default'
18:43:14.262 [main] &amp#27;[31mWARN &amp#27;[0;39m &amp#27;[36mtationConfigApplicationContext&amp#27;[0;39m : Exception encountered during context initialization - cancelling refresh attempt: org.springframework.beans.factory.BeanCreationException: Error creating bean with name 'entityManagerFactory' defined in class path resource [org/springframework/boot/autoconfigure/orm/jpa/HibernateJpaConfiguration.class]: Initialization of bean failed; nested exception is org.springframework.jdbc.datasource.init.ScriptStatementFailedException: Failed to execute SQL script statement #1 of class path resource [testdata.sql]: insert into genre(id, name, description) values(1, 'genre.1','genre.1.description'); nested exception is org.h2.jdbc.JdbcSQLException: Нарушение уникального индекса или первичного ключа: "PRIMARY KEY ON PUBLIC.GENRE(ID)"
Unique index or primary key violation: "PRIMARY KEY ON PUBLIC.GENRE(ID)"; SQL statement:
insert into genre(id, name, description) values(1, 'genre.1','genre.1.description') [23505-197]
18:43:14.262 [main] &amp#27;[34mINFO &amp#27;[0;39m &amp#27;[36mc.z.h.HikariDataSource        &amp#27;[0;39m : HikariPool-8 - Shutdown initiated...
18:43:14.300 [main] &amp#27;[34mINFO &amp#27;[0;39m &amp#27;[36mc.z.h.HikariDataSource        &amp#27;[0;39m : HikariPool-8 - Shutdown completed.
18:43:14.307 [main] &amp#27;[34mINFO &amp#27;[0;39m &amp#27;[36mvaluationReportLoggingListener&amp#27;[0;39m : 

Error starting ApplicationContext. To display the conditions report re-run your application with 'debug' enabled.
18:43:14.309 [main] &amp#27;[1;31mERROR&amp#27;[0;39m &amp#27;[36mo.s.b.SpringApplication       &amp#27;[0;39m : Application run failed
org.springframework.beans.factory.BeanCreationException: Error creating bean with name 'entityManagerFactory' defined in class path resource [org/springframework/boot/autoconfigure/orm/jpa/HibernateJpaConfiguration.class]: Initialization of bean failed; nested exception is org.springframework.jdbc.datasource.init.ScriptStatementFailedException: Failed to execute SQL script statement #1 of class path resource [testdata.sql]: insert into genre(id, name, description) values(1, 'genre.1','genre.1.description'); nested exception is org.h2.jdbc.JdbcSQLException: Нарушение уникального индекса или первичного ключа: "PRIMARY KEY ON PUBLIC.GENRE(ID)"
Unique index or primary key violation: "PRIMARY KEY ON PUBLIC.GENRE(ID)"; SQL statement:
insert into genre(id, name, description) values(1, 'genre.1','genre.1.description') [23505-197]
	at org.springframework.beans.factory.support.AbstractAutowireCapableBeanFactory.doCreateBean(AbstractAutowireCapableBeanFactory.java:601)
	at org.springframework.beans.factory.support.AbstractAutowireCapableBeanFactory.createBean(AbstractAutowireCapableBeanFactory.java:515)
	at org.springframework.beans.factory.support.AbstractBeanFactory.lambda$doGetBean$0(AbstractBeanFactory.java:320)
	at org.springframework.beans.factory.support.DefaultSingletonBeanRegistry.getSingleton(DefaultSingletonBeanRegistry.java:222)
	at org.springframework.beans.factory.support.AbstractBeanFactory.doGetBean(AbstractBeanFactory.java:318)
	at org.springframework.beans.factory.support.AbstractBeanFactory.getBean(AbstractBeanFactory.java:199)
	at org.springframework.context.support.AbstractApplicationContext.getBean(AbstractApplicationContext.java:1105)
	at org.springframework.context.support.AbstractApplicationContext.finishBeanFactoryInitialization(AbstractApplicationContext.java:867)
	at org.springframework.context.support.AbstractApplicationContext.refresh(AbstractApplicationContext.java:549)
	at org.springframework.boot.SpringApplication.refresh(SpringApplication.java:775)
	at org.springframework.boot.SpringApplication.refreshContext(SpringApplication.java:397)
	at org.springframework.boot.SpringApplication.run(SpringApplication.java:316)
	at org.springframework.boot.test.context.SpringBootContextLoader.loadContext(SpringBootContextLoader.java:127)
	at org.springframework.test.context.cache.DefaultCacheAwareContextLoaderDelegate.loadContextInternal(DefaultCacheAwareContextLoaderDelegate.java:99)
	at org.springframework.test.context.cache.DefaultCacheAwareContextLoaderDelegate.loadContext(DefaultCacheAwareContextLoaderDelegate.java:117)
	at org.springframework.test.context.support.DefaultTestContext.getApplicationContext(DefaultTestContext.java:108)
	at org.springframework.boot.test.autoconfigure.SpringBootDependencyInjectionTestExecutionListener.outputConditionEvaluationReport(SpringBootDependencyInjectionTestExecutionListener.java:54)
	at org.springframework.boot.test.autoconfigure.SpringBootDependencyInjectionTestExecutionListener.prepareTestInstance(SpringBootDependencyInjectionTestExecutionListener.java:47)
	at org.springframework.test.context.TestContextManager.prepareTestInstance(TestContextManager.java:246)
	at org.springframework.test.context.junit.jupiter.SpringExtension.postProcessTestInstance(SpringExtension.java:97)
	at org.junit.jupiter.engine.descriptor.ClassTestDescriptor.lambda$invokeTestInstancePostProcessors$5(ClassTestDescriptor.java:349)
	at org.junit.jupiter.engine.descriptor.JupiterTestDescriptor.executeAndMaskThrowable(JupiterTestDescriptor.java:215)
	at org.junit.jupiter.engine.descriptor.ClassTestDescriptor.lambda$invokeTestInstancePostProcessors$6(ClassTestDescriptor.java:349)
	at java.base/java.util.stream.ReferencePipeline$3$1.accept(ReferencePipeline.java:195)
	at java.base/java.util.stream.ReferencePipeline$2$1.accept(ReferencePipeline.java:177)
	at java.base/java.util.ArrayList$ArrayListSpliterator.forEachRemaining(ArrayList.java:1654)
	at java.base/java.util.stream.AbstractPipeline.copyInto(AbstractPipeline.java:484)
	at java.base/java.util.stream.AbstractPipeline.wrapAndCopyInto(AbstractPipeline.java:474)
	at java.base/java.util.stream.StreamSpliterators$WrappingSpliterator.forEachRemaining(StreamSpliterators.java:312)
	at java.base/java.util.stream.Streams$ConcatSpliterator.forEachRemaining(Streams.java:735)
	at java.base/java.util.stream.Streams$ConcatSpliterator.forEachRemaining(Streams.java:734)
	at java.base/java.util.stream.ReferencePipeline$Head.forEach(ReferencePipeline.java:658)
	at org.junit.jupiter.engine.descriptor.ClassTestDescriptor.invokeTestInstancePostProcessors(ClassTestDescriptor.java:348)
	at org.junit.jupiter.engine.descriptor.ClassTestDescriptor.instantiateAndPostProcessTestInstance(ClassTestDescriptor.java:270)
	at org.junit.jupiter.engine.descriptor.ClassTestDescriptor.lambda$testInstanceProvider$2(ClassTestDescriptor.java:259)
	at org.junit.jupiter.engine.descriptor.ClassTestDescriptor.lambda$testInstanceProvider$3(ClassTestDescriptor.java:263)
	at java.base/java.util.Optional.orElseGet(Optional.java:369)
	at org.junit.jupiter.engine.descriptor.ClassTestDescriptor.lambda$testInstanceProvider$4(ClassTestDescriptor.java:262)
	at org.junit.jupiter.engine.descriptor.TestMethodTestDescriptor.prepare(TestMethodTestDescriptor.java:82)
	at org.junit.jupiter.engine.descriptor.TestMethodTestDescriptor.prepare(TestMethodTestDescriptor.java:59)
	at org.junit.platform.engine.support.hierarchical.NodeTestTask.lambda$prepare$0(NodeTestTask.java:83)
	at org.junit.platform.engine.support.hierarchical.ThrowableCollector.execute(ThrowableCollector.java:72)
	at org.junit.platform.engine.support.hierarchical.NodeTestTask.prepare(NodeTestTask.java:83)
	at org.junit.platform.engine.support.hierarchical.NodeTestTask.execute(NodeTestTask.java:69)
	at java.base/java.util.ArrayList.forEach(ArrayList.java:1540)
	at org.junit.platform.engine.support.hierarchical.SameThreadHierarchicalTestExecutorService.invokeAll(SameThreadHierarchicalTestExecutorService.java:38)
	at org.junit.platform.engine.support.hierarchical.NodeTestTask.lambda$executeRecursively$4(NodeTestTask.java:112)
	at org.junit.platform.engine.support.hierarchical.ThrowableCollector.execute(ThrowableCollector.java:72)
	at org.junit.platform.engine.support.hierarchical.NodeTestTask.executeRecursively(NodeTestTask.java:98)
	at org.junit.platform.engine.support.hierarchical.NodeTestTask.execute(NodeTestTask.java:74)
	at java.base/java.util.ArrayList.forEach(ArrayList.java:1540)
	at org.junit.platform.engine.support.hierarchical.SameThreadHierarchicalTestExecutorService.invokeAll(SameThreadHierarchicalTestExecutorService.java:38)
	at org.junit.platform.engine.support.hierarchical.NodeTestTask.lambda$executeRecursively$4(NodeTestTask.java:112)
	at org.junit.platform.engine.support.hierarchical.ThrowableCollector.execute(ThrowableCollector.java:72)
	at org.junit.platform.engine.support.hierarchical.NodeTestTask.executeRecursively(NodeTestTask.java:98)
	at org.junit.platform.engine.support.hierarchical.NodeTestTask.execute(NodeTestTask.java:74)
	at org.junit.platform.engine.support.hierarchical.SameThreadHierarchicalTestExecutorService.submit(SameThreadHierarchicalTestExecutorService.java:32)
	at org.junit.platform.engine.support.hierarchical.HierarchicalTestExecutor.execute(HierarchicalTestExecutor.java:57)
	at org.junit.platform.engine.support.hierarchical.HierarchicalTestEngine.execute(HierarchicalTestEngine.java:51)
	at org.junit.platform.launcher.core.DefaultLauncher.execute(DefaultLauncher.java:220)
	at org.junit.platform.launcher.core.DefaultLauncher.lambda$execute$6(DefaultLauncher.java:188)
	at org.junit.platform.launcher.core.DefaultLauncher.withInterceptedStreams(DefaultLauncher.java:202)
	at org.junit.platform.launcher.core.DefaultLauncher.execute(DefaultLauncher.java:181)
	at org.junit.platform.launcher.core.DefaultLauncher.execute(DefaultLauncher.java:128)
	at org.apache.maven.surefire.junitplatform.JUnitPlatformProvider.invokeAllTests(JUnitPlatformProvider.java:142)
	at org.apache.maven.surefire.junitplatform.JUnitPlatformProvider.invoke(JUnitPlatformProvider.java:117)
	at org.apache.maven.surefire.booter.ForkedBooter.invokeProviderInSameClassLoader(ForkedBooter.java:384)
	at org.apache.maven.surefire.booter.ForkedBooter.runSuitesInProcess(ForkedBooter.java:345)
	at org.apache.maven.surefire.booter.ForkedBooter.execute(ForkedBooter.java:126)
	at org.apache.maven.surefire.booter.ForkedBooter.main(ForkedBooter.java:418)
Caused by: org.springframework.jdbc.datasource.init.ScriptStatementFailedException: Failed to execute SQL script statement #1 of class path resource [testdata.sql]: insert into genre(id, name, description) values(1, 'genre.1','genre.1.description'); nested exception is org.h2.jdbc.JdbcSQLException: Нарушение уникального индекса или первичного ключа: "PRIMARY KEY ON PUBLIC.GENRE(ID)"
Unique index or primary key violation: "PRIMARY KEY ON PUBLIC.GENRE(ID)"; SQL statement:
insert into genre(id, name, description) values(1, 'genre.1','genre.1.description') [23505-197]
	at org.springframework.jdbc.datasource.init.ScriptUtils.executeSqlScript(ScriptUtils.java:509)
	at org.springframework.jdbc.datasource.init.ResourceDatabasePopulator.populate(ResourceDatabasePopulator.java:238)
	at org.springframework.jdbc.datasource.init.DatabasePopulatorUtils.execute(DatabasePopulatorUtils.java:48)
	at org.springframework.boot.autoconfigure.jdbc.DataSourceInitializer.runScripts(DataSourceInitializer.java:210)
	at org.springframework.boot.autoconfigure.jdbc.DataSourceInitializer.initSchema(DataSourceInitializer.java:123)
	at org.springframework.boot.autoconfigure.jdbc.DataSourceInitializerInvoker.onApplicationEvent(DataSourceInitializerInvoker.java:93)
	at org.springframework.boot.autoconfigure.jdbc.DataSourceInitializerInvoker.onApplicationEvent(DataSourceInitializerInvoker.java:37)
	at org.springframework.context.event.SimpleApplicationEventMulticaster.doInvokeListener(SimpleApplicationEventMulticaster.java:172)
	at org.springframework.context.event.SimpleApplicationEventMulticaster.invokeListener(SimpleApplicationEventMulticaster.java:165)
	at org.springframework.context.event.SimpleApplicationEventMulticaster.multicastEvent(SimpleApplicationEventMulticaster.java:139)
	at org.springframework.context.support.AbstractApplicationContext.publishEvent(AbstractApplicationContext.java:402)
	at org.springframework.context.support.AbstractApplicationContext.publishEvent(AbstractApplicationContext.java:359)
	at org.springframework.boot.autoconfigure.orm.jpa.DataSourceInitializedPublisher.publishEventIfRequired(DataSourceInitializedPublisher.java:98)
	at org.springframework.boot.autoconfigure.orm.jpa.DataSourceInitializedPublisher.postProcessAfterInitialization(DataSourceInitializedPublisher.java:88)
	at org.springframework.beans.factory.support.AbstractAutowireCapableBeanFactory.applyBeanPostProcessorsAfterInitialization(AbstractAutowireCapableBeanFactory.java:429)
	at org.springframework.beans.factory.support.AbstractAutowireCapableBeanFactory.initializeBean(AbstractAutowireCapableBeanFactory.java:1766)
	at org.springframework.beans.factory.support.AbstractAutowireCapableBeanFactory.doCreateBean(AbstractAutowireCapableBeanFactory.java:593)
	... 69 common frames omitted
Caused by: org.h2.jdbc.JdbcSQLException: Нарушение уникального индекса или первичного ключа: "PRIMARY KEY ON PUBLIC.GENRE(ID)"
Unique index or primary key violation: "PRIMARY KEY ON PUBLIC.GENRE(ID)"; SQL statement:
insert into genre(id, name, description) values(1, 'genre.1','genre.1.description') [23505-197]
	at org.h2.message.DbException.getJdbcSQLException(DbException.java:357)
	at org.h2.message.DbException.get(DbException.java:179)
	at org.h2.message.DbException.get(DbException.java:155)
	at org.h2.mvstore.db.MVPrimaryIndex.add(MVPrimaryIndex.java:123)
	at org.h2.mvstore.db.MVTable.addRow(MVTable.java:732)
	at org.h2.command.dml.Insert.insertRows(Insert.java:182)
	at org.h2.command.dml.Insert.update(Insert.java:134)
	at org.h2.command.CommandContainer.update(CommandContainer.java:102)
	at org.h2.command.Command.executeUpdate(Command.java:261)
	at org.h2.jdbc.JdbcStatement.executeInternal(JdbcStatement.java:233)
	at org.h2.jdbc.JdbcStatement.execute(JdbcStatement.java:205)
	at com.zaxxer.hikari.pool.ProxyStatement.execute(ProxyStatement.java:95)
	at com.zaxxer.hikari.pool.HikariProxyStatement.execute(HikariProxyStatement.java)
	at org.springframework.jdbc.datasource.init.ScriptUtils.executeSqlScript(ScriptUtils.java:488)
	... 85 common frames omitted
18:43:14.311 [main] &amp#27;[1;31mERROR&amp#27;[0;39m &amp#27;[36mo.s.t.c.TestContextManager    &amp#27;[0;39m : Caught exception while allowing TestExecutionListener [org.springframework.boot.test.autoconfigure.SpringBootDependencyInjectionTestExecutionListener@5e9a9683] to prepare test instance [ru.otus.igorr.books.lesson12.service.author.AuthorServiceImplTest@219c32e3]
java.lang.IllegalStateException: Failed to load ApplicationContext
	at org.springframework.test.context.cache.DefaultCacheAwareContextLoaderDelegate.loadContext(DefaultCacheAwareContextLoaderDelegate.java:125)
	at org.springframework.test.context.support.DefaultTestContext.getApplicationContext(DefaultTestContext.java:108)
	at org.springframework.test.context.support.DependencyInjectionTestExecutionListener.injectDependencies(DependencyInjectionTestExecutionListener.java:118)
	at org.springframework.test.context.support.DependencyInjectionTestExecutionListener.prepareTestInstance(DependencyInjectionTestExecutionListener.java:83)
	at org.springframework.boot.test.autoconfigure.SpringBootDependencyInjectionTestExecutionListener.prepareTestInstance(SpringBootDependencyInjectionTestExecutionListener.java:44)
	at org.springframework.test.context.TestContextManager.prepareTestInstance(TestContextManager.java:246)
	at org.springframework.test.context.junit.jupiter.SpringExtension.postProcessTestInstance(SpringExtension.java:97)
	at org.junit.jupiter.engine.descriptor.ClassTestDescriptor.lambda$invokeTestInstancePostProcessors$5(ClassTestDescriptor.java:349)
	at org.junit.jupiter.engine.descriptor.JupiterTestDescriptor.executeAndMaskThrowable(JupiterTestDescriptor.java:215)
	at org.junit.jupiter.engine.descriptor.ClassTestDescriptor.lambda$invokeTestInstancePostProcessors$6(ClassTestDescriptor.java:349)
	at java.base/java.util.stream.ReferencePipeline$3$1.accept(ReferencePipeline.java:195)
	at java.base/java.util.stream.ReferencePipeline$2$1.accept(ReferencePipeline.java:177)
	at java.base/java.util.ArrayList$ArrayListSpliterator.forEachRemaining(ArrayList.java:1654)
	at java.base/java.util.stream.AbstractPipeline.copyInto(AbstractPipeline.java:484)
	at java.base/java.util.stream.AbstractPipeline.wrapAndCopyInto(AbstractPipeline.java:474)
	at java.base/java.util.stream.StreamSpliterators$WrappingSpliterator.forEachRemaining(StreamSpliterators.java:312)
	at java.base/java.util.stream.Streams$ConcatSpliterator.forEachRemaining(Streams.java:735)
	at java.base/java.util.stream.Streams$ConcatSpliterator.forEachRemaining(Streams.java:734)
	at java.base/java.util.stream.ReferencePipeline$Head.forEach(ReferencePipeline.java:658)
	at org.junit.jupiter.engine.descriptor.ClassTestDescriptor.invokeTestInstancePostProcessors(ClassTestDescriptor.java:348)
	at org.junit.jupiter.engine.descriptor.ClassTestDescriptor.instantiateAndPostProcessTestInstance(ClassTestDescriptor.java:270)
	at org.junit.jupiter.engine.descriptor.ClassTestDescriptor.lambda$testInstanceProvider$2(ClassTestDescriptor.java:259)
	at org.junit.jupiter.engine.descriptor.ClassTestDescriptor.lambda$testInstanceProvider$3(ClassTestDescriptor.java:263)
	at java.base/java.util.Optional.orElseGet(Optional.java:369)
	at org.junit.jupiter.engine.descriptor.ClassTestDescriptor.lambda$testInstanceProvider$4(ClassTestDescriptor.java:262)
	at org.junit.jupiter.engine.descriptor.TestMethodTestDescriptor.prepare(TestMethodTestDescriptor.java:82)
	at org.junit.jupiter.engine.descriptor.TestMethodTestDescriptor.prepare(TestMethodTestDescriptor.java:59)
	at org.junit.platform.engine.support.hierarchical.NodeTestTask.lambda$prepare$0(NodeTestTask.java:83)
	at org.junit.platform.engine.support.hierarchical.ThrowableCollector.execute(ThrowableCollector.java:72)
	at org.junit.platform.engine.support.hierarchical.NodeTestTask.prepare(NodeTestTask.java:83)
	at org.junit.platform.engine.support.hierarchical.NodeTestTask.execute(NodeTestTask.java:69)
	at java.base/java.util.ArrayList.forEach(ArrayList.java:1540)
	at org.junit.platform.engine.support.hierarchical.SameThreadHierarchicalTestExecutorService.invokeAll(SameThreadHierarchicalTestExecutorService.java:38)
	at org.junit.platform.engine.support.hierarchical.NodeTestTask.lambda$executeRecursively$4(NodeTestTask.java:112)
	at org.junit.platform.engine.support.hierarchical.ThrowableCollector.execute(ThrowableCollector.java:72)
	at org.junit.platform.engine.support.hierarchical.NodeTestTask.executeRecursively(NodeTestTask.java:98)
	at org.junit.platform.engine.support.hierarchical.NodeTestTask.execute(NodeTestTask.java:74)
	at java.base/java.util.ArrayList.forEach(ArrayList.java:1540)
	at org.junit.platform.engine.support.hierarchical.SameThreadHierarchicalTestExecutorService.invokeAll(SameThreadHierarchicalTestExecutorService.java:38)
	at org.junit.platform.engine.support.hierarchical.NodeTestTask.lambda$executeRecursively$4(NodeTestTask.java:112)
	at org.junit.platform.engine.support.hierarchical.ThrowableCollector.execute(ThrowableCollector.java:72)
	at org.junit.platform.engine.support.hierarchical.NodeTestTask.executeRecursively(NodeTestTask.java:98)
	at org.junit.platform.engine.support.hierarchical.NodeTestTask.execute(NodeTestTask.java:74)
	at org.junit.platform.engine.support.hierarchical.SameThreadHierarchicalTestExecutorService.submit(SameThreadHierarchicalTestExecutorService.java:32)
	at org.junit.platform.engine.support.hierarchical.HierarchicalTestExecutor.execute(HierarchicalTestExecutor.java:57)
	at org.junit.platform.engine.support.hierarchical.HierarchicalTestEngine.execute(HierarchicalTestEngine.java:51)
	at org.junit.platform.launcher.core.DefaultLauncher.execute(DefaultLauncher.java:220)
	at org.junit.platform.launcher.core.DefaultLauncher.lambda$execute$6(DefaultLauncher.java:188)
	at org.junit.platform.launcher.core.DefaultLauncher.withInterceptedStreams(DefaultLauncher.java:202)
	at org.junit.platform.launcher.core.DefaultLauncher.execute(DefaultLauncher.java:181)
	at org.junit.platform.launcher.core.DefaultLauncher.execute(DefaultLauncher.java:128)
	at org.apache.maven.surefire.junitplatform.JUnitPlatformProvider.invokeAllTests(JUnitPlatformProvider.java:142)
	at org.apache.maven.surefire.junitplatform.JUnitPlatformProvider.invoke(JUnitPlatformProvider.java:117)
	at org.apache.maven.surefire.booter.ForkedBooter.invokeProviderInSameClassLoader(ForkedBooter.java:384)
	at org.apache.maven.surefire.booter.ForkedBooter.runSuitesInProcess(ForkedBooter.java:345)
	at org.apache.maven.surefire.booter.ForkedBooter.execute(ForkedBooter.java:126)
	at org.apache.maven.surefire.booter.ForkedBooter.main(ForkedBooter.java:418)
Caused by: org.springframework.beans.factory.BeanCreationException: Error creating bean with name 'entityManagerFactory' defined in class path resource [org/springframework/boot/autoconfigure/orm/jpa/HibernateJpaConfiguration.class]: Initialization of bean failed; nested exception is org.springframework.jdbc.datasource.init.ScriptStatementFailedException: Failed to execute SQL script statement #1 of class path resource [testdata.sql]: insert into genre(id, name, description) values(1, 'genre.1','genre.1.description'); nested exception is org.h2.jdbc.JdbcSQLException: Нарушение уникального индекса или первичного ключа: "PRIMARY KEY ON PUBLIC.GENRE(ID)"
Unique index or primary key violation: "PRIMARY KEY ON PUBLIC.GENRE(ID)"; SQL statement:
insert into genre(id, name, description) values(1, 'genre.1','genre.1.description') [23505-197]
	at org.springframework.beans.factory.support.AbstractAutowireCapableBeanFactory.doCreateBean(AbstractAutowireCapableBeanFactory.java:601)
	at org.springframework.beans.factory.support.AbstractAutowireCapableBeanFactory.createBean(AbstractAutowireCapableBeanFactory.java:515)
	at org.springframework.beans.factory.support.AbstractBeanFactory.lambda$doGetBean$0(AbstractBeanFactory.java:320)
	at org.springframework.beans.factory.support.DefaultSingletonBeanRegistry.getSingleton(DefaultSingletonBeanRegistry.java:222)
	at org.springframework.beans.factory.support.AbstractBeanFactory.doGetBean(AbstractBeanFactory.java:318)
	at org.springframework.beans.factory.support.AbstractBeanFactory.getBean(AbstractBeanFactory.java:199)
	at org.springframework.context.support.AbstractApplicationContext.getBean(AbstractApplicationContext.java:1105)
	at org.springframework.context.support.AbstractApplicationContext.finishBeanFactoryInitialization(AbstractApplicationContext.java:867)
	at org.springframework.context.support.AbstractApplicationContext.refresh(AbstractApplicationContext.java:549)
	at org.springframework.boot.SpringApplication.refresh(SpringApplication.java:775)
	at org.springframework.boot.SpringApplication.refreshContext(SpringApplication.java:397)
	at org.springframework.boot.SpringApplication.run(SpringApplication.java:316)
	at org.springframework.boot.test.context.SpringBootContextLoader.loadContext(SpringBootContextLoader.java:127)
	at org.springframework.test.context.cache.DefaultCacheAwareContextLoaderDelegate.loadContextInternal(DefaultCacheAwareContextLoaderDelegate.java:99)
	at org.springframework.test.context.cache.DefaultCacheAwareContextLoaderDelegate.loadContext(DefaultCacheAwareContextLoaderDelegate.java:117)
	... 56 common frames omitted
Caused by: org.springframework.jdbc.datasource.init.ScriptStatementFailedException: Failed to execute SQL script statement #1 of class path resource [testdata.sql]: insert into genre(id, name, description) values(1, 'genre.1','genre.1.description'); nested exception is org.h2.jdbc.JdbcSQLException: Нарушение уникального индекса или первичного ключа: "PRIMARY KEY ON PUBLIC.GENRE(ID)"
Unique index or primary key violation: "PRIMARY KEY ON PUBLIC.GENRE(ID)"; SQL statement:
insert into genre(id, name, description) values(1, 'genre.1','genre.1.description') [23505-197]
	at org.springframework.jdbc.datasource.init.ScriptUtils.executeSqlScript(ScriptUtils.java:509)
	at org.springframework.jdbc.datasource.init.ResourceDatabasePopulator.populate(ResourceDatabasePopulator.java:238)
	at org.springframework.jdbc.datasource.init.DatabasePopulatorUtils.execute(DatabasePopulatorUtils.java:48)
	at org.springframework.boot.autoconfigure.jdbc.DataSourceInitializer.runScripts(DataSourceInitializer.java:210)
	at org.springframework.boot.autoconfigure.jdbc.DataSourceInitializer.initSchema(DataSourceInitializer.java:123)
	at org.springframework.boot.autoconfigure.jdbc.DataSourceInitializerInvoker.onApplicationEvent(DataSourceInitializerInvoker.java:93)
	at org.springframework.boot.autoconfigure.jdbc.DataSourceInitializerInvoker.onApplicationEvent(DataSourceInitializerInvoker.java:37)
	at org.springframework.context.event.SimpleApplicationEventMulticaster.doInvokeListener(SimpleApplicationEventMulticaster.java:172)
	at org.springframework.context.event.SimpleApplicationEventMulticaster.invokeListener(SimpleApplicationEventMulticaster.java:165)
	at org.springframework.context.event.SimpleApplicationEventMulticaster.multicastEvent(SimpleApplicationEventMulticaster.java:139)
	at org.springframework.context.support.AbstractApplicationContext.publishEvent(AbstractApplicationContext.java:402)
	at org.springframework.context.support.AbstractApplicationContext.publishEvent(AbstractApplicationContext.java:359)
	at org.springframework.boot.autoconfigure.orm.jpa.DataSourceInitializedPublisher.publishEventIfRequired(DataSourceInitializedPublisher.java:98)
	at org.springframework.boot.autoconfigure.orm.jpa.DataSourceInitializedPublisher.postProcessAfterInitialization(DataSourceInitializedPublisher.java:88)
	at org.springframework.beans.factory.support.AbstractAutowireCapableBeanFactory.applyBeanPostProcessorsAfterInitialization(AbstractAutowireCapableBeanFactory.java:429)
	at org.springframework.beans.factory.support.AbstractAutowireCapableBeanFactory.initializeBean(AbstractAutowireCapableBeanFactory.java:1766)
	at org.springframework.beans.factory.support.AbstractAutowireCapableBeanFactory.doCreateBean(AbstractAutowireCapableBeanFactory.java:593)
	... 70 common frames omitted
Caused by: org.h2.jdbc.JdbcSQLException: Нарушение уникального индекса или первичного ключа: "PRIMARY KEY ON PUBLIC.GENRE(ID)"
Unique index or primary key violation: "PRIMARY KEY ON PUBLIC.GENRE(ID)"; SQL statement:
insert into genre(id, name, description) values(1, 'genre.1','genre.1.description') [23505-197]
	at org.h2.message.DbException.getJdbcSQLException(DbException.java:357)
	at org.h2.message.DbException.get(DbException.java:179)
	at org.h2.message.DbException.get(DbException.java:155)
	at org.h2.mvstore.db.MVPrimaryIndex.add(MVPrimaryIndex.java:123)
	at org.h2.mvstore.db.MVTable.addRow(MVTable.java:732)
	at org.h2.command.dml.Insert.insertRows(Insert.java:182)
	at org.h2.command.dml.Insert.update(Insert.java:134)
	at org.h2.command.CommandContainer.update(CommandContainer.java:102)
	at org.h2.command.Command.executeUpdate(Command.java:261)
	at org.h2.jdbc.JdbcStatement.executeInternal(JdbcStatement.java:233)
	at org.h2.jdbc.JdbcStatement.execute(JdbcStatement.java:205)
	at com.zaxxer.hikari.pool.ProxyStatement.execute(ProxyStatement.java:95)
	at com.zaxxer.hikari.pool.HikariProxyStatement.execute(HikariProxyStatement.java)
	at org.springframework.jdbc.datasource.init.ScriptUtils.executeSqlScript(ScriptUtils.java:488)
	... 86 common frames omitted
]]></system-out>
  </testcase>
  <testcase name="getListWithoutBooksTest" classname="ru.otus.igorr.books.lesson12.service.author.AuthorServiceImplTest" time="0.001">
    <error message="Failed to load ApplicationContext" type="java.lang.IllegalStateException">java.lang.IllegalStateException: Failed to load ApplicationContext
Caused by: org.springframework.beans.factory.BeanCreationException: 
Error creating bean with name 'entityManagerFactory' defined in class path resource [org/springframework/boot/autoconfigure/orm/jpa/HibernateJpaConfiguration.class]: Initialization of bean failed; nested exception is org.springframework.jdbc.datasource.init.ScriptStatementFailedException: Failed to execute SQL script statement #1 of class path resource [testdata.sql]: insert into genre(id, name, description) values(1, 'genre.1','genre.1.description'); nested exception is org.h2.jdbc.JdbcSQLException: Нарушение уникального индекса или первичного ключа: "PRIMARY KEY ON PUBLIC.GENRE(ID)"
Unique index or primary key violation: "PRIMARY KEY ON PUBLIC.GENRE(ID)"; SQL statement:
insert into genre(id, name, description) values(1, 'genre.1','genre.1.description') [23505-197]
Caused by: org.springframework.jdbc.datasource.init.ScriptStatementFailedException: 
Failed to execute SQL script statement #1 of class path resource [testdata.sql]: insert into genre(id, name, description) values(1, 'genre.1','genre.1.description'); nested exception is org.h2.jdbc.JdbcSQLException: Нарушение уникального индекса или первичного ключа: "PRIMARY KEY ON PUBLIC.GENRE(ID)"
Unique index or primary key violation: "PRIMARY KEY ON PUBLIC.GENRE(ID)"; SQL statement:
insert into genre(id, name, description) values(1, 'genre.1','genre.1.description') [23505-197]
Caused by: org.h2.jdbc.JdbcSQLException: 
Нарушение уникального индекса или первичного ключа: "PRIMARY KEY ON PUBLIC.GENRE(ID)"
Unique index or primary key violation: "PRIMARY KEY ON PUBLIC.GENRE(ID)"; SQL statement:
insert into genre(id, name, description) values(1, 'genre.1','genre.1.description') [23505-197]
</error>
    <system-out><![CDATA[18:43:14.404 [main] &amp#27;[34mINFO &amp#27;[0;39m &amp#27;[36m.b.l.s.a.AuthorServiceImplTest&amp#27;[0;39m : Starting AuthorServiceImplTest on SBTOVB-SD004039 with PID 6816 (started by 16726080 in C:\Users\16726080\IdeaProjects\books\lesson12)
18:43:14.404 [main] &amp#27;[39mDEBUG&amp#27;[0;39m &amp#27;[36m.b.l.s.a.AuthorServiceImplTest&amp#27;[0;39m : Running with Spring Boot v2.1.3.RELEASE, Spring v5.1.5.RELEASE
18:43:14.404 [main] &amp#27;[34mINFO &amp#27;[0;39m &amp#27;[36m.b.l.s.a.AuthorServiceImplTest&amp#27;[0;39m : No active profile set, falling back to default profiles: default
18:43:14.827 [main] &amp#27;[34mINFO &amp#27;[0;39m &amp#27;[36mepositoryConfigurationDelegate&amp#27;[0;39m : Multiple Spring Data modules found, entering strict repository configuration mode!
18:43:14.828 [main] &amp#27;[34mINFO &amp#27;[0;39m &amp#27;[36mepositoryConfigurationDelegate&amp#27;[0;39m : Bootstrapping Spring Data repositories in DEFAULT mode.
18:43:14.853 [main] &amp#27;[34mINFO &amp#27;[0;39m &amp#27;[36myConfigurationExtensionSupport&amp#27;[0;39m : Spring Data MongoDB - Could not safely identify store assignment for repository candidate interface ru.otus.igorr.books.lesson12.repository.author.AuthorRepository.
18:43:14.854 [main] &amp#27;[34mINFO &amp#27;[0;39m &amp#27;[36myConfigurationExtensionSupport&amp#27;[0;39m : Spring Data MongoDB - Could not safely identify store assignment for repository candidate interface ru.otus.igorr.books.lesson12.repository.book.BookRepository.
18:43:14.854 [main] &amp#27;[34mINFO &amp#27;[0;39m &amp#27;[36myConfigurationExtensionSupport&amp#27;[0;39m : Spring Data MongoDB - Could not safely identify store assignment for repository candidate interface ru.otus.igorr.books.lesson12.repository.book.NoteRepository.
18:43:14.854 [main] &amp#27;[34mINFO &amp#27;[0;39m &amp#27;[36myConfigurationExtensionSupport&amp#27;[0;39m : Spring Data MongoDB - Could not safely identify store assignment for repository candidate interface ru.otus.igorr.books.lesson12.repository.genre.GenreRepository.
18:43:14.871 [main] &amp#27;[34mINFO &amp#27;[0;39m &amp#27;[36mepositoryConfigurationDelegate&amp#27;[0;39m : Finished Spring Data repository scanning in 43ms. Found 1 repository interfaces.
18:43:14.881 [main] &amp#27;[34mINFO &amp#27;[0;39m &amp#27;[36mepositoryConfigurationDelegate&amp#27;[0;39m : Multiple Spring Data modules found, entering strict repository configuration mode!
18:43:14.882 [main] &amp#27;[34mINFO &amp#27;[0;39m &amp#27;[36mepositoryConfigurationDelegate&amp#27;[0;39m : Bootstrapping Spring Data repositories in DEFAULT mode.
18:43:14.970 [main] &amp#27;[34mINFO &amp#27;[0;39m &amp#27;[36myConfigurationExtensionSupport&amp#27;[0;39m : Spring Data JPA - Could not safely identify store assignment for repository candidate interface ru.otus.igorr.books.lesson12.repository.person.PersonRepository.
18:43:15.030 [main] &amp#27;[34mINFO &amp#27;[0;39m &amp#27;[36mepositoryConfigurationDelegate&amp#27;[0;39m : Finished Spring Data repository scanning in 148ms. Found 4 repository interfaces.
18:43:15.154 [main] &amp#27;[34mINFO &amp#27;[0;39m &amp#27;[36mc.z.h.HikariDataSource        &amp#27;[0;39m : HikariPool-9 - Starting...
18:43:15.155 [main] &amp#27;[34mINFO &amp#27;[0;39m &amp#27;[36mc.z.h.HikariDataSource        &amp#27;[0;39m : HikariPool-9 - Start completed.
18:43:15.221 [main] &amp#27;[34mINFO &amp#27;[0;39m &amp#27;[36mo.h.j.i.u.LogHelper           &amp#27;[0;39m : HHH000204: Processing PersistenceUnitInfo [
	name: default
	...]
18:43:15.265 [main] &amp#27;[34mINFO &amp#27;[0;39m &amp#27;[36mo.h.d.Dialect                 &amp#27;[0;39m : HHH000400: Using dialect: org.hibernate.dialect.H2Dialect
18:43:15.554 [main] &amp#27;[34mINFO &amp#27;[0;39m &amp#27;[36mtainerEntityManagerFactoryBean&amp#27;[0;39m : Initialized JPA EntityManagerFactory for persistence unit 'default'
18:43:15.563 [main] &amp#27;[31mWARN &amp#27;[0;39m &amp#27;[36mtationConfigApplicationContext&amp#27;[0;39m : Exception encountered during context initialization - cancelling refresh attempt: org.springframework.beans.factory.BeanCreationException: Error creating bean with name 'entityManagerFactory' defined in class path resource [org/springframework/boot/autoconfigure/orm/jpa/HibernateJpaConfiguration.class]: Initialization of bean failed; nested exception is org.springframework.jdbc.datasource.init.ScriptStatementFailedException: Failed to execute SQL script statement #1 of class path resource [testdata.sql]: insert into genre(id, name, description) values(1, 'genre.1','genre.1.description'); nested exception is org.h2.jdbc.JdbcSQLException: Нарушение уникального индекса или первичного ключа: "PRIMARY KEY ON PUBLIC.GENRE(ID)"
Unique index or primary key violation: "PRIMARY KEY ON PUBLIC.GENRE(ID)"; SQL statement:
insert into genre(id, name, description) values(1, 'genre.1','genre.1.description') [23505-197]
18:43:15.564 [main] &amp#27;[34mINFO &amp#27;[0;39m &amp#27;[36mc.z.h.HikariDataSource        &amp#27;[0;39m : HikariPool-9 - Shutdown initiated...
18:43:15.572 [main] &amp#27;[34mINFO &amp#27;[0;39m &amp#27;[36mc.z.h.HikariDataSource        &amp#27;[0;39m : HikariPool-9 - Shutdown completed.
18:43:15.577 [main] &amp#27;[34mINFO &amp#27;[0;39m &amp#27;[36mvaluationReportLoggingListener&amp#27;[0;39m : 

Error starting ApplicationContext. To display the conditions report re-run your application with 'debug' enabled.
18:43:15.579 [main] &amp#27;[1;31mERROR&amp#27;[0;39m &amp#27;[36mo.s.b.SpringApplication       &amp#27;[0;39m : Application run failed
org.springframework.beans.factory.BeanCreationException: Error creating bean with name 'entityManagerFactory' defined in class path resource [org/springframework/boot/autoconfigure/orm/jpa/HibernateJpaConfiguration.class]: Initialization of bean failed; nested exception is org.springframework.jdbc.datasource.init.ScriptStatementFailedException: Failed to execute SQL script statement #1 of class path resource [testdata.sql]: insert into genre(id, name, description) values(1, 'genre.1','genre.1.description'); nested exception is org.h2.jdbc.JdbcSQLException: Нарушение уникального индекса или первичного ключа: "PRIMARY KEY ON PUBLIC.GENRE(ID)"
Unique index or primary key violation: "PRIMARY KEY ON PUBLIC.GENRE(ID)"; SQL statement:
insert into genre(id, name, description) values(1, 'genre.1','genre.1.description') [23505-197]
	at org.springframework.beans.factory.support.AbstractAutowireCapableBeanFactory.doCreateBean(AbstractAutowireCapableBeanFactory.java:601)
	at org.springframework.beans.factory.support.AbstractAutowireCapableBeanFactory.createBean(AbstractAutowireCapableBeanFactory.java:515)
	at org.springframework.beans.factory.support.AbstractBeanFactory.lambda$doGetBean$0(AbstractBeanFactory.java:320)
	at org.springframework.beans.factory.support.DefaultSingletonBeanRegistry.getSingleton(DefaultSingletonBeanRegistry.java:222)
	at org.springframework.beans.factory.support.AbstractBeanFactory.doGetBean(AbstractBeanFactory.java:318)
	at org.springframework.beans.factory.support.AbstractBeanFactory.getBean(AbstractBeanFactory.java:199)
	at org.springframework.context.support.AbstractApplicationContext.getBean(AbstractApplicationContext.java:1105)
	at org.springframework.context.support.AbstractApplicationContext.finishBeanFactoryInitialization(AbstractApplicationContext.java:867)
	at org.springframework.context.support.AbstractApplicationContext.refresh(AbstractApplicationContext.java:549)
	at org.springframework.boot.SpringApplication.refresh(SpringApplication.java:775)
	at org.springframework.boot.SpringApplication.refreshContext(SpringApplication.java:397)
	at org.springframework.boot.SpringApplication.run(SpringApplication.java:316)
	at org.springframework.boot.test.context.SpringBootContextLoader.loadContext(SpringBootContextLoader.java:127)
	at org.springframework.test.context.cache.DefaultCacheAwareContextLoaderDelegate.loadContextInternal(DefaultCacheAwareContextLoaderDelegate.java:99)
	at org.springframework.test.context.cache.DefaultCacheAwareContextLoaderDelegate.loadContext(DefaultCacheAwareContextLoaderDelegate.java:117)
	at org.springframework.test.context.support.DefaultTestContext.getApplicationContext(DefaultTestContext.java:108)
	at org.springframework.test.context.support.DependencyInjectionTestExecutionListener.injectDependencies(DependencyInjectionTestExecutionListener.java:118)
	at org.springframework.test.context.support.DependencyInjectionTestExecutionListener.prepareTestInstance(DependencyInjectionTestExecutionListener.java:83)
	at org.springframework.boot.test.autoconfigure.SpringBootDependencyInjectionTestExecutionListener.prepareTestInstance(SpringBootDependencyInjectionTestExecutionListener.java:44)
	at org.springframework.test.context.TestContextManager.prepareTestInstance(TestContextManager.java:246)
	at org.springframework.test.context.junit.jupiter.SpringExtension.postProcessTestInstance(SpringExtension.java:97)
	at org.junit.jupiter.engine.descriptor.ClassTestDescriptor.lambda$invokeTestInstancePostProcessors$5(ClassTestDescriptor.java:349)
	at org.junit.jupiter.engine.descriptor.JupiterTestDescriptor.executeAndMaskThrowable(JupiterTestDescriptor.java:215)
	at org.junit.jupiter.engine.descriptor.ClassTestDescriptor.lambda$invokeTestInstancePostProcessors$6(ClassTestDescriptor.java:349)
	at java.base/java.util.stream.ReferencePipeline$3$1.accept(ReferencePipeline.java:195)
	at java.base/java.util.stream.ReferencePipeline$2$1.accept(ReferencePipeline.java:177)
	at java.base/java.util.ArrayList$ArrayListSpliterator.forEachRemaining(ArrayList.java:1654)
	at java.base/java.util.stream.AbstractPipeline.copyInto(AbstractPipeline.java:484)
	at java.base/java.util.stream.AbstractPipeline.wrapAndCopyInto(AbstractPipeline.java:474)
	at java.base/java.util.stream.StreamSpliterators$WrappingSpliterator.forEachRemaining(StreamSpliterators.java:312)
	at java.base/java.util.stream.Streams$ConcatSpliterator.forEachRemaining(Streams.java:735)
	at java.base/java.util.stream.Streams$ConcatSpliterator.forEachRemaining(Streams.java:734)
	at java.base/java.util.stream.ReferencePipeline$Head.forEach(ReferencePipeline.java:658)
	at org.junit.jupiter.engine.descriptor.ClassTestDescriptor.invokeTestInstancePostProcessors(ClassTestDescriptor.java:348)
	at org.junit.jupiter.engine.descriptor.ClassTestDescriptor.instantiateAndPostProcessTestInstance(ClassTestDescriptor.java:270)
	at org.junit.jupiter.engine.descriptor.ClassTestDescriptor.lambda$testInstanceProvider$2(ClassTestDescriptor.java:259)
	at org.junit.jupiter.engine.descriptor.ClassTestDescriptor.lambda$testInstanceProvider$3(ClassTestDescriptor.java:263)
	at java.base/java.util.Optional.orElseGet(Optional.java:369)
	at org.junit.jupiter.engine.descriptor.ClassTestDescriptor.lambda$testInstanceProvider$4(ClassTestDescriptor.java:262)
	at org.junit.jupiter.engine.descriptor.TestMethodTestDescriptor.prepare(TestMethodTestDescriptor.java:82)
	at org.junit.jupiter.engine.descriptor.TestMethodTestDescriptor.prepare(TestMethodTestDescriptor.java:59)
	at org.junit.platform.engine.support.hierarchical.NodeTestTask.lambda$prepare$0(NodeTestTask.java:83)
	at org.junit.platform.engine.support.hierarchical.ThrowableCollector.execute(ThrowableCollector.java:72)
	at org.junit.platform.engine.support.hierarchical.NodeTestTask.prepare(NodeTestTask.java:83)
	at org.junit.platform.engine.support.hierarchical.NodeTestTask.execute(NodeTestTask.java:69)
	at java.base/java.util.ArrayList.forEach(ArrayList.java:1540)
	at org.junit.platform.engine.support.hierarchical.SameThreadHierarchicalTestExecutorService.invokeAll(SameThreadHierarchicalTestExecutorService.java:38)
	at org.junit.platform.engine.support.hierarchical.NodeTestTask.lambda$executeRecursively$4(NodeTestTask.java:112)
	at org.junit.platform.engine.support.hierarchical.ThrowableCollector.execute(ThrowableCollector.java:72)
	at org.junit.platform.engine.support.hierarchical.NodeTestTask.executeRecursively(NodeTestTask.java:98)
	at org.junit.platform.engine.support.hierarchical.NodeTestTask.execute(NodeTestTask.java:74)
	at java.base/java.util.ArrayList.forEach(ArrayList.java:1540)
	at org.junit.platform.engine.support.hierarchical.SameThreadHierarchicalTestExecutorService.invokeAll(SameThreadHierarchicalTestExecutorService.java:38)
	at org.junit.platform.engine.support.hierarchical.NodeTestTask.lambda$executeRecursively$4(NodeTestTask.java:112)
	at org.junit.platform.engine.support.hierarchical.ThrowableCollector.execute(ThrowableCollector.java:72)
	at org.junit.platform.engine.support.hierarchical.NodeTestTask.executeRecursively(NodeTestTask.java:98)
	at org.junit.platform.engine.support.hierarchical.NodeTestTask.execute(NodeTestTask.java:74)
	at org.junit.platform.engine.support.hierarchical.SameThreadHierarchicalTestExecutorService.submit(SameThreadHierarchicalTestExecutorService.java:32)
	at org.junit.platform.engine.support.hierarchical.HierarchicalTestExecutor.execute(HierarchicalTestExecutor.java:57)
	at org.junit.platform.engine.support.hierarchical.HierarchicalTestEngine.execute(HierarchicalTestEngine.java:51)
	at org.junit.platform.launcher.core.DefaultLauncher.execute(DefaultLauncher.java:220)
	at org.junit.platform.launcher.core.DefaultLauncher.lambda$execute$6(DefaultLauncher.java:188)
	at org.junit.platform.launcher.core.DefaultLauncher.withInterceptedStreams(DefaultLauncher.java:202)
	at org.junit.platform.launcher.core.DefaultLauncher.execute(DefaultLauncher.java:181)
	at org.junit.platform.launcher.core.DefaultLauncher.execute(DefaultLauncher.java:128)
	at org.apache.maven.surefire.junitplatform.JUnitPlatformProvider.invokeAllTests(JUnitPlatformProvider.java:142)
	at org.apache.maven.surefire.junitplatform.JUnitPlatformProvider.invoke(JUnitPlatformProvider.java:117)
	at org.apache.maven.surefire.booter.ForkedBooter.invokeProviderInSameClassLoader(ForkedBooter.java:384)
	at org.apache.maven.surefire.booter.ForkedBooter.runSuitesInProcess(ForkedBooter.java:345)
	at org.apache.maven.surefire.booter.ForkedBooter.execute(ForkedBooter.java:126)
	at org.apache.maven.surefire.booter.ForkedBooter.main(ForkedBooter.java:418)
Caused by: org.springframework.jdbc.datasource.init.ScriptStatementFailedException: Failed to execute SQL script statement #1 of class path resource [testdata.sql]: insert into genre(id, name, description) values(1, 'genre.1','genre.1.description'); nested exception is org.h2.jdbc.JdbcSQLException: Нарушение уникального индекса или первичного ключа: "PRIMARY KEY ON PUBLIC.GENRE(ID)"
Unique index or primary key violation: "PRIMARY KEY ON PUBLIC.GENRE(ID)"; SQL statement:
insert into genre(id, name, description) values(1, 'genre.1','genre.1.description') [23505-197]
	at org.springframework.jdbc.datasource.init.ScriptUtils.executeSqlScript(ScriptUtils.java:509)
	at org.springframework.jdbc.datasource.init.ResourceDatabasePopulator.populate(ResourceDatabasePopulator.java:238)
	at org.springframework.jdbc.datasource.init.DatabasePopulatorUtils.execute(DatabasePopulatorUtils.java:48)
	at org.springframework.boot.autoconfigure.jdbc.DataSourceInitializer.runScripts(DataSourceInitializer.java:210)
	at org.springframework.boot.autoconfigure.jdbc.DataSourceInitializer.initSchema(DataSourceInitializer.java:123)
	at org.springframework.boot.autoconfigure.jdbc.DataSourceInitializerInvoker.onApplicationEvent(DataSourceInitializerInvoker.java:93)
	at org.springframework.boot.autoconfigure.jdbc.DataSourceInitializerInvoker.onApplicationEvent(DataSourceInitializerInvoker.java:37)
	at org.springframework.context.event.SimpleApplicationEventMulticaster.doInvokeListener(SimpleApplicationEventMulticaster.java:172)
	at org.springframework.context.event.SimpleApplicationEventMulticaster.invokeListener(SimpleApplicationEventMulticaster.java:165)
	at org.springframework.context.event.SimpleApplicationEventMulticaster.multicastEvent(SimpleApplicationEventMulticaster.java:139)
	at org.springframework.context.support.AbstractApplicationContext.publishEvent(AbstractApplicationContext.java:402)
	at org.springframework.context.support.AbstractApplicationContext.publishEvent(AbstractApplicationContext.java:359)
	at org.springframework.boot.autoconfigure.orm.jpa.DataSourceInitializedPublisher.publishEventIfRequired(DataSourceInitializedPublisher.java:98)
	at org.springframework.boot.autoconfigure.orm.jpa.DataSourceInitializedPublisher.postProcessAfterInitialization(DataSourceInitializedPublisher.java:88)
	at org.springframework.beans.factory.support.AbstractAutowireCapableBeanFactory.applyBeanPostProcessorsAfterInitialization(AbstractAutowireCapableBeanFactory.java:429)
	at org.springframework.beans.factory.support.AbstractAutowireCapableBeanFactory.initializeBean(AbstractAutowireCapableBeanFactory.java:1766)
	at org.springframework.beans.factory.support.AbstractAutowireCapableBeanFactory.doCreateBean(AbstractAutowireCapableBeanFactory.java:593)
	... 70 common frames omitted
Caused by: org.h2.jdbc.JdbcSQLException: Нарушение уникального индекса или первичного ключа: "PRIMARY KEY ON PUBLIC.GENRE(ID)"
Unique index or primary key violation: "PRIMARY KEY ON PUBLIC.GENRE(ID)"; SQL statement:
insert into genre(id, name, description) values(1, 'genre.1','genre.1.description') [23505-197]
	at org.h2.message.DbException.getJdbcSQLException(DbException.java:357)
	at org.h2.message.DbException.get(DbException.java:179)
	at org.h2.message.DbException.get(DbException.java:155)
	at org.h2.mvstore.db.MVPrimaryIndex.add(MVPrimaryIndex.java:123)
	at org.h2.mvstore.db.MVTable.addRow(MVTable.java:732)
	at org.h2.command.dml.Insert.insertRows(Insert.java:182)
	at org.h2.command.dml.Insert.update(Insert.java:134)
	at org.h2.command.CommandContainer.update(CommandContainer.java:102)
	at org.h2.command.Command.executeUpdate(Command.java:261)
	at org.h2.jdbc.JdbcStatement.executeInternal(JdbcStatement.java:233)
	at org.h2.jdbc.JdbcStatement.execute(JdbcStatement.java:205)
	at com.zaxxer.hikari.pool.ProxyStatement.execute(ProxyStatement.java:95)
	at com.zaxxer.hikari.pool.HikariProxyStatement.execute(HikariProxyStatement.java)
	at org.springframework.jdbc.datasource.init.ScriptUtils.executeSqlScript(ScriptUtils.java:488)
	... 86 common frames omitted
18:43:15.651 [main] &amp#27;[34mINFO &amp#27;[0;39m &amp#27;[36m.b.l.s.a.AuthorServiceImplTest&amp#27;[0;39m : Starting AuthorServiceImplTest on SBTOVB-SD004039 with PID 6816 (started by 16726080 in C:\Users\16726080\IdeaProjects\books\lesson12)
18:43:15.652 [main] &amp#27;[39mDEBUG&amp#27;[0;39m &amp#27;[36m.b.l.s.a.AuthorServiceImplTest&amp#27;[0;39m : Running with Spring Boot v2.1.3.RELEASE, Spring v5.1.5.RELEASE
18:43:15.652 [main] &amp#27;[34mINFO &amp#27;[0;39m &amp#27;[36m.b.l.s.a.AuthorServiceImplTest&amp#27;[0;39m : No active profile set, falling back to default profiles: default
18:43:16.043 [main] &amp#27;[34mINFO &amp#27;[0;39m &amp#27;[36mepositoryConfigurationDelegate&amp#27;[0;39m : Multiple Spring Data modules found, entering strict repository configuration mode!
18:43:16.043 [main] &amp#27;[34mINFO &amp#27;[0;39m &amp#27;[36mepositoryConfigurationDelegate&amp#27;[0;39m : Bootstrapping Spring Data repositories in DEFAULT mode.
18:43:16.076 [main] &amp#27;[34mINFO &amp#27;[0;39m &amp#27;[36myConfigurationExtensionSupport&amp#27;[0;39m : Spring Data MongoDB - Could not safely identify store assignment for repository candidate interface ru.otus.igorr.books.lesson12.repository.author.AuthorRepository.
18:43:16.076 [main] &amp#27;[34mINFO &amp#27;[0;39m &amp#27;[36myConfigurationExtensionSupport&amp#27;[0;39m : Spring Data MongoDB - Could not safely identify store assignment for repository candidate interface ru.otus.igorr.books.lesson12.repository.book.BookRepository.
18:43:16.077 [main] &amp#27;[34mINFO &amp#27;[0;39m &amp#27;[36myConfigurationExtensionSupport&amp#27;[0;39m : Spring Data MongoDB - Could not safely identify store assignment for repository candidate interface ru.otus.igorr.books.lesson12.repository.book.NoteRepository.
18:43:16.077 [main] &amp#27;[34mINFO &amp#27;[0;39m &amp#27;[36myConfigurationExtensionSupport&amp#27;[0;39m : Spring Data MongoDB - Could not safely identify store assignment for repository candidate interface ru.otus.igorr.books.lesson12.repository.genre.GenreRepository.
18:43:16.123 [main] &amp#27;[34mINFO &amp#27;[0;39m &amp#27;[36mepositoryConfigurationDelegate&amp#27;[0;39m : Finished Spring Data repository scanning in 80ms. Found 1 repository interfaces.
18:43:16.133 [main] &amp#27;[34mINFO &amp#27;[0;39m &amp#27;[36mepositoryConfigurationDelegate&amp#27;[0;39m : Multiple Spring Data modules found, entering strict repository configuration mode!
18:43:16.133 [main] &amp#27;[34mINFO &amp#27;[0;39m &amp#27;[36mepositoryConfigurationDelegate&amp#27;[0;39m : Bootstrapping Spring Data repositories in DEFAULT mode.
18:43:16.300 [main] &amp#27;[34mINFO &amp#27;[0;39m &amp#27;[36myConfigurationExtensionSupport&amp#27;[0;39m : Spring Data JPA - Could not safely identify store assignment for repository candidate interface ru.otus.igorr.books.lesson12.repository.person.PersonRepository.
18:43:16.407 [main] &amp#27;[34mINFO &amp#27;[0;39m &amp#27;[36mepositoryConfigurationDelegate&amp#27;[0;39m : Finished Spring Data repository scanning in 274ms. Found 4 repository interfaces.
18:43:16.512 [main] &amp#27;[34mINFO &amp#27;[0;39m &amp#27;[36mc.z.h.HikariDataSource        &amp#27;[0;39m : HikariPool-10 - Starting...
18:43:16.513 [main] &amp#27;[34mINFO &amp#27;[0;39m &amp#27;[36mc.z.h.HikariDataSource        &amp#27;[0;39m : HikariPool-10 - Start completed.
18:43:16.740 [main] &amp#27;[34mINFO &amp#27;[0;39m &amp#27;[36mo.h.j.i.u.LogHelper           &amp#27;[0;39m : HHH000204: Processing PersistenceUnitInfo [
	name: default
	...]
18:43:16.846 [main] &amp#27;[34mINFO &amp#27;[0;39m &amp#27;[36mo.h.d.Dialect                 &amp#27;[0;39m : HHH000400: Using dialect: org.hibernate.dialect.H2Dialect
18:43:17.028 [main] &amp#27;[34mINFO &amp#27;[0;39m &amp#27;[36mtainerEntityManagerFactoryBean&amp#27;[0;39m : Initialized JPA EntityManagerFactory for persistence unit 'default'
18:43:17.033 [main] &amp#27;[31mWARN &amp#27;[0;39m &amp#27;[36mtationConfigApplicationContext&amp#27;[0;39m : Exception encountered during context initialization - cancelling refresh attempt: org.springframework.beans.factory.BeanCreationException: Error creating bean with name 'entityManagerFactory' defined in class path resource [org/springframework/boot/autoconfigure/orm/jpa/HibernateJpaConfiguration.class]: Initialization of bean failed; nested exception is org.springframework.jdbc.datasource.init.ScriptStatementFailedException: Failed to execute SQL script statement #1 of class path resource [testdata.sql]: insert into genre(id, name, description) values(1, 'genre.1','genre.1.description'); nested exception is org.h2.jdbc.JdbcSQLException: Нарушение уникального индекса или первичного ключа: "PRIMARY KEY ON PUBLIC.GENRE(ID)"
Unique index or primary key violation: "PRIMARY KEY ON PUBLIC.GENRE(ID)"; SQL statement:
insert into genre(id, name, description) values(1, 'genre.1','genre.1.description') [23505-197]
18:43:17.033 [main] &amp#27;[34mINFO &amp#27;[0;39m &amp#27;[36mc.z.h.HikariDataSource        &amp#27;[0;39m : HikariPool-10 - Shutdown initiated...
18:43:17.042 [main] &amp#27;[34mINFO &amp#27;[0;39m &amp#27;[36mc.z.h.HikariDataSource        &amp#27;[0;39m : HikariPool-10 - Shutdown completed.
18:43:17.049 [main] &amp#27;[34mINFO &amp#27;[0;39m &amp#27;[36mvaluationReportLoggingListener&amp#27;[0;39m : 

Error starting ApplicationContext. To display the conditions report re-run your application with 'debug' enabled.
18:43:17.050 [main] &amp#27;[1;31mERROR&amp#27;[0;39m &amp#27;[36mo.s.b.SpringApplication       &amp#27;[0;39m : Application run failed
org.springframework.beans.factory.BeanCreationException: Error creating bean with name 'entityManagerFactory' defined in class path resource [org/springframework/boot/autoconfigure/orm/jpa/HibernateJpaConfiguration.class]: Initialization of bean failed; nested exception is org.springframework.jdbc.datasource.init.ScriptStatementFailedException: Failed to execute SQL script statement #1 of class path resource [testdata.sql]: insert into genre(id, name, description) values(1, 'genre.1','genre.1.description'); nested exception is org.h2.jdbc.JdbcSQLException: Нарушение уникального индекса или первичного ключа: "PRIMARY KEY ON PUBLIC.GENRE(ID)"
Unique index or primary key violation: "PRIMARY KEY ON PUBLIC.GENRE(ID)"; SQL statement:
insert into genre(id, name, description) values(1, 'genre.1','genre.1.description') [23505-197]
	at org.springframework.beans.factory.support.AbstractAutowireCapableBeanFactory.doCreateBean(AbstractAutowireCapableBeanFactory.java:601)
	at org.springframework.beans.factory.support.AbstractAutowireCapableBeanFactory.createBean(AbstractAutowireCapableBeanFactory.java:515)
	at org.springframework.beans.factory.support.AbstractBeanFactory.lambda$doGetBean$0(AbstractBeanFactory.java:320)
	at org.springframework.beans.factory.support.DefaultSingletonBeanRegistry.getSingleton(DefaultSingletonBeanRegistry.java:222)
	at org.springframework.beans.factory.support.AbstractBeanFactory.doGetBean(AbstractBeanFactory.java:318)
	at org.springframework.beans.factory.support.AbstractBeanFactory.getBean(AbstractBeanFactory.java:199)
	at org.springframework.context.support.AbstractApplicationContext.getBean(AbstractApplicationContext.java:1105)
	at org.springframework.context.support.AbstractApplicationContext.finishBeanFactoryInitialization(AbstractApplicationContext.java:867)
	at org.springframework.context.support.AbstractApplicationContext.refresh(AbstractApplicationContext.java:549)
	at org.springframework.boot.SpringApplication.refresh(SpringApplication.java:775)
	at org.springframework.boot.SpringApplication.refreshContext(SpringApplication.java:397)
	at org.springframework.boot.SpringApplication.run(SpringApplication.java:316)
	at org.springframework.boot.test.context.SpringBootContextLoader.loadContext(SpringBootContextLoader.java:127)
	at org.springframework.test.context.cache.DefaultCacheAwareContextLoaderDelegate.loadContextInternal(DefaultCacheAwareContextLoaderDelegate.java:99)
	at org.springframework.test.context.cache.DefaultCacheAwareContextLoaderDelegate.loadContext(DefaultCacheAwareContextLoaderDelegate.java:117)
	at org.springframework.test.context.support.DefaultTestContext.getApplicationContext(DefaultTestContext.java:108)
	at org.springframework.boot.test.autoconfigure.SpringBootDependencyInjectionTestExecutionListener.outputConditionEvaluationReport(SpringBootDependencyInjectionTestExecutionListener.java:54)
	at org.springframework.boot.test.autoconfigure.SpringBootDependencyInjectionTestExecutionListener.prepareTestInstance(SpringBootDependencyInjectionTestExecutionListener.java:47)
	at org.springframework.test.context.TestContextManager.prepareTestInstance(TestContextManager.java:246)
	at org.springframework.test.context.junit.jupiter.SpringExtension.postProcessTestInstance(SpringExtension.java:97)
	at org.junit.jupiter.engine.descriptor.ClassTestDescriptor.lambda$invokeTestInstancePostProcessors$5(ClassTestDescriptor.java:349)
	at org.junit.jupiter.engine.descriptor.JupiterTestDescriptor.executeAndMaskThrowable(JupiterTestDescriptor.java:215)
	at org.junit.jupiter.engine.descriptor.ClassTestDescriptor.lambda$invokeTestInstancePostProcessors$6(ClassTestDescriptor.java:349)
	at java.base/java.util.stream.ReferencePipeline$3$1.accept(ReferencePipeline.java:195)
	at java.base/java.util.stream.ReferencePipeline$2$1.accept(ReferencePipeline.java:177)
	at java.base/java.util.ArrayList$ArrayListSpliterator.forEachRemaining(ArrayList.java:1654)
	at java.base/java.util.stream.AbstractPipeline.copyInto(AbstractPipeline.java:484)
	at java.base/java.util.stream.AbstractPipeline.wrapAndCopyInto(AbstractPipeline.java:474)
	at java.base/java.util.stream.StreamSpliterators$WrappingSpliterator.forEachRemaining(StreamSpliterators.java:312)
	at java.base/java.util.stream.Streams$ConcatSpliterator.forEachRemaining(Streams.java:735)
	at java.base/java.util.stream.Streams$ConcatSpliterator.forEachRemaining(Streams.java:734)
	at java.base/java.util.stream.ReferencePipeline$Head.forEach(ReferencePipeline.java:658)
	at org.junit.jupiter.engine.descriptor.ClassTestDescriptor.invokeTestInstancePostProcessors(ClassTestDescriptor.java:348)
	at org.junit.jupiter.engine.descriptor.ClassTestDescriptor.instantiateAndPostProcessTestInstance(ClassTestDescriptor.java:270)
	at org.junit.jupiter.engine.descriptor.ClassTestDescriptor.lambda$testInstanceProvider$2(ClassTestDescriptor.java:259)
	at org.junit.jupiter.engine.descriptor.ClassTestDescriptor.lambda$testInstanceProvider$3(ClassTestDescriptor.java:263)
	at java.base/java.util.Optional.orElseGet(Optional.java:369)
	at org.junit.jupiter.engine.descriptor.ClassTestDescriptor.lambda$testInstanceProvider$4(ClassTestDescriptor.java:262)
	at org.junit.jupiter.engine.descriptor.TestMethodTestDescriptor.prepare(TestMethodTestDescriptor.java:82)
	at org.junit.jupiter.engine.descriptor.TestMethodTestDescriptor.prepare(TestMethodTestDescriptor.java:59)
	at org.junit.platform.engine.support.hierarchical.NodeTestTask.lambda$prepare$0(NodeTestTask.java:83)
	at org.junit.platform.engine.support.hierarchical.ThrowableCollector.execute(ThrowableCollector.java:72)
	at org.junit.platform.engine.support.hierarchical.NodeTestTask.prepare(NodeTestTask.java:83)
	at org.junit.platform.engine.support.hierarchical.NodeTestTask.execute(NodeTestTask.java:69)
	at java.base/java.util.ArrayList.forEach(ArrayList.java:1540)
	at org.junit.platform.engine.support.hierarchical.SameThreadHierarchicalTestExecutorService.invokeAll(SameThreadHierarchicalTestExecutorService.java:38)
	at org.junit.platform.engine.support.hierarchical.NodeTestTask.lambda$executeRecursively$4(NodeTestTask.java:112)
	at org.junit.platform.engine.support.hierarchical.ThrowableCollector.execute(ThrowableCollector.java:72)
	at org.junit.platform.engine.support.hierarchical.NodeTestTask.executeRecursively(NodeTestTask.java:98)
	at org.junit.platform.engine.support.hierarchical.NodeTestTask.execute(NodeTestTask.java:74)
	at java.base/java.util.ArrayList.forEach(ArrayList.java:1540)
	at org.junit.platform.engine.support.hierarchical.SameThreadHierarchicalTestExecutorService.invokeAll(SameThreadHierarchicalTestExecutorService.java:38)
	at org.junit.platform.engine.support.hierarchical.NodeTestTask.lambda$executeRecursively$4(NodeTestTask.java:112)
	at org.junit.platform.engine.support.hierarchical.ThrowableCollector.execute(ThrowableCollector.java:72)
	at org.junit.platform.engine.support.hierarchical.NodeTestTask.executeRecursively(NodeTestTask.java:98)
	at org.junit.platform.engine.support.hierarchical.NodeTestTask.execute(NodeTestTask.java:74)
	at org.junit.platform.engine.support.hierarchical.SameThreadHierarchicalTestExecutorService.submit(SameThreadHierarchicalTestExecutorService.java:32)
	at org.junit.platform.engine.support.hierarchical.HierarchicalTestExecutor.execute(HierarchicalTestExecutor.java:57)
	at org.junit.platform.engine.support.hierarchical.HierarchicalTestEngine.execute(HierarchicalTestEngine.java:51)
	at org.junit.platform.launcher.core.DefaultLauncher.execute(DefaultLauncher.java:220)
	at org.junit.platform.launcher.core.DefaultLauncher.lambda$execute$6(DefaultLauncher.java:188)
	at org.junit.platform.launcher.core.DefaultLauncher.withInterceptedStreams(DefaultLauncher.java:202)
	at org.junit.platform.launcher.core.DefaultLauncher.execute(DefaultLauncher.java:181)
	at org.junit.platform.launcher.core.DefaultLauncher.execute(DefaultLauncher.java:128)
	at org.apache.maven.surefire.junitplatform.JUnitPlatformProvider.invokeAllTests(JUnitPlatformProvider.java:142)
	at org.apache.maven.surefire.junitplatform.JUnitPlatformProvider.invoke(JUnitPlatformProvider.java:117)
	at org.apache.maven.surefire.booter.ForkedBooter.invokeProviderInSameClassLoader(ForkedBooter.java:384)
	at org.apache.maven.surefire.booter.ForkedBooter.runSuitesInProcess(ForkedBooter.java:345)
	at org.apache.maven.surefire.booter.ForkedBooter.execute(ForkedBooter.java:126)
	at org.apache.maven.surefire.booter.ForkedBooter.main(ForkedBooter.java:418)
Caused by: org.springframework.jdbc.datasource.init.ScriptStatementFailedException: Failed to execute SQL script statement #1 of class path resource [testdata.sql]: insert into genre(id, name, description) values(1, 'genre.1','genre.1.description'); nested exception is org.h2.jdbc.JdbcSQLException: Нарушение уникального индекса или первичного ключа: "PRIMARY KEY ON PUBLIC.GENRE(ID)"
Unique index or primary key violation: "PRIMARY KEY ON PUBLIC.GENRE(ID)"; SQL statement:
insert into genre(id, name, description) values(1, 'genre.1','genre.1.description') [23505-197]
	at org.springframework.jdbc.datasource.init.ScriptUtils.executeSqlScript(ScriptUtils.java:509)
	at org.springframework.jdbc.datasource.init.ResourceDatabasePopulator.populate(ResourceDatabasePopulator.java:238)
	at org.springframework.jdbc.datasource.init.DatabasePopulatorUtils.execute(DatabasePopulatorUtils.java:48)
	at org.springframework.boot.autoconfigure.jdbc.DataSourceInitializer.runScripts(DataSourceInitializer.java:210)
	at org.springframework.boot.autoconfigure.jdbc.DataSourceInitializer.initSchema(DataSourceInitializer.java:123)
	at org.springframework.boot.autoconfigure.jdbc.DataSourceInitializerInvoker.onApplicationEvent(DataSourceInitializerInvoker.java:93)
	at org.springframework.boot.autoconfigure.jdbc.DataSourceInitializerInvoker.onApplicationEvent(DataSourceInitializerInvoker.java:37)
	at org.springframework.context.event.SimpleApplicationEventMulticaster.doInvokeListener(SimpleApplicationEventMulticaster.java:172)
	at org.springframework.context.event.SimpleApplicationEventMulticaster.invokeListener(SimpleApplicationEventMulticaster.java:165)
	at org.springframework.context.event.SimpleApplicationEventMulticaster.multicastEvent(SimpleApplicationEventMulticaster.java:139)
	at org.springframework.context.support.AbstractApplicationContext.publishEvent(AbstractApplicationContext.java:402)
	at org.springframework.context.support.AbstractApplicationContext.publishEvent(AbstractApplicationContext.java:359)
	at org.springframework.boot.autoconfigure.orm.jpa.DataSourceInitializedPublisher.publishEventIfRequired(DataSourceInitializedPublisher.java:98)
	at org.springframework.boot.autoconfigure.orm.jpa.DataSourceInitializedPublisher.postProcessAfterInitialization(DataSourceInitializedPublisher.java:88)
	at org.springframework.beans.factory.support.AbstractAutowireCapableBeanFactory.applyBeanPostProcessorsAfterInitialization(AbstractAutowireCapableBeanFactory.java:429)
	at org.springframework.beans.factory.support.AbstractAutowireCapableBeanFactory.initializeBean(AbstractAutowireCapableBeanFactory.java:1766)
	at org.springframework.beans.factory.support.AbstractAutowireCapableBeanFactory.doCreateBean(AbstractAutowireCapableBeanFactory.java:593)
	... 69 common frames omitted
Caused by: org.h2.jdbc.JdbcSQLException: Нарушение уникального индекса или первичного ключа: "PRIMARY KEY ON PUBLIC.GENRE(ID)"
Unique index or primary key violation: "PRIMARY KEY ON PUBLIC.GENRE(ID)"; SQL statement:
insert into genre(id, name, description) values(1, 'genre.1','genre.1.description') [23505-197]
	at org.h2.message.DbException.getJdbcSQLException(DbException.java:357)
	at org.h2.message.DbException.get(DbException.java:179)
	at org.h2.message.DbException.get(DbException.java:155)
	at org.h2.mvstore.db.MVPrimaryIndex.add(MVPrimaryIndex.java:123)
	at org.h2.mvstore.db.MVTable.addRow(MVTable.java:732)
	at org.h2.command.dml.Insert.insertRows(Insert.java:182)
	at org.h2.command.dml.Insert.update(Insert.java:134)
	at org.h2.command.CommandContainer.update(CommandContainer.java:102)
	at org.h2.command.Command.executeUpdate(Command.java:261)
	at org.h2.jdbc.JdbcStatement.executeInternal(JdbcStatement.java:233)
	at org.h2.jdbc.JdbcStatement.execute(JdbcStatement.java:205)
	at com.zaxxer.hikari.pool.ProxyStatement.execute(ProxyStatement.java:95)
	at com.zaxxer.hikari.pool.HikariProxyStatement.execute(HikariProxyStatement.java)
	at org.springframework.jdbc.datasource.init.ScriptUtils.executeSqlScript(ScriptUtils.java:488)
	... 85 common frames omitted
18:43:17.051 [main] &amp#27;[1;31mERROR&amp#27;[0;39m &amp#27;[36mo.s.t.c.TestContextManager    &amp#27;[0;39m : Caught exception while allowing TestExecutionListener [org.springframework.boot.test.autoconfigure.SpringBootDependencyInjectionTestExecutionListener@5e9a9683] to prepare test instance [ru.otus.igorr.books.lesson12.service.author.AuthorServiceImplTest@12139db0]
java.lang.IllegalStateException: Failed to load ApplicationContext
	at org.springframework.test.context.cache.DefaultCacheAwareContextLoaderDelegate.loadContext(DefaultCacheAwareContextLoaderDelegate.java:125)
	at org.springframework.test.context.support.DefaultTestContext.getApplicationContext(DefaultTestContext.java:108)
	at org.springframework.test.context.support.DependencyInjectionTestExecutionListener.injectDependencies(DependencyInjectionTestExecutionListener.java:118)
	at org.springframework.test.context.support.DependencyInjectionTestExecutionListener.prepareTestInstance(DependencyInjectionTestExecutionListener.java:83)
	at org.springframework.boot.test.autoconfigure.SpringBootDependencyInjectionTestExecutionListener.prepareTestInstance(SpringBootDependencyInjectionTestExecutionListener.java:44)
	at org.springframework.test.context.TestContextManager.prepareTestInstance(TestContextManager.java:246)
	at org.springframework.test.context.junit.jupiter.SpringExtension.postProcessTestInstance(SpringExtension.java:97)
	at org.junit.jupiter.engine.descriptor.ClassTestDescriptor.lambda$invokeTestInstancePostProcessors$5(ClassTestDescriptor.java:349)
	at org.junit.jupiter.engine.descriptor.JupiterTestDescriptor.executeAndMaskThrowable(JupiterTestDescriptor.java:215)
	at org.junit.jupiter.engine.descriptor.ClassTestDescriptor.lambda$invokeTestInstancePostProcessors$6(ClassTestDescriptor.java:349)
	at java.base/java.util.stream.ReferencePipeline$3$1.accept(ReferencePipeline.java:195)
	at java.base/java.util.stream.ReferencePipeline$2$1.accept(ReferencePipeline.java:177)
	at java.base/java.util.ArrayList$ArrayListSpliterator.forEachRemaining(ArrayList.java:1654)
	at java.base/java.util.stream.AbstractPipeline.copyInto(AbstractPipeline.java:484)
	at java.base/java.util.stream.AbstractPipeline.wrapAndCopyInto(AbstractPipeline.java:474)
	at java.base/java.util.stream.StreamSpliterators$WrappingSpliterator.forEachRemaining(StreamSpliterators.java:312)
	at java.base/java.util.stream.Streams$ConcatSpliterator.forEachRemaining(Streams.java:735)
	at java.base/java.util.stream.Streams$ConcatSpliterator.forEachRemaining(Streams.java:734)
	at java.base/java.util.stream.ReferencePipeline$Head.forEach(ReferencePipeline.java:658)
	at org.junit.jupiter.engine.descriptor.ClassTestDescriptor.invokeTestInstancePostProcessors(ClassTestDescriptor.java:348)
	at org.junit.jupiter.engine.descriptor.ClassTestDescriptor.instantiateAndPostProcessTestInstance(ClassTestDescriptor.java:270)
	at org.junit.jupiter.engine.descriptor.ClassTestDescriptor.lambda$testInstanceProvider$2(ClassTestDescriptor.java:259)
	at org.junit.jupiter.engine.descriptor.ClassTestDescriptor.lambda$testInstanceProvider$3(ClassTestDescriptor.java:263)
	at java.base/java.util.Optional.orElseGet(Optional.java:369)
	at org.junit.jupiter.engine.descriptor.ClassTestDescriptor.lambda$testInstanceProvider$4(ClassTestDescriptor.java:262)
	at org.junit.jupiter.engine.descriptor.TestMethodTestDescriptor.prepare(TestMethodTestDescriptor.java:82)
	at org.junit.jupiter.engine.descriptor.TestMethodTestDescriptor.prepare(TestMethodTestDescriptor.java:59)
	at org.junit.platform.engine.support.hierarchical.NodeTestTask.lambda$prepare$0(NodeTestTask.java:83)
	at org.junit.platform.engine.support.hierarchical.ThrowableCollector.execute(ThrowableCollector.java:72)
	at org.junit.platform.engine.support.hierarchical.NodeTestTask.prepare(NodeTestTask.java:83)
	at org.junit.platform.engine.support.hierarchical.NodeTestTask.execute(NodeTestTask.java:69)
	at java.base/java.util.ArrayList.forEach(ArrayList.java:1540)
	at org.junit.platform.engine.support.hierarchical.SameThreadHierarchicalTestExecutorService.invokeAll(SameThreadHierarchicalTestExecutorService.java:38)
	at org.junit.platform.engine.support.hierarchical.NodeTestTask.lambda$executeRecursively$4(NodeTestTask.java:112)
	at org.junit.platform.engine.support.hierarchical.ThrowableCollector.execute(ThrowableCollector.java:72)
	at org.junit.platform.engine.support.hierarchical.NodeTestTask.executeRecursively(NodeTestTask.java:98)
	at org.junit.platform.engine.support.hierarchical.NodeTestTask.execute(NodeTestTask.java:74)
	at java.base/java.util.ArrayList.forEach(ArrayList.java:1540)
	at org.junit.platform.engine.support.hierarchical.SameThreadHierarchicalTestExecutorService.invokeAll(SameThreadHierarchicalTestExecutorService.java:38)
	at org.junit.platform.engine.support.hierarchical.NodeTestTask.lambda$executeRecursively$4(NodeTestTask.java:112)
	at org.junit.platform.engine.support.hierarchical.ThrowableCollector.execute(ThrowableCollector.java:72)
	at org.junit.platform.engine.support.hierarchical.NodeTestTask.executeRecursively(NodeTestTask.java:98)
	at org.junit.platform.engine.support.hierarchical.NodeTestTask.execute(NodeTestTask.java:74)
	at org.junit.platform.engine.support.hierarchical.SameThreadHierarchicalTestExecutorService.submit(SameThreadHierarchicalTestExecutorService.java:32)
	at org.junit.platform.engine.support.hierarchical.HierarchicalTestExecutor.execute(HierarchicalTestExecutor.java:57)
	at org.junit.platform.engine.support.hierarchical.HierarchicalTestEngine.execute(HierarchicalTestEngine.java:51)
	at org.junit.platform.launcher.core.DefaultLauncher.execute(DefaultLauncher.java:220)
	at org.junit.platform.launcher.core.DefaultLauncher.lambda$execute$6(DefaultLauncher.java:188)
	at org.junit.platform.launcher.core.DefaultLauncher.withInterceptedStreams(DefaultLauncher.java:202)
	at org.junit.platform.launcher.core.DefaultLauncher.execute(DefaultLauncher.java:181)
	at org.junit.platform.launcher.core.DefaultLauncher.execute(DefaultLauncher.java:128)
	at org.apache.maven.surefire.junitplatform.JUnitPlatformProvider.invokeAllTests(JUnitPlatformProvider.java:142)
	at org.apache.maven.surefire.junitplatform.JUnitPlatformProvider.invoke(JUnitPlatformProvider.java:117)
	at org.apache.maven.surefire.booter.ForkedBooter.invokeProviderInSameClassLoader(ForkedBooter.java:384)
	at org.apache.maven.surefire.booter.ForkedBooter.runSuitesInProcess(ForkedBooter.java:345)
	at org.apache.maven.surefire.booter.ForkedBooter.execute(ForkedBooter.java:126)
	at org.apache.maven.surefire.booter.ForkedBooter.main(ForkedBooter.java:418)
Caused by: org.springframework.beans.factory.BeanCreationException: Error creating bean with name 'entityManagerFactory' defined in class path resource [org/springframework/boot/autoconfigure/orm/jpa/HibernateJpaConfiguration.class]: Initialization of bean failed; nested exception is org.springframework.jdbc.datasource.init.ScriptStatementFailedException: Failed to execute SQL script statement #1 of class path resource [testdata.sql]: insert into genre(id, name, description) values(1, 'genre.1','genre.1.description'); nested exception is org.h2.jdbc.JdbcSQLException: Нарушение уникального индекса или первичного ключа: "PRIMARY KEY ON PUBLIC.GENRE(ID)"
Unique index or primary key violation: "PRIMARY KEY ON PUBLIC.GENRE(ID)"; SQL statement:
insert into genre(id, name, description) values(1, 'genre.1','genre.1.description') [23505-197]
	at org.springframework.beans.factory.support.AbstractAutowireCapableBeanFactory.doCreateBean(AbstractAutowireCapableBeanFactory.java:601)
	at org.springframework.beans.factory.support.AbstractAutowireCapableBeanFactory.createBean(AbstractAutowireCapableBeanFactory.java:515)
	at org.springframework.beans.factory.support.AbstractBeanFactory.lambda$doGetBean$0(AbstractBeanFactory.java:320)
	at org.springframework.beans.factory.support.DefaultSingletonBeanRegistry.getSingleton(DefaultSingletonBeanRegistry.java:222)
	at org.springframework.beans.factory.support.AbstractBeanFactory.doGetBean(AbstractBeanFactory.java:318)
	at org.springframework.beans.factory.support.AbstractBeanFactory.getBean(AbstractBeanFactory.java:199)
	at org.springframework.context.support.AbstractApplicationContext.getBean(AbstractApplicationContext.java:1105)
	at org.springframework.context.support.AbstractApplicationContext.finishBeanFactoryInitialization(AbstractApplicationContext.java:867)
	at org.springframework.context.support.AbstractApplicationContext.refresh(AbstractApplicationContext.java:549)
	at org.springframework.boot.SpringApplication.refresh(SpringApplication.java:775)
	at org.springframework.boot.SpringApplication.refreshContext(SpringApplication.java:397)
	at org.springframework.boot.SpringApplication.run(SpringApplication.java:316)
	at org.springframework.boot.test.context.SpringBootContextLoader.loadContext(SpringBootContextLoader.java:127)
	at org.springframework.test.context.cache.DefaultCacheAwareContextLoaderDelegate.loadContextInternal(DefaultCacheAwareContextLoaderDelegate.java:99)
	at org.springframework.test.context.cache.DefaultCacheAwareContextLoaderDelegate.loadContext(DefaultCacheAwareContextLoaderDelegate.java:117)
	... 56 common frames omitted
Caused by: org.springframework.jdbc.datasource.init.ScriptStatementFailedException: Failed to execute SQL script statement #1 of class path resource [testdata.sql]: insert into genre(id, name, description) values(1, 'genre.1','genre.1.description'); nested exception is org.h2.jdbc.JdbcSQLException: Нарушение уникального индекса или первичного ключа: "PRIMARY KEY ON PUBLIC.GENRE(ID)"
Unique index or primary key violation: "PRIMARY KEY ON PUBLIC.GENRE(ID)"; SQL statement:
insert into genre(id, name, description) values(1, 'genre.1','genre.1.description') [23505-197]
	at org.springframework.jdbc.datasource.init.ScriptUtils.executeSqlScript(ScriptUtils.java:509)
	at org.springframework.jdbc.datasource.init.ResourceDatabasePopulator.populate(ResourceDatabasePopulator.java:238)
	at org.springframework.jdbc.datasource.init.DatabasePopulatorUtils.execute(DatabasePopulatorUtils.java:48)
	at org.springframework.boot.autoconfigure.jdbc.DataSourceInitializer.runScripts(DataSourceInitializer.java:210)
	at org.springframework.boot.autoconfigure.jdbc.DataSourceInitializer.initSchema(DataSourceInitializer.java:123)
	at org.springframework.boot.autoconfigure.jdbc.DataSourceInitializerInvoker.onApplicationEvent(DataSourceInitializerInvoker.java:93)
	at org.springframework.boot.autoconfigure.jdbc.DataSourceInitializerInvoker.onApplicationEvent(DataSourceInitializerInvoker.java:37)
	at org.springframework.context.event.SimpleApplicationEventMulticaster.doInvokeListener(SimpleApplicationEventMulticaster.java:172)
	at org.springframework.context.event.SimpleApplicationEventMulticaster.invokeListener(SimpleApplicationEventMulticaster.java:165)
	at org.springframework.context.event.SimpleApplicationEventMulticaster.multicastEvent(SimpleApplicationEventMulticaster.java:139)
	at org.springframework.context.support.AbstractApplicationContext.publishEvent(AbstractApplicationContext.java:402)
	at org.springframework.context.support.AbstractApplicationContext.publishEvent(AbstractApplicationContext.java:359)
	at org.springframework.boot.autoconfigure.orm.jpa.DataSourceInitializedPublisher.publishEventIfRequired(DataSourceInitializedPublisher.java:98)
	at org.springframework.boot.autoconfigure.orm.jpa.DataSourceInitializedPublisher.postProcessAfterInitialization(DataSourceInitializedPublisher.java:88)
	at org.springframework.beans.factory.support.AbstractAutowireCapableBeanFactory.applyBeanPostProcessorsAfterInitialization(AbstractAutowireCapableBeanFactory.java:429)
	at org.springframework.beans.factory.support.AbstractAutowireCapableBeanFactory.initializeBean(AbstractAutowireCapableBeanFactory.java:1766)
	at org.springframework.beans.factory.support.AbstractAutowireCapableBeanFactory.doCreateBean(AbstractAutowireCapableBeanFactory.java:593)
	... 70 common frames omitted
Caused by: org.h2.jdbc.JdbcSQLException: Нарушение уникального индекса или первичного ключа: "PRIMARY KEY ON PUBLIC.GENRE(ID)"
Unique index or primary key violation: "PRIMARY KEY ON PUBLIC.GENRE(ID)"; SQL statement:
insert into genre(id, name, description) values(1, 'genre.1','genre.1.description') [23505-197]
	at org.h2.message.DbException.getJdbcSQLException(DbException.java:357)
	at org.h2.message.DbException.get(DbException.java:179)
	at org.h2.message.DbException.get(DbException.java:155)
	at org.h2.mvstore.db.MVPrimaryIndex.add(MVPrimaryIndex.java:123)
	at org.h2.mvstore.db.MVTable.addRow(MVTable.java:732)
	at org.h2.command.dml.Insert.insertRows(Insert.java:182)
	at org.h2.command.dml.Insert.update(Insert.java:134)
	at org.h2.command.CommandContainer.update(CommandContainer.java:102)
	at org.h2.command.Command.executeUpdate(Command.java:261)
	at org.h2.jdbc.JdbcStatement.executeInternal(JdbcStatement.java:233)
	at org.h2.jdbc.JdbcStatement.execute(JdbcStatement.java:205)
	at com.zaxxer.hikari.pool.ProxyStatement.execute(ProxyStatement.java:95)
	at com.zaxxer.hikari.pool.HikariProxyStatement.execute(HikariProxyStatement.java)
	at org.springframework.jdbc.datasource.init.ScriptUtils.executeSqlScript(ScriptUtils.java:488)
	... 86 common frames omitted
]]></system-out>
  </testcase>
  <testcase name="getListWithBooksTest" classname="ru.otus.igorr.books.lesson12.service.author.AuthorServiceImplTest" time="0">
    <error message="Failed to load ApplicationContext" type="java.lang.IllegalStateException">java.lang.IllegalStateException: Failed to load ApplicationContext
Caused by: org.springframework.beans.factory.BeanCreationException: 
Error creating bean with name 'entityManagerFactory' defined in class path resource [org/springframework/boot/autoconfigure/orm/jpa/HibernateJpaConfiguration.class]: Initialization of bean failed; nested exception is org.springframework.jdbc.datasource.init.ScriptStatementFailedException: Failed to execute SQL script statement #1 of class path resource [testdata.sql]: insert into genre(id, name, description) values(1, 'genre.1','genre.1.description'); nested exception is org.h2.jdbc.JdbcSQLException: Нарушение уникального индекса или первичного ключа: "PRIMARY KEY ON PUBLIC.GENRE(ID)"
Unique index or primary key violation: "PRIMARY KEY ON PUBLIC.GENRE(ID)"; SQL statement:
insert into genre(id, name, description) values(1, 'genre.1','genre.1.description') [23505-197]
Caused by: org.springframework.jdbc.datasource.init.ScriptStatementFailedException: 
Failed to execute SQL script statement #1 of class path resource [testdata.sql]: insert into genre(id, name, description) values(1, 'genre.1','genre.1.description'); nested exception is org.h2.jdbc.JdbcSQLException: Нарушение уникального индекса или первичного ключа: "PRIMARY KEY ON PUBLIC.GENRE(ID)"
Unique index or primary key violation: "PRIMARY KEY ON PUBLIC.GENRE(ID)"; SQL statement:
insert into genre(id, name, description) values(1, 'genre.1','genre.1.description') [23505-197]
Caused by: org.h2.jdbc.JdbcSQLException: 
Нарушение уникального индекса или первичного ключа: "PRIMARY KEY ON PUBLIC.GENRE(ID)"
Unique index or primary key violation: "PRIMARY KEY ON PUBLIC.GENRE(ID)"; SQL statement:
insert into genre(id, name, description) values(1, 'genre.1','genre.1.description') [23505-197]
</error>
    <system-out><![CDATA[18:43:17.146 [main] &amp#27;[34mINFO &amp#27;[0;39m &amp#27;[36m.b.l.s.a.AuthorServiceImplTest&amp#27;[0;39m : Starting AuthorServiceImplTest on SBTOVB-SD004039 with PID 6816 (started by 16726080 in C:\Users\16726080\IdeaProjects\books\lesson12)
18:43:17.146 [main] &amp#27;[39mDEBUG&amp#27;[0;39m &amp#27;[36m.b.l.s.a.AuthorServiceImplTest&amp#27;[0;39m : Running with Spring Boot v2.1.3.RELEASE, Spring v5.1.5.RELEASE
18:43:17.146 [main] &amp#27;[34mINFO &amp#27;[0;39m &amp#27;[36m.b.l.s.a.AuthorServiceImplTest&amp#27;[0;39m : No active profile set, falling back to default profiles: default
18:43:17.646 [main] &amp#27;[34mINFO &amp#27;[0;39m &amp#27;[36mepositoryConfigurationDelegate&amp#27;[0;39m : Multiple Spring Data modules found, entering strict repository configuration mode!
18:43:17.646 [main] &amp#27;[34mINFO &amp#27;[0;39m &amp#27;[36mepositoryConfigurationDelegate&amp#27;[0;39m : Bootstrapping Spring Data repositories in DEFAULT mode.
18:43:17.677 [main] &amp#27;[34mINFO &amp#27;[0;39m &amp#27;[36myConfigurationExtensionSupport&amp#27;[0;39m : Spring Data MongoDB - Could not safely identify store assignment for repository candidate interface ru.otus.igorr.books.lesson12.repository.author.AuthorRepository.
18:43:17.677 [main] &amp#27;[34mINFO &amp#27;[0;39m &amp#27;[36myConfigurationExtensionSupport&amp#27;[0;39m : Spring Data MongoDB - Could not safely identify store assignment for repository candidate interface ru.otus.igorr.books.lesson12.repository.book.BookRepository.
18:43:17.677 [main] &amp#27;[34mINFO &amp#27;[0;39m &amp#27;[36myConfigurationExtensionSupport&amp#27;[0;39m : Spring Data MongoDB - Could not safely identify store assignment for repository candidate interface ru.otus.igorr.books.lesson12.repository.book.NoteRepository.
18:43:17.677 [main] &amp#27;[34mINFO &amp#27;[0;39m &amp#27;[36myConfigurationExtensionSupport&amp#27;[0;39m : Spring Data MongoDB - Could not safely identify store assignment for repository candidate interface ru.otus.igorr.books.lesson12.repository.genre.GenreRepository.
18:43:17.702 [main] &amp#27;[34mINFO &amp#27;[0;39m &amp#27;[36mepositoryConfigurationDelegate&amp#27;[0;39m : Finished Spring Data repository scanning in 56ms. Found 1 repository interfaces.
18:43:17.714 [main] &amp#27;[34mINFO &amp#27;[0;39m &amp#27;[36mepositoryConfigurationDelegate&amp#27;[0;39m : Multiple Spring Data modules found, entering strict repository configuration mode!
18:43:17.714 [main] &amp#27;[34mINFO &amp#27;[0;39m &amp#27;[36mepositoryConfigurationDelegate&amp#27;[0;39m : Bootstrapping Spring Data repositories in DEFAULT mode.
18:43:17.789 [main] &amp#27;[34mINFO &amp#27;[0;39m &amp#27;[36myConfigurationExtensionSupport&amp#27;[0;39m : Spring Data JPA - Could not safely identify store assignment for repository candidate interface ru.otus.igorr.books.lesson12.repository.person.PersonRepository.
18:43:17.866 [main] &amp#27;[34mINFO &amp#27;[0;39m &amp#27;[36mepositoryConfigurationDelegate&amp#27;[0;39m : Finished Spring Data repository scanning in 152ms. Found 4 repository interfaces.
18:43:17.943 [main] &amp#27;[34mINFO &amp#27;[0;39m &amp#27;[36mc.z.h.HikariDataSource        &amp#27;[0;39m : HikariPool-11 - Starting...
18:43:17.946 [main] &amp#27;[34mINFO &amp#27;[0;39m &amp#27;[36mc.z.h.HikariDataSource        &amp#27;[0;39m : HikariPool-11 - Start completed.
18:43:18.047 [main] &amp#27;[34mINFO &amp#27;[0;39m &amp#27;[36mo.h.j.i.u.LogHelper           &amp#27;[0;39m : HHH000204: Processing PersistenceUnitInfo [
	name: default
	...]
18:43:18.113 [main] &amp#27;[34mINFO &amp#27;[0;39m &amp#27;[36mo.h.d.Dialect                 &amp#27;[0;39m : HHH000400: Using dialect: org.hibernate.dialect.H2Dialect
18:43:18.272 [main] &amp#27;[34mINFO &amp#27;[0;39m &amp#27;[36mtainerEntityManagerFactoryBean&amp#27;[0;39m : Initialized JPA EntityManagerFactory for persistence unit 'default'
18:43:18.276 [main] &amp#27;[31mWARN &amp#27;[0;39m &amp#27;[36mtationConfigApplicationContext&amp#27;[0;39m : Exception encountered during context initialization - cancelling refresh attempt: org.springframework.beans.factory.BeanCreationException: Error creating bean with name 'entityManagerFactory' defined in class path resource [org/springframework/boot/autoconfigure/orm/jpa/HibernateJpaConfiguration.class]: Initialization of bean failed; nested exception is org.springframework.jdbc.datasource.init.ScriptStatementFailedException: Failed to execute SQL script statement #1 of class path resource [testdata.sql]: insert into genre(id, name, description) values(1, 'genre.1','genre.1.description'); nested exception is org.h2.jdbc.JdbcSQLException: Нарушение уникального индекса или первичного ключа: "PRIMARY KEY ON PUBLIC.GENRE(ID)"
Unique index or primary key violation: "PRIMARY KEY ON PUBLIC.GENRE(ID)"; SQL statement:
insert into genre(id, name, description) values(1, 'genre.1','genre.1.description') [23505-197]
18:43:18.276 [main] &amp#27;[34mINFO &amp#27;[0;39m &amp#27;[36mc.z.h.HikariDataSource        &amp#27;[0;39m : HikariPool-11 - Shutdown initiated...
18:43:18.287 [main] &amp#27;[34mINFO &amp#27;[0;39m &amp#27;[36mc.z.h.HikariDataSource        &amp#27;[0;39m : HikariPool-11 - Shutdown completed.
18:43:18.289 [main] &amp#27;[34mINFO &amp#27;[0;39m &amp#27;[36mvaluationReportLoggingListener&amp#27;[0;39m : 

Error starting ApplicationContext. To display the conditions report re-run your application with 'debug' enabled.
18:43:18.290 [main] &amp#27;[1;31mERROR&amp#27;[0;39m &amp#27;[36mo.s.b.SpringApplication       &amp#27;[0;39m : Application run failed
org.springframework.beans.factory.BeanCreationException: Error creating bean with name 'entityManagerFactory' defined in class path resource [org/springframework/boot/autoconfigure/orm/jpa/HibernateJpaConfiguration.class]: Initialization of bean failed; nested exception is org.springframework.jdbc.datasource.init.ScriptStatementFailedException: Failed to execute SQL script statement #1 of class path resource [testdata.sql]: insert into genre(id, name, description) values(1, 'genre.1','genre.1.description'); nested exception is org.h2.jdbc.JdbcSQLException: Нарушение уникального индекса или первичного ключа: "PRIMARY KEY ON PUBLIC.GENRE(ID)"
Unique index or primary key violation: "PRIMARY KEY ON PUBLIC.GENRE(ID)"; SQL statement:
insert into genre(id, name, description) values(1, 'genre.1','genre.1.description') [23505-197]
	at org.springframework.beans.factory.support.AbstractAutowireCapableBeanFactory.doCreateBean(AbstractAutowireCapableBeanFactory.java:601)
	at org.springframework.beans.factory.support.AbstractAutowireCapableBeanFactory.createBean(AbstractAutowireCapableBeanFactory.java:515)
	at org.springframework.beans.factory.support.AbstractBeanFactory.lambda$doGetBean$0(AbstractBeanFactory.java:320)
	at org.springframework.beans.factory.support.DefaultSingletonBeanRegistry.getSingleton(DefaultSingletonBeanRegistry.java:222)
	at org.springframework.beans.factory.support.AbstractBeanFactory.doGetBean(AbstractBeanFactory.java:318)
	at org.springframework.beans.factory.support.AbstractBeanFactory.getBean(AbstractBeanFactory.java:199)
	at org.springframework.context.support.AbstractApplicationContext.getBean(AbstractApplicationContext.java:1105)
	at org.springframework.context.support.AbstractApplicationContext.finishBeanFactoryInitialization(AbstractApplicationContext.java:867)
	at org.springframework.context.support.AbstractApplicationContext.refresh(AbstractApplicationContext.java:549)
	at org.springframework.boot.SpringApplication.refresh(SpringApplication.java:775)
	at org.springframework.boot.SpringApplication.refreshContext(SpringApplication.java:397)
	at org.springframework.boot.SpringApplication.run(SpringApplication.java:316)
	at org.springframework.boot.test.context.SpringBootContextLoader.loadContext(SpringBootContextLoader.java:127)
	at org.springframework.test.context.cache.DefaultCacheAwareContextLoaderDelegate.loadContextInternal(DefaultCacheAwareContextLoaderDelegate.java:99)
	at org.springframework.test.context.cache.DefaultCacheAwareContextLoaderDelegate.loadContext(DefaultCacheAwareContextLoaderDelegate.java:117)
	at org.springframework.test.context.support.DefaultTestContext.getApplicationContext(DefaultTestContext.java:108)
	at org.springframework.test.context.support.DependencyInjectionTestExecutionListener.injectDependencies(DependencyInjectionTestExecutionListener.java:118)
	at org.springframework.test.context.support.DependencyInjectionTestExecutionListener.prepareTestInstance(DependencyInjectionTestExecutionListener.java:83)
	at org.springframework.boot.test.autoconfigure.SpringBootDependencyInjectionTestExecutionListener.prepareTestInstance(SpringBootDependencyInjectionTestExecutionListener.java:44)
	at org.springframework.test.context.TestContextManager.prepareTestInstance(TestContextManager.java:246)
	at org.springframework.test.context.junit.jupiter.SpringExtension.postProcessTestInstance(SpringExtension.java:97)
	at org.junit.jupiter.engine.descriptor.ClassTestDescriptor.lambda$invokeTestInstancePostProcessors$5(ClassTestDescriptor.java:349)
	at org.junit.jupiter.engine.descriptor.JupiterTestDescriptor.executeAndMaskThrowable(JupiterTestDescriptor.java:215)
	at org.junit.jupiter.engine.descriptor.ClassTestDescriptor.lambda$invokeTestInstancePostProcessors$6(ClassTestDescriptor.java:349)
	at java.base/java.util.stream.ReferencePipeline$3$1.accept(ReferencePipeline.java:195)
	at java.base/java.util.stream.ReferencePipeline$2$1.accept(ReferencePipeline.java:177)
	at java.base/java.util.ArrayList$ArrayListSpliterator.forEachRemaining(ArrayList.java:1654)
	at java.base/java.util.stream.AbstractPipeline.copyInto(AbstractPipeline.java:484)
	at java.base/java.util.stream.AbstractPipeline.wrapAndCopyInto(AbstractPipeline.java:474)
	at java.base/java.util.stream.StreamSpliterators$WrappingSpliterator.forEachRemaining(StreamSpliterators.java:312)
	at java.base/java.util.stream.Streams$ConcatSpliterator.forEachRemaining(Streams.java:735)
	at java.base/java.util.stream.Streams$ConcatSpliterator.forEachRemaining(Streams.java:734)
	at java.base/java.util.stream.ReferencePipeline$Head.forEach(ReferencePipeline.java:658)
	at org.junit.jupiter.engine.descriptor.ClassTestDescriptor.invokeTestInstancePostProcessors(ClassTestDescriptor.java:348)
	at org.junit.jupiter.engine.descriptor.ClassTestDescriptor.instantiateAndPostProcessTestInstance(ClassTestDescriptor.java:270)
	at org.junit.jupiter.engine.descriptor.ClassTestDescriptor.lambda$testInstanceProvider$2(ClassTestDescriptor.java:259)
	at org.junit.jupiter.engine.descriptor.ClassTestDescriptor.lambda$testInstanceProvider$3(ClassTestDescriptor.java:263)
	at java.base/java.util.Optional.orElseGet(Optional.java:369)
	at org.junit.jupiter.engine.descriptor.ClassTestDescriptor.lambda$testInstanceProvider$4(ClassTestDescriptor.java:262)
	at org.junit.jupiter.engine.descriptor.TestMethodTestDescriptor.prepare(TestMethodTestDescriptor.java:82)
	at org.junit.jupiter.engine.descriptor.TestMethodTestDescriptor.prepare(TestMethodTestDescriptor.java:59)
	at org.junit.platform.engine.support.hierarchical.NodeTestTask.lambda$prepare$0(NodeTestTask.java:83)
	at org.junit.platform.engine.support.hierarchical.ThrowableCollector.execute(ThrowableCollector.java:72)
	at org.junit.platform.engine.support.hierarchical.NodeTestTask.prepare(NodeTestTask.java:83)
	at org.junit.platform.engine.support.hierarchical.NodeTestTask.execute(NodeTestTask.java:69)
	at java.base/java.util.ArrayList.forEach(ArrayList.java:1540)
	at org.junit.platform.engine.support.hierarchical.SameThreadHierarchicalTestExecutorService.invokeAll(SameThreadHierarchicalTestExecutorService.java:38)
	at org.junit.platform.engine.support.hierarchical.NodeTestTask.lambda$executeRecursively$4(NodeTestTask.java:112)
	at org.junit.platform.engine.support.hierarchical.ThrowableCollector.execute(ThrowableCollector.java:72)
	at org.junit.platform.engine.support.hierarchical.NodeTestTask.executeRecursively(NodeTestTask.java:98)
	at org.junit.platform.engine.support.hierarchical.NodeTestTask.execute(NodeTestTask.java:74)
	at java.base/java.util.ArrayList.forEach(ArrayList.java:1540)
	at org.junit.platform.engine.support.hierarchical.SameThreadHierarchicalTestExecutorService.invokeAll(SameThreadHierarchicalTestExecutorService.java:38)
	at org.junit.platform.engine.support.hierarchical.NodeTestTask.lambda$executeRecursively$4(NodeTestTask.java:112)
	at org.junit.platform.engine.support.hierarchical.ThrowableCollector.execute(ThrowableCollector.java:72)
	at org.junit.platform.engine.support.hierarchical.NodeTestTask.executeRecursively(NodeTestTask.java:98)
	at org.junit.platform.engine.support.hierarchical.NodeTestTask.execute(NodeTestTask.java:74)
	at org.junit.platform.engine.support.hierarchical.SameThreadHierarchicalTestExecutorService.submit(SameThreadHierarchicalTestExecutorService.java:32)
	at org.junit.platform.engine.support.hierarchical.HierarchicalTestExecutor.execute(HierarchicalTestExecutor.java:57)
	at org.junit.platform.engine.support.hierarchical.HierarchicalTestEngine.execute(HierarchicalTestEngine.java:51)
	at org.junit.platform.launcher.core.DefaultLauncher.execute(DefaultLauncher.java:220)
	at org.junit.platform.launcher.core.DefaultLauncher.lambda$execute$6(DefaultLauncher.java:188)
	at org.junit.platform.launcher.core.DefaultLauncher.withInterceptedStreams(DefaultLauncher.java:202)
	at org.junit.platform.launcher.core.DefaultLauncher.execute(DefaultLauncher.java:181)
	at org.junit.platform.launcher.core.DefaultLauncher.execute(DefaultLauncher.java:128)
	at org.apache.maven.surefire.junitplatform.JUnitPlatformProvider.invokeAllTests(JUnitPlatformProvider.java:142)
	at org.apache.maven.surefire.junitplatform.JUnitPlatformProvider.invoke(JUnitPlatformProvider.java:117)
	at org.apache.maven.surefire.booter.ForkedBooter.invokeProviderInSameClassLoader(ForkedBooter.java:384)
	at org.apache.maven.surefire.booter.ForkedBooter.runSuitesInProcess(ForkedBooter.java:345)
	at org.apache.maven.surefire.booter.ForkedBooter.execute(ForkedBooter.java:126)
	at org.apache.maven.surefire.booter.ForkedBooter.main(ForkedBooter.java:418)
Caused by: org.springframework.jdbc.datasource.init.ScriptStatementFailedException: Failed to execute SQL script statement #1 of class path resource [testdata.sql]: insert into genre(id, name, description) values(1, 'genre.1','genre.1.description'); nested exception is org.h2.jdbc.JdbcSQLException: Нарушение уникального индекса или первичного ключа: "PRIMARY KEY ON PUBLIC.GENRE(ID)"
Unique index or primary key violation: "PRIMARY KEY ON PUBLIC.GENRE(ID)"; SQL statement:
insert into genre(id, name, description) values(1, 'genre.1','genre.1.description') [23505-197]
	at org.springframework.jdbc.datasource.init.ScriptUtils.executeSqlScript(ScriptUtils.java:509)
	at org.springframework.jdbc.datasource.init.ResourceDatabasePopulator.populate(ResourceDatabasePopulator.java:238)
	at org.springframework.jdbc.datasource.init.DatabasePopulatorUtils.execute(DatabasePopulatorUtils.java:48)
	at org.springframework.boot.autoconfigure.jdbc.DataSourceInitializer.runScripts(DataSourceInitializer.java:210)
	at org.springframework.boot.autoconfigure.jdbc.DataSourceInitializer.initSchema(DataSourceInitializer.java:123)
	at org.springframework.boot.autoconfigure.jdbc.DataSourceInitializerInvoker.onApplicationEvent(DataSourceInitializerInvoker.java:93)
	at org.springframework.boot.autoconfigure.jdbc.DataSourceInitializerInvoker.onApplicationEvent(DataSourceInitializerInvoker.java:37)
	at org.springframework.context.event.SimpleApplicationEventMulticaster.doInvokeListener(SimpleApplicationEventMulticaster.java:172)
	at org.springframework.context.event.SimpleApplicationEventMulticaster.invokeListener(SimpleApplicationEventMulticaster.java:165)
	at org.springframework.context.event.SimpleApplicationEventMulticaster.multicastEvent(SimpleApplicationEventMulticaster.java:139)
	at org.springframework.context.support.AbstractApplicationContext.publishEvent(AbstractApplicationContext.java:402)
	at org.springframework.context.support.AbstractApplicationContext.publishEvent(AbstractApplicationContext.java:359)
	at org.springframework.boot.autoconfigure.orm.jpa.DataSourceInitializedPublisher.publishEventIfRequired(DataSourceInitializedPublisher.java:98)
	at org.springframework.boot.autoconfigure.orm.jpa.DataSourceInitializedPublisher.postProcessAfterInitialization(DataSourceInitializedPublisher.java:88)
	at org.springframework.beans.factory.support.AbstractAutowireCapableBeanFactory.applyBeanPostProcessorsAfterInitialization(AbstractAutowireCapableBeanFactory.java:429)
	at org.springframework.beans.factory.support.AbstractAutowireCapableBeanFactory.initializeBean(AbstractAutowireCapableBeanFactory.java:1766)
	at org.springframework.beans.factory.support.AbstractAutowireCapableBeanFactory.doCreateBean(AbstractAutowireCapableBeanFactory.java:593)
	... 70 common frames omitted
Caused by: org.h2.jdbc.JdbcSQLException: Нарушение уникального индекса или первичного ключа: "PRIMARY KEY ON PUBLIC.GENRE(ID)"
Unique index or primary key violation: "PRIMARY KEY ON PUBLIC.GENRE(ID)"; SQL statement:
insert into genre(id, name, description) values(1, 'genre.1','genre.1.description') [23505-197]
	at org.h2.message.DbException.getJdbcSQLException(DbException.java:357)
	at org.h2.message.DbException.get(DbException.java:179)
	at org.h2.message.DbException.get(DbException.java:155)
	at org.h2.mvstore.db.MVPrimaryIndex.add(MVPrimaryIndex.java:123)
	at org.h2.mvstore.db.MVTable.addRow(MVTable.java:732)
	at org.h2.command.dml.Insert.insertRows(Insert.java:182)
	at org.h2.command.dml.Insert.update(Insert.java:134)
	at org.h2.command.CommandContainer.update(CommandContainer.java:102)
	at org.h2.command.Command.executeUpdate(Command.java:261)
	at org.h2.jdbc.JdbcStatement.executeInternal(JdbcStatement.java:233)
	at org.h2.jdbc.JdbcStatement.execute(JdbcStatement.java:205)
	at com.zaxxer.hikari.pool.ProxyStatement.execute(ProxyStatement.java:95)
	at com.zaxxer.hikari.pool.HikariProxyStatement.execute(HikariProxyStatement.java)
	at org.springframework.jdbc.datasource.init.ScriptUtils.executeSqlScript(ScriptUtils.java:488)
	... 86 common frames omitted
18:43:18.395 [main] &amp#27;[34mINFO &amp#27;[0;39m &amp#27;[36m.b.l.s.a.AuthorServiceImplTest&amp#27;[0;39m : Starting AuthorServiceImplTest on SBTOVB-SD004039 with PID 6816 (started by 16726080 in C:\Users\16726080\IdeaProjects\books\lesson12)
18:43:18.395 [main] &amp#27;[39mDEBUG&amp#27;[0;39m &amp#27;[36m.b.l.s.a.AuthorServiceImplTest&amp#27;[0;39m : Running with Spring Boot v2.1.3.RELEASE, Spring v5.1.5.RELEASE
18:43:18.395 [main] &amp#27;[34mINFO &amp#27;[0;39m &amp#27;[36m.b.l.s.a.AuthorServiceImplTest&amp#27;[0;39m : No active profile set, falling back to default profiles: default
18:43:18.840 [main] &amp#27;[34mINFO &amp#27;[0;39m &amp#27;[36mepositoryConfigurationDelegate&amp#27;[0;39m : Multiple Spring Data modules found, entering strict repository configuration mode!
18:43:18.841 [main] &amp#27;[34mINFO &amp#27;[0;39m &amp#27;[36mepositoryConfigurationDelegate&amp#27;[0;39m : Bootstrapping Spring Data repositories in DEFAULT mode.
18:43:18.879 [main] &amp#27;[34mINFO &amp#27;[0;39m &amp#27;[36myConfigurationExtensionSupport&amp#27;[0;39m : Spring Data MongoDB - Could not safely identify store assignment for repository candidate interface ru.otus.igorr.books.lesson12.repository.author.AuthorRepository.
18:43:18.879 [main] &amp#27;[34mINFO &amp#27;[0;39m &amp#27;[36myConfigurationExtensionSupport&amp#27;[0;39m : Spring Data MongoDB - Could not safely identify store assignment for repository candidate interface ru.otus.igorr.books.lesson12.repository.book.BookRepository.
18:43:18.879 [main] &amp#27;[34mINFO &amp#27;[0;39m &amp#27;[36myConfigurationExtensionSupport&amp#27;[0;39m : Spring Data MongoDB - Could not safely identify store assignment for repository candidate interface ru.otus.igorr.books.lesson12.repository.book.NoteRepository.
18:43:18.880 [main] &amp#27;[34mINFO &amp#27;[0;39m &amp#27;[36myConfigurationExtensionSupport&amp#27;[0;39m : Spring Data MongoDB - Could not safely identify store assignment for repository candidate interface ru.otus.igorr.books.lesson12.repository.genre.GenreRepository.
18:43:18.902 [main] &amp#27;[34mINFO &amp#27;[0;39m &amp#27;[36mepositoryConfigurationDelegate&amp#27;[0;39m : Finished Spring Data repository scanning in 61ms. Found 1 repository interfaces.
18:43:18.912 [main] &amp#27;[34mINFO &amp#27;[0;39m &amp#27;[36mepositoryConfigurationDelegate&amp#27;[0;39m : Multiple Spring Data modules found, entering strict repository configuration mode!
18:43:18.912 [main] &amp#27;[34mINFO &amp#27;[0;39m &amp#27;[36mepositoryConfigurationDelegate&amp#27;[0;39m : Bootstrapping Spring Data repositories in DEFAULT mode.
18:43:18.983 [main] &amp#27;[34mINFO &amp#27;[0;39m &amp#27;[36myConfigurationExtensionSupport&amp#27;[0;39m : Spring Data JPA - Could not safely identify store assignment for repository candidate interface ru.otus.igorr.books.lesson12.repository.person.PersonRepository.
18:43:19.042 [main] &amp#27;[34mINFO &amp#27;[0;39m &amp#27;[36mepositoryConfigurationDelegate&amp#27;[0;39m : Finished Spring Data repository scanning in 130ms. Found 4 repository interfaces.
18:43:19.114 [main] &amp#27;[34mINFO &amp#27;[0;39m &amp#27;[36mc.z.h.HikariDataSource        &amp#27;[0;39m : HikariPool-12 - Starting...
18:43:19.116 [main] &amp#27;[34mINFO &amp#27;[0;39m &amp#27;[36mc.z.h.HikariDataSource        &amp#27;[0;39m : HikariPool-12 - Start completed.
18:43:19.207 [main] &amp#27;[34mINFO &amp#27;[0;39m &amp#27;[36mo.h.j.i.u.LogHelper           &amp#27;[0;39m : HHH000204: Processing PersistenceUnitInfo [
	name: default
	...]
18:43:19.256 [main] &amp#27;[34mINFO &amp#27;[0;39m &amp#27;[36mo.h.d.Dialect                 &amp#27;[0;39m : HHH000400: Using dialect: org.hibernate.dialect.H2Dialect
18:43:19.361 [main] &amp#27;[34mINFO &amp#27;[0;39m &amp#27;[36mtainerEntityManagerFactoryBean&amp#27;[0;39m : Initialized JPA EntityManagerFactory for persistence unit 'default'
18:43:19.366 [main] &amp#27;[31mWARN &amp#27;[0;39m &amp#27;[36mtationConfigApplicationContext&amp#27;[0;39m : Exception encountered during context initialization - cancelling refresh attempt: org.springframework.beans.factory.BeanCreationException: Error creating bean with name 'entityManagerFactory' defined in class path resource [org/springframework/boot/autoconfigure/orm/jpa/HibernateJpaConfiguration.class]: Initialization of bean failed; nested exception is org.springframework.jdbc.datasource.init.ScriptStatementFailedException: Failed to execute SQL script statement #1 of class path resource [testdata.sql]: insert into genre(id, name, description) values(1, 'genre.1','genre.1.description'); nested exception is org.h2.jdbc.JdbcSQLException: Нарушение уникального индекса или первичного ключа: "PRIMARY KEY ON PUBLIC.GENRE(ID)"
Unique index or primary key violation: "PRIMARY KEY ON PUBLIC.GENRE(ID)"; SQL statement:
insert into genre(id, name, description) values(1, 'genre.1','genre.1.description') [23505-197]
18:43:19.366 [main] &amp#27;[34mINFO &amp#27;[0;39m &amp#27;[36mc.z.h.HikariDataSource        &amp#27;[0;39m : HikariPool-12 - Shutdown initiated...
18:43:19.369 [main] &amp#27;[34mINFO &amp#27;[0;39m &amp#27;[36mc.z.h.HikariDataSource        &amp#27;[0;39m : HikariPool-12 - Shutdown completed.
18:43:19.371 [main] &amp#27;[34mINFO &amp#27;[0;39m &amp#27;[36mvaluationReportLoggingListener&amp#27;[0;39m : 

Error starting ApplicationContext. To display the conditions report re-run your application with 'debug' enabled.
18:43:19.372 [main] &amp#27;[1;31mERROR&amp#27;[0;39m &amp#27;[36mo.s.b.SpringApplication       &amp#27;[0;39m : Application run failed
org.springframework.beans.factory.BeanCreationException: Error creating bean with name 'entityManagerFactory' defined in class path resource [org/springframework/boot/autoconfigure/orm/jpa/HibernateJpaConfiguration.class]: Initialization of bean failed; nested exception is org.springframework.jdbc.datasource.init.ScriptStatementFailedException: Failed to execute SQL script statement #1 of class path resource [testdata.sql]: insert into genre(id, name, description) values(1, 'genre.1','genre.1.description'); nested exception is org.h2.jdbc.JdbcSQLException: Нарушение уникального индекса или первичного ключа: "PRIMARY KEY ON PUBLIC.GENRE(ID)"
Unique index or primary key violation: "PRIMARY KEY ON PUBLIC.GENRE(ID)"; SQL statement:
insert into genre(id, name, description) values(1, 'genre.1','genre.1.description') [23505-197]
	at org.springframework.beans.factory.support.AbstractAutowireCapableBeanFactory.doCreateBean(AbstractAutowireCapableBeanFactory.java:601)
	at org.springframework.beans.factory.support.AbstractAutowireCapableBeanFactory.createBean(AbstractAutowireCapableBeanFactory.java:515)
	at org.springframework.beans.factory.support.AbstractBeanFactory.lambda$doGetBean$0(AbstractBeanFactory.java:320)
	at org.springframework.beans.factory.support.DefaultSingletonBeanRegistry.getSingleton(DefaultSingletonBeanRegistry.java:222)
	at org.springframework.beans.factory.support.AbstractBeanFactory.doGetBean(AbstractBeanFactory.java:318)
	at org.springframework.beans.factory.support.AbstractBeanFactory.getBean(AbstractBeanFactory.java:199)
	at org.springframework.context.support.AbstractApplicationContext.getBean(AbstractApplicationContext.java:1105)
	at org.springframework.context.support.AbstractApplicationContext.finishBeanFactoryInitialization(AbstractApplicationContext.java:867)
	at org.springframework.context.support.AbstractApplicationContext.refresh(AbstractApplicationContext.java:549)
	at org.springframework.boot.SpringApplication.refresh(SpringApplication.java:775)
	at org.springframework.boot.SpringApplication.refreshContext(SpringApplication.java:397)
	at org.springframework.boot.SpringApplication.run(SpringApplication.java:316)
	at org.springframework.boot.test.context.SpringBootContextLoader.loadContext(SpringBootContextLoader.java:127)
	at org.springframework.test.context.cache.DefaultCacheAwareContextLoaderDelegate.loadContextInternal(DefaultCacheAwareContextLoaderDelegate.java:99)
	at org.springframework.test.context.cache.DefaultCacheAwareContextLoaderDelegate.loadContext(DefaultCacheAwareContextLoaderDelegate.java:117)
	at org.springframework.test.context.support.DefaultTestContext.getApplicationContext(DefaultTestContext.java:108)
	at org.springframework.boot.test.autoconfigure.SpringBootDependencyInjectionTestExecutionListener.outputConditionEvaluationReport(SpringBootDependencyInjectionTestExecutionListener.java:54)
	at org.springframework.boot.test.autoconfigure.SpringBootDependencyInjectionTestExecutionListener.prepareTestInstance(SpringBootDependencyInjectionTestExecutionListener.java:47)
	at org.springframework.test.context.TestContextManager.prepareTestInstance(TestContextManager.java:246)
	at org.springframework.test.context.junit.jupiter.SpringExtension.postProcessTestInstance(SpringExtension.java:97)
	at org.junit.jupiter.engine.descriptor.ClassTestDescriptor.lambda$invokeTestInstancePostProcessors$5(ClassTestDescriptor.java:349)
	at org.junit.jupiter.engine.descriptor.JupiterTestDescriptor.executeAndMaskThrowable(JupiterTestDescriptor.java:215)
	at org.junit.jupiter.engine.descriptor.ClassTestDescriptor.lambda$invokeTestInstancePostProcessors$6(ClassTestDescriptor.java:349)
	at java.base/java.util.stream.ReferencePipeline$3$1.accept(ReferencePipeline.java:195)
	at java.base/java.util.stream.ReferencePipeline$2$1.accept(ReferencePipeline.java:177)
	at java.base/java.util.ArrayList$ArrayListSpliterator.forEachRemaining(ArrayList.java:1654)
	at java.base/java.util.stream.AbstractPipeline.copyInto(AbstractPipeline.java:484)
	at java.base/java.util.stream.AbstractPipeline.wrapAndCopyInto(AbstractPipeline.java:474)
	at java.base/java.util.stream.StreamSpliterators$WrappingSpliterator.forEachRemaining(StreamSpliterators.java:312)
	at java.base/java.util.stream.Streams$ConcatSpliterator.forEachRemaining(Streams.java:735)
	at java.base/java.util.stream.Streams$ConcatSpliterator.forEachRemaining(Streams.java:734)
	at java.base/java.util.stream.ReferencePipeline$Head.forEach(ReferencePipeline.java:658)
	at org.junit.jupiter.engine.descriptor.ClassTestDescriptor.invokeTestInstancePostProcessors(ClassTestDescriptor.java:348)
	at org.junit.jupiter.engine.descriptor.ClassTestDescriptor.instantiateAndPostProcessTestInstance(ClassTestDescriptor.java:270)
	at org.junit.jupiter.engine.descriptor.ClassTestDescriptor.lambda$testInstanceProvider$2(ClassTestDescriptor.java:259)
	at org.junit.jupiter.engine.descriptor.ClassTestDescriptor.lambda$testInstanceProvider$3(ClassTestDescriptor.java:263)
	at java.base/java.util.Optional.orElseGet(Optional.java:369)
	at org.junit.jupiter.engine.descriptor.ClassTestDescriptor.lambda$testInstanceProvider$4(ClassTestDescriptor.java:262)
	at org.junit.jupiter.engine.descriptor.TestMethodTestDescriptor.prepare(TestMethodTestDescriptor.java:82)
	at org.junit.jupiter.engine.descriptor.TestMethodTestDescriptor.prepare(TestMethodTestDescriptor.java:59)
	at org.junit.platform.engine.support.hierarchical.NodeTestTask.lambda$prepare$0(NodeTestTask.java:83)
	at org.junit.platform.engine.support.hierarchical.ThrowableCollector.execute(ThrowableCollector.java:72)
	at org.junit.platform.engine.support.hierarchical.NodeTestTask.prepare(NodeTestTask.java:83)
	at org.junit.platform.engine.support.hierarchical.NodeTestTask.execute(NodeTestTask.java:69)
	at java.base/java.util.ArrayList.forEach(ArrayList.java:1540)
	at org.junit.platform.engine.support.hierarchical.SameThreadHierarchicalTestExecutorService.invokeAll(SameThreadHierarchicalTestExecutorService.java:38)
	at org.junit.platform.engine.support.hierarchical.NodeTestTask.lambda$executeRecursively$4(NodeTestTask.java:112)
	at org.junit.platform.engine.support.hierarchical.ThrowableCollector.execute(ThrowableCollector.java:72)
	at org.junit.platform.engine.support.hierarchical.NodeTestTask.executeRecursively(NodeTestTask.java:98)
	at org.junit.platform.engine.support.hierarchical.NodeTestTask.execute(NodeTestTask.java:74)
	at java.base/java.util.ArrayList.forEach(ArrayList.java:1540)
	at org.junit.platform.engine.support.hierarchical.SameThreadHierarchicalTestExecutorService.invokeAll(SameThreadHierarchicalTestExecutorService.java:38)
	at org.junit.platform.engine.support.hierarchical.NodeTestTask.lambda$executeRecursively$4(NodeTestTask.java:112)
	at org.junit.platform.engine.support.hierarchical.ThrowableCollector.execute(ThrowableCollector.java:72)
	at org.junit.platform.engine.support.hierarchical.NodeTestTask.executeRecursively(NodeTestTask.java:98)
	at org.junit.platform.engine.support.hierarchical.NodeTestTask.execute(NodeTestTask.java:74)
	at org.junit.platform.engine.support.hierarchical.SameThreadHierarchicalTestExecutorService.submit(SameThreadHierarchicalTestExecutorService.java:32)
	at org.junit.platform.engine.support.hierarchical.HierarchicalTestExecutor.execute(HierarchicalTestExecutor.java:57)
	at org.junit.platform.engine.support.hierarchical.HierarchicalTestEngine.execute(HierarchicalTestEngine.java:51)
	at org.junit.platform.launcher.core.DefaultLauncher.execute(DefaultLauncher.java:220)
	at org.junit.platform.launcher.core.DefaultLauncher.lambda$execute$6(DefaultLauncher.java:188)
	at org.junit.platform.launcher.core.DefaultLauncher.withInterceptedStreams(DefaultLauncher.java:202)
	at org.junit.platform.launcher.core.DefaultLauncher.execute(DefaultLauncher.java:181)
	at org.junit.platform.launcher.core.DefaultLauncher.execute(DefaultLauncher.java:128)
	at org.apache.maven.surefire.junitplatform.JUnitPlatformProvider.invokeAllTests(JUnitPlatformProvider.java:142)
	at org.apache.maven.surefire.junitplatform.JUnitPlatformProvider.invoke(JUnitPlatformProvider.java:117)
	at org.apache.maven.surefire.booter.ForkedBooter.invokeProviderInSameClassLoader(ForkedBooter.java:384)
	at org.apache.maven.surefire.booter.ForkedBooter.runSuitesInProcess(ForkedBooter.java:345)
	at org.apache.maven.surefire.booter.ForkedBooter.execute(ForkedBooter.java:126)
	at org.apache.maven.surefire.booter.ForkedBooter.main(ForkedBooter.java:418)
Caused by: org.springframework.jdbc.datasource.init.ScriptStatementFailedException: Failed to execute SQL script statement #1 of class path resource [testdata.sql]: insert into genre(id, name, description) values(1, 'genre.1','genre.1.description'); nested exception is org.h2.jdbc.JdbcSQLException: Нарушение уникального индекса или первичного ключа: "PRIMARY KEY ON PUBLIC.GENRE(ID)"
Unique index or primary key violation: "PRIMARY KEY ON PUBLIC.GENRE(ID)"; SQL statement:
insert into genre(id, name, description) values(1, 'genre.1','genre.1.description') [23505-197]
	at org.springframework.jdbc.datasource.init.ScriptUtils.executeSqlScript(ScriptUtils.java:509)
	at org.springframework.jdbc.datasource.init.ResourceDatabasePopulator.populate(ResourceDatabasePopulator.java:238)
	at org.springframework.jdbc.datasource.init.DatabasePopulatorUtils.execute(DatabasePopulatorUtils.java:48)
	at org.springframework.boot.autoconfigure.jdbc.DataSourceInitializer.runScripts(DataSourceInitializer.java:210)
	at org.springframework.boot.autoconfigure.jdbc.DataSourceInitializer.initSchema(DataSourceInitializer.java:123)
	at org.springframework.boot.autoconfigure.jdbc.DataSourceInitializerInvoker.onApplicationEvent(DataSourceInitializerInvoker.java:93)
	at org.springframework.boot.autoconfigure.jdbc.DataSourceInitializerInvoker.onApplicationEvent(DataSourceInitializerInvoker.java:37)
	at org.springframework.context.event.SimpleApplicationEventMulticaster.doInvokeListener(SimpleApplicationEventMulticaster.java:172)
	at org.springframework.context.event.SimpleApplicationEventMulticaster.invokeListener(SimpleApplicationEventMulticaster.java:165)
	at org.springframework.context.event.SimpleApplicationEventMulticaster.multicastEvent(SimpleApplicationEventMulticaster.java:139)
	at org.springframework.context.support.AbstractApplicationContext.publishEvent(AbstractApplicationContext.java:402)
	at org.springframework.context.support.AbstractApplicationContext.publishEvent(AbstractApplicationContext.java:359)
	at org.springframework.boot.autoconfigure.orm.jpa.DataSourceInitializedPublisher.publishEventIfRequired(DataSourceInitializedPublisher.java:98)
	at org.springframework.boot.autoconfigure.orm.jpa.DataSourceInitializedPublisher.postProcessAfterInitialization(DataSourceInitializedPublisher.java:88)
	at org.springframework.beans.factory.support.AbstractAutowireCapableBeanFactory.applyBeanPostProcessorsAfterInitialization(AbstractAutowireCapableBeanFactory.java:429)
	at org.springframework.beans.factory.support.AbstractAutowireCapableBeanFactory.initializeBean(AbstractAutowireCapableBeanFactory.java:1766)
	at org.springframework.beans.factory.support.AbstractAutowireCapableBeanFactory.doCreateBean(AbstractAutowireCapableBeanFactory.java:593)
	... 69 common frames omitted
Caused by: org.h2.jdbc.JdbcSQLException: Нарушение уникального индекса или первичного ключа: "PRIMARY KEY ON PUBLIC.GENRE(ID)"
Unique index or primary key violation: "PRIMARY KEY ON PUBLIC.GENRE(ID)"; SQL statement:
insert into genre(id, name, description) values(1, 'genre.1','genre.1.description') [23505-197]
	at org.h2.message.DbException.getJdbcSQLException(DbException.java:357)
	at org.h2.message.DbException.get(DbException.java:179)
	at org.h2.message.DbException.get(DbException.java:155)
	at org.h2.mvstore.db.MVPrimaryIndex.add(MVPrimaryIndex.java:123)
	at org.h2.mvstore.db.MVTable.addRow(MVTable.java:732)
	at org.h2.command.dml.Insert.insertRows(Insert.java:182)
	at org.h2.command.dml.Insert.update(Insert.java:134)
	at org.h2.command.CommandContainer.update(CommandContainer.java:102)
	at org.h2.command.Command.executeUpdate(Command.java:261)
	at org.h2.jdbc.JdbcStatement.executeInternal(JdbcStatement.java:233)
	at org.h2.jdbc.JdbcStatement.execute(JdbcStatement.java:205)
	at com.zaxxer.hikari.pool.ProxyStatement.execute(ProxyStatement.java:95)
	at com.zaxxer.hikari.pool.HikariProxyStatement.execute(HikariProxyStatement.java)
	at org.springframework.jdbc.datasource.init.ScriptUtils.executeSqlScript(ScriptUtils.java:488)
	... 85 common frames omitted
18:43:19.373 [main] &amp#27;[1;31mERROR&amp#27;[0;39m &amp#27;[36mo.s.t.c.TestContextManager    &amp#27;[0;39m : Caught exception while allowing TestExecutionListener [org.springframework.boot.test.autoconfigure.SpringBootDependencyInjectionTestExecutionListener@5e9a9683] to prepare test instance [ru.otus.igorr.books.lesson12.service.author.AuthorServiceImplTest@5f18f8a1]
java.lang.IllegalStateException: Failed to load ApplicationContext
	at org.springframework.test.context.cache.DefaultCacheAwareContextLoaderDelegate.loadContext(DefaultCacheAwareContextLoaderDelegate.java:125)
	at org.springframework.test.context.support.DefaultTestContext.getApplicationContext(DefaultTestContext.java:108)
	at org.springframework.test.context.support.DependencyInjectionTestExecutionListener.injectDependencies(DependencyInjectionTestExecutionListener.java:118)
	at org.springframework.test.context.support.DependencyInjectionTestExecutionListener.prepareTestInstance(DependencyInjectionTestExecutionListener.java:83)
	at org.springframework.boot.test.autoconfigure.SpringBootDependencyInjectionTestExecutionListener.prepareTestInstance(SpringBootDependencyInjectionTestExecutionListener.java:44)
	at org.springframework.test.context.TestContextManager.prepareTestInstance(TestContextManager.java:246)
	at org.springframework.test.context.junit.jupiter.SpringExtension.postProcessTestInstance(SpringExtension.java:97)
	at org.junit.jupiter.engine.descriptor.ClassTestDescriptor.lambda$invokeTestInstancePostProcessors$5(ClassTestDescriptor.java:349)
	at org.junit.jupiter.engine.descriptor.JupiterTestDescriptor.executeAndMaskThrowable(JupiterTestDescriptor.java:215)
	at org.junit.jupiter.engine.descriptor.ClassTestDescriptor.lambda$invokeTestInstancePostProcessors$6(ClassTestDescriptor.java:349)
	at java.base/java.util.stream.ReferencePipeline$3$1.accept(ReferencePipeline.java:195)
	at java.base/java.util.stream.ReferencePipeline$2$1.accept(ReferencePipeline.java:177)
	at java.base/java.util.ArrayList$ArrayListSpliterator.forEachRemaining(ArrayList.java:1654)
	at java.base/java.util.stream.AbstractPipeline.copyInto(AbstractPipeline.java:484)
	at java.base/java.util.stream.AbstractPipeline.wrapAndCopyInto(AbstractPipeline.java:474)
	at java.base/java.util.stream.StreamSpliterators$WrappingSpliterator.forEachRemaining(StreamSpliterators.java:312)
	at java.base/java.util.stream.Streams$ConcatSpliterator.forEachRemaining(Streams.java:735)
	at java.base/java.util.stream.Streams$ConcatSpliterator.forEachRemaining(Streams.java:734)
	at java.base/java.util.stream.ReferencePipeline$Head.forEach(ReferencePipeline.java:658)
	at org.junit.jupiter.engine.descriptor.ClassTestDescriptor.invokeTestInstancePostProcessors(ClassTestDescriptor.java:348)
	at org.junit.jupiter.engine.descriptor.ClassTestDescriptor.instantiateAndPostProcessTestInstance(ClassTestDescriptor.java:270)
	at org.junit.jupiter.engine.descriptor.ClassTestDescriptor.lambda$testInstanceProvider$2(ClassTestDescriptor.java:259)
	at org.junit.jupiter.engine.descriptor.ClassTestDescriptor.lambda$testInstanceProvider$3(ClassTestDescriptor.java:263)
	at java.base/java.util.Optional.orElseGet(Optional.java:369)
	at org.junit.jupiter.engine.descriptor.ClassTestDescriptor.lambda$testInstanceProvider$4(ClassTestDescriptor.java:262)
	at org.junit.jupiter.engine.descriptor.TestMethodTestDescriptor.prepare(TestMethodTestDescriptor.java:82)
	at org.junit.jupiter.engine.descriptor.TestMethodTestDescriptor.prepare(TestMethodTestDescriptor.java:59)
	at org.junit.platform.engine.support.hierarchical.NodeTestTask.lambda$prepare$0(NodeTestTask.java:83)
	at org.junit.platform.engine.support.hierarchical.ThrowableCollector.execute(ThrowableCollector.java:72)
	at org.junit.platform.engine.support.hierarchical.NodeTestTask.prepare(NodeTestTask.java:83)
	at org.junit.platform.engine.support.hierarchical.NodeTestTask.execute(NodeTestTask.java:69)
	at java.base/java.util.ArrayList.forEach(ArrayList.java:1540)
	at org.junit.platform.engine.support.hierarchical.SameThreadHierarchicalTestExecutorService.invokeAll(SameThreadHierarchicalTestExecutorService.java:38)
	at org.junit.platform.engine.support.hierarchical.NodeTestTask.lambda$executeRecursively$4(NodeTestTask.java:112)
	at org.junit.platform.engine.support.hierarchical.ThrowableCollector.execute(ThrowableCollector.java:72)
	at org.junit.platform.engine.support.hierarchical.NodeTestTask.executeRecursively(NodeTestTask.java:98)
	at org.junit.platform.engine.support.hierarchical.NodeTestTask.execute(NodeTestTask.java:74)
	at java.base/java.util.ArrayList.forEach(ArrayList.java:1540)
	at org.junit.platform.engine.support.hierarchical.SameThreadHierarchicalTestExecutorService.invokeAll(SameThreadHierarchicalTestExecutorService.java:38)
	at org.junit.platform.engine.support.hierarchical.NodeTestTask.lambda$executeRecursively$4(NodeTestTask.java:112)
	at org.junit.platform.engine.support.hierarchical.ThrowableCollector.execute(ThrowableCollector.java:72)
	at org.junit.platform.engine.support.hierarchical.NodeTestTask.executeRecursively(NodeTestTask.java:98)
	at org.junit.platform.engine.support.hierarchical.NodeTestTask.execute(NodeTestTask.java:74)
	at org.junit.platform.engine.support.hierarchical.SameThreadHierarchicalTestExecutorService.submit(SameThreadHierarchicalTestExecutorService.java:32)
	at org.junit.platform.engine.support.hierarchical.HierarchicalTestExecutor.execute(HierarchicalTestExecutor.java:57)
	at org.junit.platform.engine.support.hierarchical.HierarchicalTestEngine.execute(HierarchicalTestEngine.java:51)
	at org.junit.platform.launcher.core.DefaultLauncher.execute(DefaultLauncher.java:220)
	at org.junit.platform.launcher.core.DefaultLauncher.lambda$execute$6(DefaultLauncher.java:188)
	at org.junit.platform.launcher.core.DefaultLauncher.withInterceptedStreams(DefaultLauncher.java:202)
	at org.junit.platform.launcher.core.DefaultLauncher.execute(DefaultLauncher.java:181)
	at org.junit.platform.launcher.core.DefaultLauncher.execute(DefaultLauncher.java:128)
	at org.apache.maven.surefire.junitplatform.JUnitPlatformProvider.invokeAllTests(JUnitPlatformProvider.java:142)
	at org.apache.maven.surefire.junitplatform.JUnitPlatformProvider.invoke(JUnitPlatformProvider.java:117)
	at org.apache.maven.surefire.booter.ForkedBooter.invokeProviderInSameClassLoader(ForkedBooter.java:384)
	at org.apache.maven.surefire.booter.ForkedBooter.runSuitesInProcess(ForkedBooter.java:345)
	at org.apache.maven.surefire.booter.ForkedBooter.execute(ForkedBooter.java:126)
	at org.apache.maven.surefire.booter.ForkedBooter.main(ForkedBooter.java:418)
Caused by: org.springframework.beans.factory.BeanCreationException: Error creating bean with name 'entityManagerFactory' defined in class path resource [org/springframework/boot/autoconfigure/orm/jpa/HibernateJpaConfiguration.class]: Initialization of bean failed; nested exception is org.springframework.jdbc.datasource.init.ScriptStatementFailedException: Failed to execute SQL script statement #1 of class path resource [testdata.sql]: insert into genre(id, name, description) values(1, 'genre.1','genre.1.description'); nested exception is org.h2.jdbc.JdbcSQLException: Нарушение уникального индекса или первичного ключа: "PRIMARY KEY ON PUBLIC.GENRE(ID)"
Unique index or primary key violation: "PRIMARY KEY ON PUBLIC.GENRE(ID)"; SQL statement:
insert into genre(id, name, description) values(1, 'genre.1','genre.1.description') [23505-197]
	at org.springframework.beans.factory.support.AbstractAutowireCapableBeanFactory.doCreateBean(AbstractAutowireCapableBeanFactory.java:601)
	at org.springframework.beans.factory.support.AbstractAutowireCapableBeanFactory.createBean(AbstractAutowireCapableBeanFactory.java:515)
	at org.springframework.beans.factory.support.AbstractBeanFactory.lambda$doGetBean$0(AbstractBeanFactory.java:320)
	at org.springframework.beans.factory.support.DefaultSingletonBeanRegistry.getSingleton(DefaultSingletonBeanRegistry.java:222)
	at org.springframework.beans.factory.support.AbstractBeanFactory.doGetBean(AbstractBeanFactory.java:318)
	at org.springframework.beans.factory.support.AbstractBeanFactory.getBean(AbstractBeanFactory.java:199)
	at org.springframework.context.support.AbstractApplicationContext.getBean(AbstractApplicationContext.java:1105)
	at org.springframework.context.support.AbstractApplicationContext.finishBeanFactoryInitialization(AbstractApplicationContext.java:867)
	at org.springframework.context.support.AbstractApplicationContext.refresh(AbstractApplicationContext.java:549)
	at org.springframework.boot.SpringApplication.refresh(SpringApplication.java:775)
	at org.springframework.boot.SpringApplication.refreshContext(SpringApplication.java:397)
	at org.springframework.boot.SpringApplication.run(SpringApplication.java:316)
	at org.springframework.boot.test.context.SpringBootContextLoader.loadContext(SpringBootContextLoader.java:127)
	at org.springframework.test.context.cache.DefaultCacheAwareContextLoaderDelegate.loadContextInternal(DefaultCacheAwareContextLoaderDelegate.java:99)
	at org.springframework.test.context.cache.DefaultCacheAwareContextLoaderDelegate.loadContext(DefaultCacheAwareContextLoaderDelegate.java:117)
	... 56 common frames omitted
Caused by: org.springframework.jdbc.datasource.init.ScriptStatementFailedException: Failed to execute SQL script statement #1 of class path resource [testdata.sql]: insert into genre(id, name, description) values(1, 'genre.1','genre.1.description'); nested exception is org.h2.jdbc.JdbcSQLException: Нарушение уникального индекса или первичного ключа: "PRIMARY KEY ON PUBLIC.GENRE(ID)"
Unique index or primary key violation: "PRIMARY KEY ON PUBLIC.GENRE(ID)"; SQL statement:
insert into genre(id, name, description) values(1, 'genre.1','genre.1.description') [23505-197]
	at org.springframework.jdbc.datasource.init.ScriptUtils.executeSqlScript(ScriptUtils.java:509)
	at org.springframework.jdbc.datasource.init.ResourceDatabasePopulator.populate(ResourceDatabasePopulator.java:238)
	at org.springframework.jdbc.datasource.init.DatabasePopulatorUtils.execute(DatabasePopulatorUtils.java:48)
	at org.springframework.boot.autoconfigure.jdbc.DataSourceInitializer.runScripts(DataSourceInitializer.java:210)
	at org.springframework.boot.autoconfigure.jdbc.DataSourceInitializer.initSchema(DataSourceInitializer.java:123)
	at org.springframework.boot.autoconfigure.jdbc.DataSourceInitializerInvoker.onApplicationEvent(DataSourceInitializerInvoker.java:93)
	at org.springframework.boot.autoconfigure.jdbc.DataSourceInitializerInvoker.onApplicationEvent(DataSourceInitializerInvoker.java:37)
	at org.springframework.context.event.SimpleApplicationEventMulticaster.doInvokeListener(SimpleApplicationEventMulticaster.java:172)
	at org.springframework.context.event.SimpleApplicationEventMulticaster.invokeListener(SimpleApplicationEventMulticaster.java:165)
	at org.springframework.context.event.SimpleApplicationEventMulticaster.multicastEvent(SimpleApplicationEventMulticaster.java:139)
	at org.springframework.context.support.AbstractApplicationContext.publishEvent(AbstractApplicationContext.java:402)
	at org.springframework.context.support.AbstractApplicationContext.publishEvent(AbstractApplicationContext.java:359)
	at org.springframework.boot.autoconfigure.orm.jpa.DataSourceInitializedPublisher.publishEventIfRequired(DataSourceInitializedPublisher.java:98)
	at org.springframework.boot.autoconfigure.orm.jpa.DataSourceInitializedPublisher.postProcessAfterInitialization(DataSourceInitializedPublisher.java:88)
	at org.springframework.beans.factory.support.AbstractAutowireCapableBeanFactory.applyBeanPostProcessorsAfterInitialization(AbstractAutowireCapableBeanFactory.java:429)
	at org.springframework.beans.factory.support.AbstractAutowireCapableBeanFactory.initializeBean(AbstractAutowireCapableBeanFactory.java:1766)
	at org.springframework.beans.factory.support.AbstractAutowireCapableBeanFactory.doCreateBean(AbstractAutowireCapableBeanFactory.java:593)
	... 70 common frames omitted
Caused by: org.h2.jdbc.JdbcSQLException: Нарушение уникального индекса или первичного ключа: "PRIMARY KEY ON PUBLIC.GENRE(ID)"
Unique index or primary key violation: "PRIMARY KEY ON PUBLIC.GENRE(ID)"; SQL statement:
insert into genre(id, name, description) values(1, 'genre.1','genre.1.description') [23505-197]
	at org.h2.message.DbException.getJdbcSQLException(DbException.java:357)
	at org.h2.message.DbException.get(DbException.java:179)
	at org.h2.message.DbException.get(DbException.java:155)
	at org.h2.mvstore.db.MVPrimaryIndex.add(MVPrimaryIndex.java:123)
	at org.h2.mvstore.db.MVTable.addRow(MVTable.java:732)
	at org.h2.command.dml.Insert.insertRows(Insert.java:182)
	at org.h2.command.dml.Insert.update(Insert.java:134)
	at org.h2.command.CommandContainer.update(CommandContainer.java:102)
	at org.h2.command.Command.executeUpdate(Command.java:261)
	at org.h2.jdbc.JdbcStatement.executeInternal(JdbcStatement.java:233)
	at org.h2.jdbc.JdbcStatement.execute(JdbcStatement.java:205)
	at com.zaxxer.hikari.pool.ProxyStatement.execute(ProxyStatement.java:95)
	at com.zaxxer.hikari.pool.HikariProxyStatement.execute(HikariProxyStatement.java)
	at org.springframework.jdbc.datasource.init.ScriptUtils.executeSqlScript(ScriptUtils.java:488)
	... 86 common frames omitted
]]></system-out>
  </testcase>
</testsuite>